<?xml version="1.0" encoding="UTF-8"?>
<coverage generated="1765775812503" clover="3.2.0">
  <project timestamp="1765775812504" name="All files">
    <metrics statements="298" coveredstatements="253" conditionals="198" coveredconditionals="154" methods="69" coveredmethods="56" elements="565" coveredelements="463" complexity="0" loc="298" ncloc="298" packages="7" files="9" classes="9"/>
    <package name="Button">
      <metrics statements="5" coveredstatements="5" conditionals="3" coveredconditionals="3" methods="1" coveredmethods="1"/>
      <file name="Button.tsx" path="C:\Users\user\Documents\projects\js_NTV\ui-library\src\Button\Button.tsx">
        <metrics statements="5" coveredstatements="5" conditionals="3" coveredconditionals="3" methods="1" coveredmethods="1"/>
        <line num="1" count="1" type="stmt"/>
        <line num="2" count="1" type="stmt"/>
        <line num="12" count="1" type="stmt"/>
        <line num="19" count="10" type="stmt"/>
        <line num="30" count="1" type="stmt"/>
      </file>
    </package>
    <package name="Canvas">
      <metrics statements="153" coveredstatements="113" conditionals="88" coveredconditionals="63" methods="43" coveredmethods="30"/>
      <file name="NetworkCanvas.tsx" path="C:\Users\user\Documents\projects\js_NTV\ui-library\src\Canvas\NetworkCanvas.tsx">
        <metrics statements="65" coveredstatements="31" conditionals="25" coveredconditionals="13" methods="16" coveredmethods="6"/>
        <line num="1" count="3" type="stmt"/>
        <line num="3" count="3" type="stmt"/>
        <line num="17" count="3" type="stmt"/>
        <line num="19" count="3" type="stmt"/>
        <line num="20" count="3" type="stmt"/>
        <line num="21" count="3" type="stmt"/>
        <line num="46" count="3" type="stmt"/>
        <line num="50" count="3" type="stmt"/>
        <line num="51" count="3" type="stmt"/>
        <line num="53" count="3" type="stmt"/>
        <line num="54" count="5" type="stmt"/>
        <line num="55" count="4" type="stmt"/>
        <line num="56" count="4" type="stmt"/>
        <line num="57" count="0" type="stmt"/>
        <line num="59" count="0" type="stmt"/>
        <line num="61" count="0" type="stmt"/>
        <line num="62" count="0" type="stmt"/>
        <line num="64" count="0" type="cond" truecount="0" falsecount="4"/>
        <line num="65" count="0" type="stmt"/>
        <line num="67" count="0" type="stmt"/>
        <line num="70" count="0" type="stmt"/>
        <line num="72" count="0" type="cond" truecount="0" falsecount="2"/>
        <line num="73" count="0" type="stmt"/>
        <line num="75" count="0" type="stmt"/>
        <line num="78" count="0" type="stmt"/>
        <line num="80" count="0" type="stmt"/>
        <line num="81" count="0" type="stmt"/>
        <line num="83" count="0" type="stmt"/>
        <line num="95" count="0" type="stmt"/>
        <line num="96" count="0" type="stmt"/>
        <line num="97" count="0" type="stmt"/>
        <line num="102" count="0" type="stmt"/>
        <line num="103" count="0" type="stmt"/>
        <line num="104" count="0" type="stmt"/>
        <line num="107" count="0" type="stmt"/>
        <line num="108" count="0" type="stmt"/>
        <line num="109" count="0" type="stmt"/>
        <line num="112" count="0" type="stmt"/>
        <line num="113" count="0" type="stmt"/>
        <line num="126" count="0" type="stmt"/>
        <line num="131" count="0" type="stmt"/>
        <line num="132" count="0" type="stmt"/>
        <line num="134" count="0" type="stmt"/>
        <line num="137" count="0" type="stmt"/>
        <line num="138" count="0" type="stmt"/>
        <line num="140" count="0" type="stmt"/>
        <line num="143" count="0" type="stmt"/>
        <line num="176" count="3" type="stmt"/>
        <line num="177" count="3" type="stmt"/>
        <line num="185" count="3" type="cond" truecount="0" falsecount="2"/>
        <line num="186" count="5" type="stmt"/>
        <line num="202" count="3" type="stmt"/>
        <line num="212" count="3" type="stmt"/>
        <line num="213" count="4" type="stmt"/>
        <line num="215" count="3" type="cond" truecount="4" falsecount="0"/>
        <line num="216" count="1" type="stmt"/>
        <line num="219" count="2" type="stmt"/>
        <line num="221" count="2" type="cond" truecount="2" falsecount="0"/>
        <line num="222" count="1" type="stmt"/>
        <line num="225" count="1" type="stmt"/>
        <line num="227" count="1" type="stmt"/>
        <line num="228" count="1" type="stmt"/>
        <line num="230" count="1" type="stmt"/>
        <line num="242" count="1" type="stmt"/>
        <line num="245" count="3" type="stmt"/>
      </file>
      <file name="Toolbar.tsx" path="C:\Users\user\Documents\projects\js_NTV\ui-library\src\Canvas\Toolbar.tsx">
        <metrics statements="88" coveredstatements="82" conditionals="63" coveredconditionals="50" methods="27" coveredmethods="24"/>
        <line num="1" count="5" type="stmt"/>
        <line num="5" count="5" type="stmt"/>
        <line num="6" count="5" type="stmt"/>
        <line num="24" count="5" type="stmt"/>
        <line num="33" count="38" type="stmt"/>
        <line num="34" count="38" type="stmt"/>
        <line num="35" count="38" type="stmt"/>
        <line num="36" count="38" type="stmt"/>
        <line num="37" count="38" type="stmt"/>
        <line num="38" count="38" type="stmt"/>
        <line num="40" count="38" type="stmt"/>
        <line num="41" count="10" type="cond" truecount="2" falsecount="0"/>
        <line num="42" count="4" type="stmt"/>
        <line num="44" count="4" type="cond" truecount="2" falsecount="0"/>
        <line num="45" count="4" type="cond" truecount="2" falsecount="0"/>
        <line num="46" count="4" type="stmt"/>
        <line num="49" count="10" type="cond" truecount="2" falsecount="0"/>
        <line num="50" count="3" type="cond" truecount="1" falsecount="1"/>
        <line num="52" count="3" type="cond" truecount="2" falsecount="0"/>
        <line num="53" count="3" type="cond" truecount="1" falsecount="1"/>
        <line num="57" count="38" type="stmt"/>
        <line num="58" count="1" type="stmt"/>
        <line num="61" count="38" type="stmt"/>
        <line num="62" count="0" type="stmt"/>
        <line num="64" count="0" type="cond" truecount="0" falsecount="2"/>
        <line num="65" count="0" type="stmt"/>
        <line num="73" count="38" type="stmt"/>
        <line num="74" count="7" type="cond" truecount="3" falsecount="1"/>
        <line num="75" count="7" type="stmt"/>
        <line num="77" count="7" type="cond" truecount="1" falsecount="1"/>
        <line num="78" count="7" type="stmt"/>
        <line num="80" count="7" type="stmt"/>
        <line num="81" count="22" type="stmt"/>
        <line num="83" count="22" type="cond" truecount="2" falsecount="0"/>
        <line num="87" count="38" type="stmt"/>
        <line num="88" count="5" type="cond" truecount="3" falsecount="1"/>
        <line num="89" count="5" type="stmt"/>
        <line num="91" count="5" type="cond" truecount="1" falsecount="1"/>
        <line num="92" count="5" type="stmt"/>
        <line num="94" count="5" type="stmt"/>
        <line num="95" count="17" type="stmt"/>
        <line num="97" count="17" type="cond" truecount="2" falsecount="0"/>
        <line num="101" count="38" type="stmt"/>
        <line num="102" count="4" type="cond" truecount="3" falsecount="1"/>
        <line num="104" count="4" type="stmt"/>
        <line num="105" count="5" type="cond" truecount="3" falsecount="0"/>
        <line num="111" count="38" type="stmt"/>
        <line num="118" count="38" type="stmt"/>
        <line num="122" count="38" type="stmt"/>
        <line num="133" count="152" type="stmt"/>
        <line num="147" count="1" type="stmt"/>
        <line num="158" count="38" type="stmt"/>
        <line num="172" count="1" type="stmt"/>
        <line num="193" count="2" type="stmt"/>
        <line num="222" count="0" type="stmt"/>
        <line num="252" count="7" type="stmt"/>
        <line num="265" count="5" type="stmt"/>
        <line num="283" count="7" type="cond" truecount="2" falsecount="0"/>
        <line num="284" count="2" type="stmt"/>
        <line num="286" count="2" type="stmt"/>
        <line num="289" count="5" type="cond" truecount="2" falsecount="0"/>
        <line num="290" count="1" type="stmt"/>
        <line num="292" count="1" type="stmt"/>
        <line num="295" count="4" type="cond" truecount="2" falsecount="0"/>
        <line num="296" count="2" type="stmt"/>
        <line num="298" count="2" type="stmt"/>
        <line num="302" count="2" type="stmt"/>
        <line num="303" count="3" type="cond" truecount="2" falsecount="0"/>
        <line num="304" count="2" type="stmt"/>
        <line num="306" count="2" type="stmt"/>
        <line num="309" count="1" type="stmt"/>
        <line num="312" count="2" type="stmt"/>
        <line num="313" count="2" type="stmt"/>
        <line num="322" count="1" type="cond" truecount="1" falsecount="1"/>
        <line num="323" count="1" type="cond" truecount="1" falsecount="1"/>
        <line num="324" count="1" type="stmt"/>
        <line num="351" count="1" type="stmt"/>
        <line num="355" count="21" type="cond" truecount="1" falsecount="1"/>
        <line num="364" count="0" type="stmt"/>
        <line num="377" count="1" type="stmt"/>
        <line num="378" count="1" type="cond" truecount="1" falsecount="1"/>
        <line num="379" count="1" type="stmt"/>
        <line num="381" count="1" type="stmt"/>
        <line num="388" count="0" type="stmt"/>
        <line num="391" count="1" type="stmt"/>
        <line num="400" count="1" type="stmt"/>
        <line num="401" count="1" type="stmt"/>
        <line num="414" count="5" type="stmt"/>
      </file>
    </package>
    <package name="Canvas.CustomNodes">
      <metrics statements="12" coveredstatements="12" conditionals="10" coveredconditionals="8" methods="3" coveredmethods="3"/>
      <file name="CustomNode.tsx" path="C:\Users\user\Documents\projects\js_NTV\ui-library\src\Canvas\CustomNodes\CustomNode.tsx">
        <metrics statements="12" coveredstatements="12" conditionals="10" coveredconditionals="8" methods="3" coveredmethods="3"/>
        <line num="1" count="4" type="stmt"/>
        <line num="3" count="4" type="stmt"/>
        <line num="13" count="4" type="stmt"/>
        <line num="14" count="2" type="stmt"/>
        <line num="15" count="2" type="stmt"/>
        <line num="23" count="2" type="cond" truecount="1" falsecount="1"/>
        <line num="26" count="2" type="stmt"/>
        <line num="27" count="2" type="stmt"/>
        <line num="35" count="2" type="cond" truecount="1" falsecount="1"/>
        <line num="38" count="2" type="stmt"/>
        <line num="68" count="4" type="stmt"/>
        <line num="70" count="4" type="stmt"/>
      </file>
    </package>
    <package name="FileUpload">
      <metrics statements="11" coveredstatements="11" conditionals="5" coveredconditionals="5" methods="3" coveredmethods="3"/>
      <file name="FileUpload.tsx" path="C:\Users\user\Documents\projects\js_NTV\ui-library\src\FileUpload\FileUpload.tsx">
        <metrics statements="11" coveredstatements="11" conditionals="5" coveredconditionals="5" methods="3" coveredmethods="3"/>
        <line num="1" count="1" type="stmt"/>
        <line num="2" count="1" type="stmt"/>
        <line num="11" count="1" type="stmt"/>
        <line num="17" count="11" type="stmt"/>
        <line num="19" count="11" type="stmt"/>
        <line num="20" count="4" type="stmt"/>
        <line num="22" count="4" type="cond" truecount="2" falsecount="0"/>
        <line num="23" count="3" type="stmt"/>
        <line num="27" count="11" type="stmt"/>
        <line num="39" count="1" type="stmt"/>
        <line num="49" count="1" type="stmt"/>
      </file>
    </package>
    <package name="Layout">
      <metrics statements="12" coveredstatements="12" conditionals="16" coveredconditionals="10" methods="3" coveredmethods="3"/>
      <file name="Header.tsx" path="C:\Users\user\Documents\projects\js_NTV\ui-library\src\Layout\Header.tsx">
        <metrics statements="12" coveredstatements="12" conditionals="16" coveredconditionals="10" methods="3" coveredmethods="3"/>
        <line num="3" count="1" type="stmt"/>
        <line num="15" count="1" type="stmt"/>
        <line num="16" count="2" type="stmt"/>
        <line num="17" count="2" type="stmt"/>
        <line num="19" count="2" type="stmt"/>
        <line num="20" count="1" type="cond" truecount="1" falsecount="1"/>
        <line num="21" count="1" type="stmt"/>
        <line num="23" count="1" type="stmt"/>
        <line num="26" count="2" type="stmt"/>
        <line num="27" count="2" type="cond" truecount="1" falsecount="1"/>
        <line num="30" count="2" type="stmt"/>
        <line num="89" count="1" type="stmt"/>
      </file>
    </package>
    <package name="Modal">
      <metrics statements="7" coveredstatements="7" conditionals="4" coveredconditionals="4" methods="2" coveredmethods="2"/>
      <file name="Modal.tsx" path="C:\Users\user\Documents\projects\js_NTV\ui-library\src\Modal\Modal.tsx">
        <metrics statements="7" coveredstatements="7" conditionals="4" coveredconditionals="4" methods="2" coveredmethods="2"/>
        <line num="1" count="1" type="stmt"/>
        <line num="2" count="1" type="stmt"/>
        <line num="11" count="1" type="stmt"/>
        <line num="12" count="11" type="cond" truecount="2" falsecount="0"/>
        <line num="14" count="10" type="stmt"/>
        <line num="16" count="3" type="stmt"/>
        <line num="31" count="1" type="stmt"/>
      </file>
    </package>
    <package name="utils">
      <metrics statements="98" coveredstatements="93" conditionals="72" coveredconditionals="61" methods="14" coveredmethods="14"/>
      <file name="connectionLogic.ts" path="C:\Users\user\Documents\projects\js_NTV\ui-library\src\utils\connectionLogic.ts">
        <metrics statements="70" coveredstatements="65" conditionals="68" coveredconditionals="57" methods="11" coveredmethods="11"/>
        <line num="5" count="7" type="stmt"/>
        <line num="11" count="7" type="stmt"/>
        <line num="29" count="7" type="stmt"/>
        <line num="70" count="7" type="cond" truecount="0" falsecount="2"/>
        <line num="71" count="4" type="cond" truecount="1" falsecount="1"/>
        <line num="72" count="4" type="cond" truecount="1" falsecount="1"/>
        <line num="74" count="4" type="cond" truecount="2" falsecount="0"/>
        <line num="76" count="4" type="stmt"/>
        <line num="84" count="7" type="stmt"/>
        <line num="85" count="23" type="cond" truecount="4" falsecount="0"/>
        <line num="87" count="21" type="stmt"/>
        <line num="88" count="21" type="stmt"/>
        <line num="89" count="21" type="stmt"/>
        <line num="91" count="21" type="cond" truecount="4" falsecount="0"/>
        <line num="92" count="3" type="stmt"/>
        <line num="95" count="18" type="stmt"/>
        <line num="96" count="69" type="cond" truecount="8" falsecount="0"/>
        <line num="99" count="1" type="stmt"/>
        <line num="103" count="68" type="stmt"/>
        <line num="105" count="17" type="stmt"/>
        <line num="107" count="0" type="stmt"/>
        <line num="109" count="0" type="stmt"/>
        <line num="113" count="7" type="stmt"/>
        <line num="114" count="7" type="stmt"/>
        <line num="115" count="7" type="stmt"/>
        <line num="117" count="7" type="cond" truecount="3" falsecount="1"/>
        <line num="119" count="7" type="stmt"/>
        <line num="122" count="7" type="stmt"/>
        <line num="123" count="10" type="cond" truecount="4" falsecount="0"/>
        <line num="124" count="2" type="stmt"/>
        <line num="127" count="8" type="cond" truecount="2" falsecount="0"/>
        <line num="128" count="2" type="stmt"/>
        <line num="131" count="6" type="stmt"/>
        <line num="133" count="6" type="cond" truecount="2" falsecount="0"/>
        <line num="134" count="1" type="stmt"/>
        <line num="142" count="5" type="stmt"/>
        <line num="145" count="7" type="stmt"/>
        <line num="146" count="8" type="stmt"/>
        <line num="147" count="8" type="stmt"/>
        <line num="149" count="8" type="cond" truecount="2" falsecount="0"/>
        <line num="150" count="2" type="stmt"/>
        <line num="153" count="6" type="cond" truecount="5" falsecount="0"/>
        <line num="154" count="4" type="stmt"/>
        <line num="157" count="2" type="cond" truecount="3" falsecount="2"/>
        <line num="158" count="0" type="stmt"/>
        <line num="161" count="2" type="stmt"/>
        <line num="178" count="7" type="stmt"/>
        <line num="179" count="2" type="cond" truecount="2" falsecount="0"/>
        <line num="180" count="2" type="stmt"/>
        <line num="182" count="2" type="stmt"/>
        <line num="191" count="7" type="stmt"/>
        <line num="192" count="5" type="stmt"/>
        <line num="194" count="5" type="stmt"/>
        <line num="195" count="5" type="stmt"/>
        <line num="196" count="10" type="stmt"/>
        <line num="198" count="5" type="cond" truecount="4" falsecount="0"/>
        <line num="199" count="2" type="stmt"/>
        <line num="201" count="2" type="stmt"/>
        <line num="205" count="3" type="stmt"/>
        <line num="207" count="3" type="cond" truecount="1" falsecount="1"/>
        <line num="208" count="0" type="stmt"/>
        <line num="210" count="0" type="stmt"/>
        <line num="214" count="3" type="stmt"/>
        <line num="215" count="3" type="stmt"/>
        <line num="216" count="3" type="stmt"/>
        <line num="217" count="3" type="stmt"/>
        <line num="219" count="3" type="cond" truecount="5" falsecount="1"/>
        <line num="220" count="3" type="cond" truecount="2" falsecount="0"/>
        <line num="221" count="2" type="stmt"/>
        <line num="226" count="5" type="stmt"/>
      </file>
      <file name="exportUtils.ts" path="C:\Users\user\Documents\projects\js_NTV\ui-library\src\utils\exportUtils.ts">
        <metrics statements="28" coveredstatements="28" conditionals="4" coveredconditionals="4" methods="3" coveredmethods="3"/>
        <line num="10" count="5" type="stmt"/>
        <line num="11" count="3" type="stmt"/>
        <line num="12" count="3" type="stmt"/>
        <line num="13" count="3" type="stmt"/>
        <line num="15" count="3" type="stmt"/>
        <line num="17" count="3" type="stmt"/>
        <line num="18" count="2" type="stmt"/>
        <line num="19" count="2" type="stmt"/>
        <line num="20" count="2" type="stmt"/>
        <line num="21" count="2" type="stmt"/>
        <line num="22" count="2" type="stmt"/>
        <line num="24" count="1" type="stmt"/>
        <line num="25" count="1" type="stmt"/>
        <line num="29" count="5" type="stmt"/>
        <line num="30" count="4" type="stmt"/>
        <line num="32" count="4" type="stmt"/>
        <line num="33" count="4" type="stmt"/>
        <line num="34" count="4" type="stmt"/>
        <line num="35" count="4" type="stmt"/>
        <line num="37" count="3" type="cond" truecount="4" falsecount="0"/>
        <line num="38" count="1" type="stmt"/>
        <line num="40" count="1" type="stmt"/>
        <line num="43" count="2" type="stmt"/>
        <line num="44" count="2" type="stmt"/>
        <line num="45" count="2" type="stmt"/>
        <line num="47" count="1" type="stmt"/>
        <line num="48" count="1" type="stmt"/>
        <line num="52" count="4" type="stmt"/>
      </file>
    </package>
  </project>
</coverage>
