<?xml version="1.0" encoding="UTF-8"?>
<coverage generated="1765536750004" clover="3.2.0">
  <project timestamp="1765536750004" name="All files">
    <metrics statements="281" coveredstatements="221" conditionals="181" coveredconditionals="131" methods="65" coveredmethods="48" elements="527" coveredelements="400" complexity="0" loc="281" ncloc="281" packages="7" files="9" classes="9"/>
    <package name="Button">
      <metrics statements="5" coveredstatements="5" conditionals="3" coveredconditionals="3" methods="1" coveredmethods="1"/>
      <file name="Button.tsx" path="C:\Users\user\Documents\projects\js_NTV\ui-library\src\Button\Button.tsx">
        <metrics statements="5" coveredstatements="5" conditionals="3" coveredconditionals="3" methods="1" coveredmethods="1"/>
        <line num="1" count="1" type="stmt"/>
        <line num="2" count="1" type="stmt"/>
        <line num="12" count="1" type="stmt"/>
        <line num="19" count="10" type="stmt"/>
        <line num="30" count="1" type="stmt"/>
      </file>
    </package>
    <package name="Canvas">
      <metrics statements="136" coveredstatements="89" conditionals="73" coveredconditionals="46" methods="39" coveredmethods="22"/>
      <file name="NetworkCanvas.tsx" path="C:\Users\user\Documents\projects\js_NTV\ui-library\src\Canvas\NetworkCanvas.tsx">
        <metrics statements="48" coveredstatements="16" conditionals="10" coveredconditionals="0" methods="12" coveredmethods="2"/>
        <line num="1" count="1" type="stmt"/>
        <line num="3" count="1" type="stmt"/>
        <line num="17" count="1" type="stmt"/>
        <line num="19" count="1" type="stmt"/>
        <line num="20" count="1" type="stmt"/>
        <line num="21" count="1" type="stmt"/>
        <line num="44" count="1" type="stmt"/>
        <line num="48" count="1" type="stmt"/>
        <line num="49" count="1" type="stmt"/>
        <line num="51" count="1" type="stmt"/>
        <line num="52" count="5" type="stmt"/>
        <line num="53" count="5" type="stmt"/>
        <line num="54" count="5" type="stmt"/>
        <line num="55" count="0" type="stmt"/>
        <line num="57" count="0" type="stmt"/>
        <line num="59" count="0" type="stmt"/>
        <line num="60" count="0" type="stmt"/>
        <line num="62" count="0" type="cond" truecount="0" falsecount="4"/>
        <line num="63" count="0" type="stmt"/>
        <line num="65" count="0" type="stmt"/>
        <line num="68" count="0" type="stmt"/>
        <line num="70" count="0" type="cond" truecount="0" falsecount="2"/>
        <line num="71" count="0" type="stmt"/>
        <line num="73" count="0" type="stmt"/>
        <line num="76" count="0" type="stmt"/>
        <line num="78" count="0" type="stmt"/>
        <line num="90" count="0" type="stmt"/>
        <line num="91" count="0" type="stmt"/>
        <line num="92" count="0" type="stmt"/>
        <line num="97" count="0" type="stmt"/>
        <line num="98" count="0" type="stmt"/>
        <line num="99" count="0" type="stmt"/>
        <line num="102" count="0" type="stmt"/>
        <line num="103" count="0" type="stmt"/>
        <line num="104" count="0" type="stmt"/>
        <line num="107" count="0" type="stmt"/>
        <line num="108" count="0" type="stmt"/>
        <line num="121" count="0" type="stmt"/>
        <line num="126" count="0" type="stmt"/>
        <line num="127" count="0" type="stmt"/>
        <line num="129" count="0" type="stmt"/>
        <line num="132" count="0" type="stmt"/>
        <line num="133" count="0" type="stmt"/>
        <line num="135" count="0" type="stmt"/>
        <line num="138" count="0" type="stmt"/>
        <line num="171" count="1" type="stmt"/>
        <line num="172" count="3" type="stmt"/>
        <line num="179" count="1" type="stmt"/>
      </file>
      <file name="Toolbar.tsx" path="C:\Users\user\Documents\projects\js_NTV\ui-library\src\Canvas\Toolbar.tsx">
        <metrics statements="88" coveredstatements="73" conditionals="63" coveredconditionals="46" methods="27" coveredmethods="20"/>
        <line num="1" count="2" type="stmt"/>
        <line num="5" count="2" type="stmt"/>
        <line num="6" count="2" type="stmt"/>
        <line num="24" count="2" type="stmt"/>
        <line num="33" count="20" type="stmt"/>
        <line num="34" count="20" type="stmt"/>
        <line num="35" count="20" type="stmt"/>
        <line num="36" count="20" type="stmt"/>
        <line num="37" count="20" type="stmt"/>
        <line num="38" count="20" type="stmt"/>
        <line num="40" count="20" type="stmt"/>
        <line num="41" count="6" type="cond" truecount="2" falsecount="0"/>
        <line num="42" count="3" type="stmt"/>
        <line num="44" count="3" type="cond" truecount="2" falsecount="0"/>
        <line num="45" count="3" type="cond" truecount="2" falsecount="0"/>
        <line num="46" count="3" type="stmt"/>
        <line num="49" count="6" type="cond" truecount="2" falsecount="0"/>
        <line num="50" count="2" type="cond" truecount="1" falsecount="1"/>
        <line num="52" count="2" type="cond" truecount="2" falsecount="0"/>
        <line num="53" count="2" type="cond" truecount="1" falsecount="1"/>
        <line num="57" count="20" type="stmt"/>
        <line num="58" count="0" type="stmt"/>
        <line num="61" count="20" type="stmt"/>
        <line num="62" count="0" type="stmt"/>
        <line num="64" count="0" type="cond" truecount="0" falsecount="2"/>
        <line num="65" count="0" type="stmt"/>
        <line num="69" count="20" type="stmt"/>
        <line num="70" count="3" type="cond" truecount="3" falsecount="1"/>
        <line num="71" count="3" type="stmt"/>
        <line num="73" count="3" type="cond" truecount="1" falsecount="1"/>
        <line num="74" count="3" type="stmt"/>
        <line num="76" count="3" type="stmt"/>
        <line num="77" count="9" type="stmt"/>
        <line num="79" count="9" type="cond" truecount="2" falsecount="0"/>
        <line num="83" count="20" type="stmt"/>
        <line num="84" count="2" type="cond" truecount="3" falsecount="1"/>
        <line num="85" count="2" type="stmt"/>
        <line num="87" count="2" type="cond" truecount="1" falsecount="1"/>
        <line num="88" count="2" type="stmt"/>
        <line num="90" count="2" type="stmt"/>
        <line num="91" count="8" type="stmt"/>
        <line num="93" count="8" type="cond" truecount="2" falsecount="0"/>
        <line num="97" count="20" type="stmt"/>
        <line num="98" count="2" type="cond" truecount="3" falsecount="1"/>
        <line num="100" count="2" type="stmt"/>
        <line num="101" count="2" type="cond" truecount="3" falsecount="0"/>
        <line num="107" count="20" type="stmt"/>
        <line num="114" count="20" type="stmt"/>
        <line num="118" count="20" type="stmt"/>
        <line num="129" count="80" type="stmt"/>
        <line num="143" count="0" type="stmt"/>
        <line num="154" count="20" type="stmt"/>
        <line num="168" count="0" type="stmt"/>
        <line num="189" count="1" type="stmt"/>
        <line num="218" count="0" type="stmt"/>
        <line num="248" count="2" type="stmt"/>
        <line num="261" count="3" type="stmt"/>
        <line num="279" count="3" type="cond" truecount="2" falsecount="0"/>
        <line num="280" count="1" type="stmt"/>
        <line num="282" count="1" type="stmt"/>
        <line num="285" count="2" type="cond" truecount="1" falsecount="1"/>
        <line num="286" count="0" type="stmt"/>
        <line num="288" count="0" type="stmt"/>
        <line num="291" count="2" type="cond" truecount="2" falsecount="0"/>
        <line num="292" count="1" type="stmt"/>
        <line num="294" count="1" type="stmt"/>
        <line num="298" count="1" type="stmt"/>
        <line num="299" count="1" type="cond" truecount="1" falsecount="1"/>
        <line num="300" count="1" type="stmt"/>
        <line num="302" count="1" type="stmt"/>
        <line num="305" count="0" type="stmt"/>
        <line num="308" count="1" type="stmt"/>
        <line num="309" count="1" type="stmt"/>
        <line num="318" count="0" type="cond" truecount="0" falsecount="2"/>
        <line num="319" count="0" type="cond" truecount="0" falsecount="2"/>
        <line num="320" count="0" type="stmt"/>
        <line num="347" count="1" type="stmt"/>
        <line num="351" count="15" type="cond" truecount="1" falsecount="1"/>
        <line num="360" count="0" type="stmt"/>
        <line num="373" count="1" type="stmt"/>
        <line num="374" count="1" type="cond" truecount="1" falsecount="1"/>
        <line num="375" count="1" type="stmt"/>
        <line num="377" count="1" type="stmt"/>
        <line num="384" count="0" type="stmt"/>
        <line num="387" count="1" type="stmt"/>
        <line num="396" count="1" type="stmt"/>
        <line num="397" count="1" type="stmt"/>
        <line num="410" count="2" type="stmt"/>
      </file>
    </package>
    <package name="Canvas.CustomNodes">
      <metrics statements="12" coveredstatements="12" conditionals="10" coveredconditionals="8" methods="3" coveredmethods="3"/>
      <file name="CustomNode.tsx" path="C:\Users\user\Documents\projects\js_NTV\ui-library\src\Canvas\CustomNodes\CustomNode.tsx">
        <metrics statements="12" coveredstatements="12" conditionals="10" coveredconditionals="8" methods="3" coveredmethods="3"/>
        <line num="1" count="2" type="stmt"/>
        <line num="3" count="2" type="stmt"/>
        <line num="13" count="2" type="stmt"/>
        <line num="14" count="2" type="stmt"/>
        <line num="15" count="2" type="stmt"/>
        <line num="23" count="2" type="cond" truecount="1" falsecount="1"/>
        <line num="26" count="2" type="stmt"/>
        <line num="27" count="2" type="stmt"/>
        <line num="35" count="2" type="cond" truecount="1" falsecount="1"/>
        <line num="38" count="2" type="stmt"/>
        <line num="68" count="2" type="stmt"/>
        <line num="70" count="2" type="stmt"/>
      </file>
    </package>
    <package name="FileUpload">
      <metrics statements="11" coveredstatements="11" conditionals="5" coveredconditionals="5" methods="3" coveredmethods="3"/>
      <file name="FileUpload.tsx" path="C:\Users\user\Documents\projects\js_NTV\ui-library\src\FileUpload\FileUpload.tsx">
        <metrics statements="11" coveredstatements="11" conditionals="5" coveredconditionals="5" methods="3" coveredmethods="3"/>
        <line num="1" count="1" type="stmt"/>
        <line num="2" count="1" type="stmt"/>
        <line num="11" count="1" type="stmt"/>
        <line num="17" count="11" type="stmt"/>
        <line num="19" count="11" type="stmt"/>
        <line num="20" count="4" type="stmt"/>
        <line num="22" count="4" type="cond" truecount="2" falsecount="0"/>
        <line num="23" count="3" type="stmt"/>
        <line num="27" count="11" type="stmt"/>
        <line num="39" count="1" type="stmt"/>
        <line num="49" count="1" type="stmt"/>
      </file>
    </package>
    <package name="Layout">
      <metrics statements="13" coveredstatements="13" conditionals="16" coveredconditionals="10" methods="3" coveredmethods="3"/>
      <file name="Header.tsx" path="C:\Users\user\Documents\projects\js_NTV\ui-library\src\Layout\Header.tsx">
        <metrics statements="13" coveredstatements="13" conditionals="16" coveredconditionals="10" methods="3" coveredmethods="3"/>
        <line num="1" count="1" type="stmt"/>
        <line num="3" count="1" type="stmt"/>
        <line num="15" count="1" type="stmt"/>
        <line num="16" count="2" type="stmt"/>
        <line num="17" count="2" type="stmt"/>
        <line num="19" count="2" type="stmt"/>
        <line num="20" count="1" type="cond" truecount="1" falsecount="1"/>
        <line num="21" count="1" type="stmt"/>
        <line num="23" count="1" type="stmt"/>
        <line num="26" count="2" type="stmt"/>
        <line num="27" count="2" type="cond" truecount="1" falsecount="1"/>
        <line num="30" count="2" type="stmt"/>
        <line num="89" count="1" type="stmt"/>
      </file>
    </package>
    <package name="Modal">
      <metrics statements="7" coveredstatements="7" conditionals="4" coveredconditionals="4" methods="2" coveredmethods="2"/>
      <file name="Modal.tsx" path="C:\Users\user\Documents\projects\js_NTV\ui-library\src\Modal\Modal.tsx">
        <metrics statements="7" coveredstatements="7" conditionals="4" coveredconditionals="4" methods="2" coveredmethods="2"/>
        <line num="1" count="1" type="stmt"/>
        <line num="2" count="1" type="stmt"/>
        <line num="11" count="1" type="stmt"/>
        <line num="12" count="11" type="cond" truecount="2" falsecount="0"/>
        <line num="14" count="10" type="stmt"/>
        <line num="16" count="3" type="stmt"/>
        <line num="31" count="1" type="stmt"/>
      </file>
    </package>
    <package name="utils">
      <metrics statements="97" coveredstatements="84" conditionals="70" coveredconditionals="55" methods="14" coveredmethods="14"/>
      <file name="connectionLogic.ts" path="C:\Users\user\Documents\projects\js_NTV\ui-library\src\utils\connectionLogic.ts">
        <metrics statements="69" coveredstatements="62" conditionals="66" coveredconditionals="52" methods="11" coveredmethods="11"/>
        <line num="5" count="3" type="stmt"/>
        <line num="11" count="3" type="stmt"/>
        <line num="29" count="3" type="stmt"/>
        <line num="70" count="3" type="cond" truecount="0" falsecount="2"/>
        <line num="71" count="2" type="cond" truecount="1" falsecount="1"/>
        <line num="72" count="2" type="cond" truecount="1" falsecount="1"/>
        <line num="74" count="2" type="stmt"/>
        <line num="82" count="3" type="stmt"/>
        <line num="83" count="13" type="cond" truecount="4" falsecount="0"/>
        <line num="85" count="12" type="stmt"/>
        <line num="86" count="12" type="stmt"/>
        <line num="87" count="12" type="stmt"/>
        <line num="89" count="12" type="cond" truecount="4" falsecount="0"/>
        <line num="90" count="2" type="stmt"/>
        <line num="93" count="10" type="stmt"/>
        <line num="94" count="40" type="cond" truecount="7" falsecount="1"/>
        <line num="97" count="0" type="stmt"/>
        <line num="101" count="40" type="stmt"/>
        <line num="103" count="10" type="stmt"/>
        <line num="105" count="0" type="stmt"/>
        <line num="107" count="0" type="stmt"/>
        <line num="111" count="3" type="stmt"/>
        <line num="112" count="4" type="stmt"/>
        <line num="113" count="4" type="stmt"/>
        <line num="115" count="4" type="cond" truecount="3" falsecount="1"/>
        <line num="117" count="4" type="stmt"/>
        <line num="120" count="3" type="stmt"/>
        <line num="121" count="4" type="cond" truecount="4" falsecount="0"/>
        <line num="122" count="1" type="stmt"/>
        <line num="125" count="3" type="cond" truecount="2" falsecount="0"/>
        <line num="126" count="1" type="stmt"/>
        <line num="129" count="2" type="stmt"/>
        <line num="131" count="2" type="cond" truecount="1" falsecount="1"/>
        <line num="132" count="0" type="stmt"/>
        <line num="140" count="2" type="stmt"/>
        <line num="143" count="3" type="stmt"/>
        <line num="144" count="4" type="stmt"/>
        <line num="145" count="4" type="stmt"/>
        <line num="147" count="4" type="cond" truecount="2" falsecount="0"/>
        <line num="148" count="1" type="stmt"/>
        <line num="151" count="3" type="cond" truecount="5" falsecount="0"/>
        <line num="152" count="2" type="stmt"/>
        <line num="155" count="1" type="cond" truecount="3" falsecount="2"/>
        <line num="156" count="0" type="stmt"/>
        <line num="159" count="1" type="stmt"/>
        <line num="176" count="3" type="stmt"/>
        <line num="177" count="1" type="cond" truecount="1" falsecount="1"/>
        <line num="178" count="1" type="stmt"/>
        <line num="180" count="1" type="stmt"/>
        <line num="189" count="3" type="stmt"/>
        <line num="190" count="3" type="stmt"/>
        <line num="192" count="3" type="stmt"/>
        <line num="193" count="3" type="stmt"/>
        <line num="194" count="6" type="stmt"/>
        <line num="196" count="3" type="cond" truecount="4" falsecount="0"/>
        <line num="197" count="1" type="stmt"/>
        <line num="199" count="1" type="stmt"/>
        <line num="203" count="2" type="stmt"/>
        <line num="205" count="2" type="cond" truecount="1" falsecount="1"/>
        <line num="206" count="0" type="stmt"/>
        <line num="208" count="0" type="stmt"/>
        <line num="212" count="2" type="stmt"/>
        <line num="213" count="2" type="stmt"/>
        <line num="214" count="2" type="stmt"/>
        <line num="215" count="2" type="stmt"/>
        <line num="217" count="2" type="cond" truecount="5" falsecount="1"/>
        <line num="218" count="2" type="cond" truecount="2" falsecount="0"/>
        <line num="219" count="1" type="stmt"/>
        <line num="224" count="3" type="stmt"/>
      </file>
      <file name="exportUtils.ts" path="C:\Users\user\Documents\projects\js_NTV\ui-library\src\utils\exportUtils.ts">
        <metrics statements="28" coveredstatements="22" conditionals="4" coveredconditionals="3" methods="3" coveredmethods="3"/>
        <line num="10" count="2" type="stmt"/>
        <line num="11" count="1" type="stmt"/>
        <line num="12" count="1" type="stmt"/>
        <line num="13" count="1" type="stmt"/>
        <line num="15" count="1" type="stmt"/>
        <line num="17" count="1" type="stmt"/>
        <line num="18" count="1" type="stmt"/>
        <line num="19" count="1" type="stmt"/>
        <line num="20" count="1" type="stmt"/>
        <line num="21" count="1" type="stmt"/>
        <line num="22" count="1" type="stmt"/>
        <line num="24" count="0" type="stmt"/>
        <line num="25" count="0" type="stmt"/>
        <line num="29" count="2" type="stmt"/>
        <line num="30" count="1" type="stmt"/>
        <line num="32" count="1" type="stmt"/>
        <line num="33" count="1" type="stmt"/>
        <line num="34" count="1" type="stmt"/>
        <line num="35" count="1" type="stmt"/>
        <line num="37" count="1" type="cond" truecount="3" falsecount="1"/>
        <line num="38" count="0" type="stmt"/>
        <line num="40" count="0" type="stmt"/>
        <line num="43" count="1" type="stmt"/>
        <line num="44" count="1" type="stmt"/>
        <line num="45" count="1" type="stmt"/>
        <line num="47" count="0" type="stmt"/>
        <line num="48" count="0" type="stmt"/>
        <line num="52" count="1" type="stmt"/>
      </file>
    </package>
  </project>
</coverage>
