{"C:\\Users\\user\\Documents\\projects\\js_NTV\\ui-library\\src\\Button\\Button.tsx": {"path":"C:\\Users\\user\\Documents\\projects\\js_NTV\\ui-library\\src\\Button\\Button.tsx","statementMap":{"0":{"start":{"line":1,"column":0},"end":{"line":1,"column":25}},"1":{"start":{"line":2,"column":0},"end":{"line":2,"column":28}},"2":{"start":{"line":12,"column":38},"end":{"line":28,"column":1}},"3":{"start":{"line":19,"column":2},"end":{"line":27,"column":null}},"4":{"start":{"line":30,"column":0},"end":{"line":30,"column":null}}},"fnMap":{"0":{"name":"(anonymous_0)","decl":{"start":{"line":12,"column":38},"end":{"line":12,"column":39}},"loc":{"start":{"line":18,"column":5},"end":{"line":28,"column":1}}}},"branchMap":{"0":{"loc":{"start":{"line":15,"column":2},"end":{"line":15,"column":21}},"type":"default-arg","locations":[{"start":{"line":15,"column":12},"end":{"line":15,"column":21}}]},"1":{"loc":{"start":{"line":16,"column":2},"end":{"line":16,"column":18}},"type":"default-arg","locations":[{"start":{"line":16,"column":13},"end":{"line":16,"column":18}}]},"2":{"loc":{"start":{"line":17,"column":2},"end":{"line":17,"column":16}},"type":"default-arg","locations":[{"start":{"line":17,"column":14},"end":{"line":17,"column":16}}]}},"s":{"0":1,"1":1,"2":1,"3":10,"4":1},"f":{"0":10},"b":{"0":[7],"1":[9],"2":[8]}}
,"C:\\Users\\user\\Documents\\projects\\js_NTV\\ui-library\\src\\Canvas\\NetworkCanvas.tsx": {"path":"C:\\Users\\user\\Documents\\projects\\js_NTV\\ui-library\\src\\Canvas\\NetworkCanvas.tsx","statementMap":{"0":{"start":{"line":1,"column":0},"end":{"line":1,"column":56}},"1":{"start":{"line":3,"column":0},"end":{"line":3,"column":null}},"2":{"start":{"line":17,"column":0},"end":{"line":17,"column":33}},"3":{"start":{"line":19,"column":0},"end":{"line":19,"column":49}},"4":{"start":{"line":20,"column":0},"end":{"line":20,"column":31}},"5":{"start":{"line":21,"column":0},"end":{"line":21,"column":null}},"6":{"start":{"line":46,"column":29},"end":{"line":48,"column":null}},"7":{"start":{"line":50,"column":39},"end":{"line":50,"column":41}},"8":{"start":{"line":51,"column":39},"end":{"line":51,"column":41}},"9":{"start":{"line":53,"column":17},"end":{"line":174,"column":1}},"10":{"start":{"line":54,"column":43},"end":{"line":54,"column":70}},"11":{"start":{"line":55,"column":43},"end":{"line":55,"column":70}},"12":{"start":{"line":56,"column":42},"end":{"line":56,"column":79}},"13":{"start":{"line":57,"column":42},"end":{"line":57,"column":79}},"14":{"start":{"line":59,"column":20},"end":{"line":99,"column":null}},"15":{"start":{"line":61,"column":25},"end":{"line":61,"column":64}},"16":{"start":{"line":61,"column":41},"end":{"line":61,"column":63}},"17":{"start":{"line":62,"column":25},"end":{"line":62,"column":64}},"18":{"start":{"line":62,"column":41},"end":{"line":62,"column":63}},"19":{"start":{"line":64,"column":6},"end":{"line":68,"column":7}},"20":{"start":{"line":65,"column":8},"end":{"line":65,"column":null}},"21":{"start":{"line":67,"column":8},"end":{"line":67,"column":14}},"22":{"start":{"line":70,"column":28},"end":{"line":70,"column":113}},"23":{"start":{"line":72,"column":6},"end":{"line":76,"column":7}},"24":{"start":{"line":73,"column":8},"end":{"line":73,"column":null}},"25":{"start":{"line":75,"column":8},"end":{"line":75,"column":14}},"26":{"start":{"line":78,"column":28},"end":{"line":78,"column":124}},"27":{"start":{"line":80,"column":18},"end":{"line":80,"column":41}},"28":{"start":{"line":81,"column":18},"end":{"line":81,"column":41}},"29":{"start":{"line":83,"column":38},"end":{"line":93,"column":null}},"30":{"start":{"line":95,"column":6},"end":{"line":95,"column":null}},"31":{"start":{"line":95,"column":24},"end":{"line":95,"column":65}},"32":{"start":{"line":96,"column":6},"end":{"line":96,"column":null}},"33":{"start":{"line":97,"column":6},"end":{"line":97,"column":null}},"34":{"start":{"line":102,"column":22},"end":{"line":105,"column":8}},"35":{"start":{"line":103,"column":4},"end":{"line":103,"column":null}},"36":{"start":{"line":104,"column":4},"end":{"line":104,"column":null}},"37":{"start":{"line":107,"column":22},"end":{"line":110,"column":8}},"38":{"start":{"line":108,"column":4},"end":{"line":108,"column":null}},"39":{"start":{"line":109,"column":4},"end":{"line":109,"column":null}},"40":{"start":{"line":112,"column":18},"end":{"line":127,"column":16}},"41":{"start":{"line":113,"column":36},"end":{"line":124,"column":null}},"42":{"start":{"line":126,"column":4},"end":{"line":126,"column":null}},"43":{"start":{"line":126,"column":22},"end":{"line":126,"column":41}},"44":{"start":{"line":131,"column":2},"end":{"line":135,"column":null}},"45":{"start":{"line":132,"column":14},"end":{"line":132,"column":71}},"46":{"start":{"line":134,"column":4},"end":{"line":134,"column":null}},"47":{"start":{"line":137,"column":2},"end":{"line":141,"column":null}},"48":{"start":{"line":138,"column":14},"end":{"line":138,"column":71}},"49":{"start":{"line":140,"column":4},"end":{"line":140,"column":null}},"50":{"start":{"line":143,"column":2},"end":{"line":173,"column":null}},"51":{"start":{"line":176,"column":26},"end":{"line":182,"column":1}},"52":{"start":{"line":177,"column":2},"end":{"line":181,"column":null}},"53":{"start":{"line":185,"column":33},"end":{"line":198,"column":1}},"54":{"start":{"line":186,"column":2},"end":{"line":197,"column":null}},"55":{"start":{"line":185,"column":13},"end":{"line":185,"column":33}},"56":{"start":{"line":202,"column":38},"end":{"line":243,"column":1}},"57":{"start":{"line":212,"column":21},"end":{"line":212,"column":64}},"58":{"start":{"line":212,"column":41},"end":{"line":212,"column":63}},"59":{"start":{"line":213,"column":21},"end":{"line":213,"column":64}},"60":{"start":{"line":213,"column":41},"end":{"line":213,"column":63}},"61":{"start":{"line":215,"column":2},"end":{"line":217,"column":3}},"62":{"start":{"line":216,"column":4},"end":{"line":216,"column":null}},"63":{"start":{"line":219,"column":24},"end":{"line":219,"column":72}},"64":{"start":{"line":221,"column":2},"end":{"line":223,"column":3}},"65":{"start":{"line":222,"column":4},"end":{"line":222,"column":null}},"66":{"start":{"line":225,"column":24},"end":{"line":225,"column":69}},"67":{"start":{"line":227,"column":14},"end":{"line":227,"column":37}},"68":{"start":{"line":228,"column":14},"end":{"line":228,"column":37}},"69":{"start":{"line":230,"column":34},"end":{"line":240,"column":null}},"70":{"start":{"line":242,"column":2},"end":{"line":242,"column":null}},"71":{"start":{"line":202,"column":13},"end":{"line":202,"column":38}},"72":{"start":{"line":245,"column":0},"end":{"line":245,"column":null}}},"fnMap":{"0":{"name":"(anonymous_0)","decl":{"start":{"line":53,"column":17},"end":{"line":53,"column":20}},"loc":{"start":{"line":53,"column":22},"end":{"line":174,"column":1}}},"1":{"name":"(anonymous_1)","decl":{"start":{"line":60,"column":4},"end":{"line":60,"column":5}},"loc":{"start":{"line":60,"column":27},"end":{"line":98,"column":5}}},"2":{"name":"(anonymous_2)","decl":{"start":{"line":61,"column":36},"end":{"line":61,"column":37}},"loc":{"start":{"line":61,"column":41},"end":{"line":61,"column":63}}},"3":{"name":"(anonymous_3)","decl":{"start":{"line":62,"column":36},"end":{"line":62,"column":37}},"loc":{"start":{"line":62,"column":41},"end":{"line":62,"column":63}}},"4":{"name":"(anonymous_4)","decl":{"start":{"line":95,"column":15},"end":{"line":95,"column":16}},"loc":{"start":{"line":95,"column":24},"end":{"line":95,"column":65}}},"5":{"name":"(anonymous_5)","decl":{"start":{"line":102,"column":34},"end":{"line":102,"column":35}},"loc":{"start":{"line":102,"column":75},"end":{"line":105,"column":3}}},"6":{"name":"(anonymous_6)","decl":{"start":{"line":107,"column":34},"end":{"line":107,"column":35}},"loc":{"start":{"line":107,"column":75},"end":{"line":110,"column":3}}},"7":{"name":"(anonymous_7)","decl":{"start":{"line":112,"column":30},"end":{"line":112,"column":31}},"loc":{"start":{"line":112,"column":47},"end":{"line":127,"column":3}}},"8":{"name":"(anonymous_8)","decl":{"start":{"line":126,"column":13},"end":{"line":126,"column":14}},"loc":{"start":{"line":126,"column":22},"end":{"line":126,"column":41}}},"9":{"name":"(anonymous_9)","decl":{"start":{"line":131,"column":18},"end":{"line":131,"column":21}},"loc":{"start":{"line":131,"column":23},"end":{"line":135,"column":3}}},"10":{"name":"(anonymous_10)","decl":{"start":{"line":137,"column":18},"end":{"line":137,"column":21}},"loc":{"start":{"line":137,"column":23},"end":{"line":141,"column":3}}},"11":{"name":"(anonymous_11)","decl":{"start":{"line":176,"column":26},"end":{"line":176,"column":29}},"loc":{"start":{"line":176,"column":31},"end":{"line":182,"column":1}}},"12":{"name":"(anonymous_12)","decl":{"start":{"line":185,"column":33},"end":{"line":185,"column":34}},"loc":{"start":{"line":185,"column":90},"end":{"line":198,"column":1}}},"13":{"name":"(anonymous_13)","decl":{"start":{"line":202,"column":38},"end":{"line":202,"column":null}},"loc":{"start":{"line":211,"column":20},"end":{"line":243,"column":1}}},"14":{"name":"(anonymous_14)","decl":{"start":{"line":212,"column":36},"end":{"line":212,"column":37}},"loc":{"start":{"line":212,"column":41},"end":{"line":212,"column":63}}},"15":{"name":"(anonymous_15)","decl":{"start":{"line":213,"column":36},"end":{"line":213,"column":37}},"loc":{"start":{"line":213,"column":41},"end":{"line":213,"column":63}}}},"branchMap":{"0":{"loc":{"start":{"line":64,"column":6},"end":{"line":68,"column":7}},"type":"if","locations":[{"start":{"line":64,"column":6},"end":{"line":68,"column":7}},{"start":{},"end":{}}]},"1":{"loc":{"start":{"line":64,"column":10},"end":{"line":64,"column":36}},"type":"binary-expr","locations":[{"start":{"line":64,"column":10},"end":{"line":64,"column":21}},{"start":{"line":64,"column":25},"end":{"line":64,"column":36}}]},"2":{"loc":{"start":{"line":72,"column":6},"end":{"line":76,"column":7}},"type":"if","locations":[{"start":{"line":72,"column":6},"end":{"line":76,"column":7}},{"start":{},"end":{}}]},"3":{"loc":{"start":{"line":120,"column":12},"end":{"line":120,"column":117}},"type":"cond-expr","locations":[{"start":{"line":120,"column":33},"end":{"line":120,"column":35}},{"start":{"line":120,"column":38},"end":{"line":120,"column":117}}]},"4":{"loc":{"start":{"line":121,"column":14},"end":{"line":121,"column":55}},"type":"cond-expr","locations":[{"start":{"line":121,"column":35},"end":{"line":121,"column":37}},{"start":{"line":121,"column":40},"end":{"line":121,"column":55}}]},"5":{"loc":{"start":{"line":185,"column":48},"end":{"line":185,"column":64}},"type":"default-arg","locations":[{"start":{"line":185,"column":54},"end":{"line":185,"column":64}}]},"6":{"loc":{"start":{"line":185,"column":66},"end":{"line":185,"column":86}},"type":"default-arg","locations":[{"start":{"line":185,"column":73},"end":{"line":185,"column":86}}]},"7":{"loc":{"start":{"line":193,"column":10},"end":{"line":193,"column":115}},"type":"cond-expr","locations":[{"start":{"line":193,"column":31},"end":{"line":193,"column":33}},{"start":{"line":193,"column":36},"end":{"line":193,"column":115}}]},"8":{"loc":{"start":{"line":194,"column":12},"end":{"line":194,"column":53}},"type":"cond-expr","locations":[{"start":{"line":194,"column":33},"end":{"line":194,"column":35}},{"start":{"line":194,"column":38},"end":{"line":194,"column":53}}]},"9":{"loc":{"start":{"line":205,"column":2},"end":{"line":206,"column":26}},"type":"default-arg","locations":[{"start":{"line":206,"column":4},"end":{"line":206,"column":26}}]},"10":{"loc":{"start":{"line":207,"column":2},"end":{"line":208,"column":37}},"type":"default-arg","locations":[{"start":{"line":208,"column":4},"end":{"line":208,"column":37}}]},"11":{"loc":{"start":{"line":209,"column":2},"end":{"line":210,"column":29}},"type":"default-arg","locations":[{"start":{"line":210,"column":4},"end":{"line":210,"column":29}}]},"12":{"loc":{"start":{"line":215,"column":2},"end":{"line":217,"column":3}},"type":"if","locations":[{"start":{"line":215,"column":2},"end":{"line":217,"column":3}},{"start":{},"end":{}}]},"13":{"loc":{"start":{"line":215,"column":6},"end":{"line":215,"column":32}},"type":"binary-expr","locations":[{"start":{"line":215,"column":6},"end":{"line":215,"column":17}},{"start":{"line":215,"column":21},"end":{"line":215,"column":32}}]},"14":{"loc":{"start":{"line":221,"column":2},"end":{"line":223,"column":3}},"type":"if","locations":[{"start":{"line":221,"column":2},"end":{"line":223,"column":3}},{"start":{},"end":{}}]}},"s":{"0":3,"1":3,"2":3,"3":3,"4":3,"5":3,"6":3,"7":3,"8":3,"9":3,"10":5,"11":4,"12":4,"13":0,"14":0,"15":0,"16":0,"17":0,"18":0,"19":0,"20":0,"21":0,"22":0,"23":0,"24":0,"25":0,"26":0,"27":0,"28":0,"29":0,"30":0,"31":0,"32":0,"33":0,"34":0,"35":0,"36":0,"37":0,"38":0,"39":0,"40":0,"41":0,"42":0,"43":0,"44":0,"45":0,"46":0,"47":0,"48":0,"49":0,"50":0,"51":3,"52":3,"53":3,"54":5,"55":3,"56":3,"57":3,"58":2,"59":3,"60":4,"61":3,"62":1,"63":2,"64":2,"65":1,"66":1,"67":1,"68":1,"69":1,"70":1,"71":3,"72":3},"f":{"0":5,"1":0,"2":0,"3":0,"4":0,"5":0,"6":0,"7":0,"8":0,"9":0,"10":0,"11":3,"12":5,"13":3,"14":2,"15":4},"b":{"0":[0,0],"1":[0,0],"2":[0,0],"3":[0,0],"4":[0,0],"5":[0],"6":[0],"7":[1,4],"8":[1,4],"9":[2],"10":[3],"11":[3],"12":[1,2],"13":[3,2],"14":[1,1]}}
,"C:\\Users\\user\\Documents\\projects\\js_NTV\\ui-library\\src\\Canvas\\Toolbar.tsx": {"path":"C:\\Users\\user\\Documents\\projects\\js_NTV\\ui-library\\src\\Canvas\\Toolbar.tsx","statementMap":{"0":{"start":{"line":1,"column":0},"end":{"line":1,"column":68}},"1":{"start":{"line":5,"column":0},"end":{"line":5,"column":80}},"2":{"start":{"line":6,"column":0},"end":{"line":6,"column":67}},"3":{"start":{"line":24,"column":34},"end":{"line":412,"column":1}},"4":{"start":{"line":33,"column":23},"end":{"line":33,"column":53}},"5":{"start":{"line":34,"column":36},"end":{"line":34,"column":48}},"6":{"start":{"line":35,"column":32},"end":{"line":35,"column":44}},"7":{"start":{"line":36,"column":36},"end":{"line":36,"column":48}},"8":{"start":{"line":37,"column":34},"end":{"line":37,"column":62}},"9":{"start":{"line":38,"column":38},"end":{"line":38,"column":64}},"10":{"start":{"line":40,"column":2},"end":{"line":55,"column":null}},"11":{"start":{"line":41,"column":4},"end":{"line":47,"column":5}},"12":{"start":{"line":42,"column":17},"end":{"line":42,"column":83}},"13":{"start":{"line":44,"column":6},"end":{"line":44,"column":null}},"14":{"start":{"line":45,"column":6},"end":{"line":45,"column":null}},"15":{"start":{"line":46,"column":6},"end":{"line":46,"column":null}},"16":{"start":{"line":49,"column":4},"end":{"line":54,"column":5}},"17":{"start":{"line":50,"column":20},"end":{"line":50,"column":92}},"18":{"start":{"line":52,"column":6},"end":{"line":52,"column":null}},"19":{"start":{"line":53,"column":6},"end":{"line":53,"column":null}},"20":{"start":{"line":57,"column":23},"end":{"line":59,"column":3}},"21":{"start":{"line":58,"column":4},"end":{"line":58,"column":null}},"22":{"start":{"line":61,"column":23},"end":{"line":71,"column":3}},"23":{"start":{"line":62,"column":17},"end":{"line":62,"column":40}},"24":{"start":{"line":64,"column":4},"end":{"line":70,"column":5}},"25":{"start":{"line":65,"column":6},"end":{"line":69,"column":null}},"26":{"start":{"line":73,"column":21},"end":{"line":85,"column":3}},"27":{"start":{"line":74,"column":4},"end":{"line":74,"column":null}},"28":{"start":{"line":74,"column":33},"end":{"line":74,"column":null}},"29":{"start":{"line":75,"column":20},"end":{"line":75,"column":45}},"30":{"start":{"line":77,"column":4},"end":{"line":77,"column":null}},"31":{"start":{"line":77,"column":27},"end":{"line":77,"column":null}},"32":{"start":{"line":78,"column":18},"end":{"line":78,"column":31}},"33":{"start":{"line":80,"column":4},"end":{"line":84,"column":null}},"34":{"start":{"line":81,"column":18},"end":{"line":81,"column":36}},"35":{"start":{"line":83,"column":6},"end":{"line":83,"column":null}},"36":{"start":{"line":87,"column":23},"end":{"line":99,"column":3}},"37":{"start":{"line":88,"column":4},"end":{"line":88,"column":null}},"38":{"start":{"line":88,"column":37},"end":{"line":88,"column":null}},"39":{"start":{"line":89,"column":22},"end":{"line":89,"column":47}},"40":{"start":{"line":91,"column":4},"end":{"line":91,"column":null}},"41":{"start":{"line":91,"column":31},"end":{"line":91,"column":null}},"42":{"start":{"line":92,"column":18},"end":{"line":92,"column":33}},"43":{"start":{"line":94,"column":4},"end":{"line":98,"column":null}},"44":{"start":{"line":95,"column":18},"end":{"line":95,"column":36}},"45":{"start":{"line":97,"column":6},"end":{"line":97,"column":null}},"46":{"start":{"line":101,"column":24},"end":{"line":109,"column":3}},"47":{"start":{"line":102,"column":4},"end":{"line":102,"column":null}},"48":{"start":{"line":102,"column":33},"end":{"line":102,"column":null}},"49":{"start":{"line":104,"column":4},"end":{"line":108,"column":null}},"50":{"start":{"line":105,"column":6},"end":{"line":107,"column":58}},"51":{"start":{"line":111,"column":36},"end":{"line":116,"column":null}},"52":{"start":{"line":118,"column":37},"end":{"line":120,"column":null}},"53":{"start":{"line":122,"column":2},"end":{"line":411,"column":null}},"54":{"start":{"line":133,"column":10},"end":{"line":134,"column":null}},"55":{"start":{"line":147,"column":27},"end":{"line":147,"column":49}},"56":{"start":{"line":158,"column":10},"end":{"line":159,"column":null}},"57":{"start":{"line":172,"column":27},"end":{"line":172,"column":50}},"58":{"start":{"line":193,"column":25},"end":{"line":193,"column":71}},"59":{"start":{"line":222,"column":25},"end":{"line":222,"column":54}},"60":{"start":{"line":252,"column":33},"end":{"line":252,"column":59}},"61":{"start":{"line":265,"column":33},"end":{"line":265,"column":61}},"62":{"start":{"line":283,"column":20},"end":{"line":287,"column":21}},"63":{"start":{"line":284,"column":22},"end":{"line":284,"column":null}},"64":{"start":{"line":286,"column":22},"end":{"line":286,"column":28}},"65":{"start":{"line":289,"column":20},"end":{"line":293,"column":21}},"66":{"start":{"line":290,"column":22},"end":{"line":290,"column":null}},"67":{"start":{"line":292,"column":22},"end":{"line":292,"column":28}},"68":{"start":{"line":295,"column":20},"end":{"line":299,"column":21}},"69":{"start":{"line":296,"column":22},"end":{"line":296,"column":null}},"70":{"start":{"line":298,"column":22},"end":{"line":298,"column":28}},"71":{"start":{"line":302,"column":36},"end":{"line":310,"column":22}},"72":{"start":{"line":303,"column":22},"end":{"line":307,"column":23}},"73":{"start":{"line":304,"column":40},"end":{"line":304,"column":119}},"74":{"start":{"line":306,"column":24},"end":{"line":306,"column":null}},"75":{"start":{"line":309,"column":22},"end":{"line":309,"column":null}},"76":{"start":{"line":312,"column":20},"end":{"line":312,"column":null}},"77":{"start":{"line":313,"column":20},"end":{"line":313,"column":null}},"78":{"start":{"line":322,"column":20},"end":{"line":322,"column":null}},"79":{"start":{"line":323,"column":20},"end":{"line":323,"column":null}},"80":{"start":{"line":324,"column":20},"end":{"line":324,"column":null}},"81":{"start":{"line":351,"column":31},"end":{"line":351,"column":58}},"82":{"start":{"line":355,"column":16},"end":{"line":355,"column":42}},"83":{"start":{"line":364,"column":31},"end":{"line":364,"column":60}},"84":{"start":{"line":377,"column":32},"end":{"line":389,"column":18}},"85":{"start":{"line":378,"column":18},"end":{"line":386,"column":19}},"86":{"start":{"line":379,"column":36},"end":{"line":379,"column":145}},"87":{"start":{"line":381,"column":20},"end":{"line":385,"column":null}},"88":{"start":{"line":388,"column":18},"end":{"line":388,"column":null}},"89":{"start":{"line":391,"column":16},"end":{"line":391,"column":null}},"90":{"start":{"line":400,"column":16},"end":{"line":400,"column":null}},"91":{"start":{"line":401,"column":16},"end":{"line":401,"column":null}},"92":{"start":{"line":414,"column":0},"end":{"line":414,"column":null}}},"fnMap":{"0":{"name":"(anonymous_0)","decl":{"start":{"line":24,"column":34},"end":{"line":24,"column":35}},"loc":{"start":{"line":32,"column":5},"end":{"line":412,"column":1}}},"1":{"name":"(anonymous_1)","decl":{"start":{"line":40,"column":12},"end":{"line":40,"column":15}},"loc":{"start":{"line":40,"column":17},"end":{"line":55,"column":3}}},"2":{"name":"(anonymous_2)","decl":{"start":{"line":57,"column":23},"end":{"line":57,"column":32}},"loc":{"start":{"line":57,"column":34},"end":{"line":59,"column":3}}},"3":{"name":"(anonymous_3)","decl":{"start":{"line":61,"column":23},"end":{"line":61,"column":24}},"loc":{"start":{"line":61,"column":70},"end":{"line":71,"column":3}}},"4":{"name":"(anonymous_4)","decl":{"start":{"line":73,"column":21},"end":{"line":73,"column":22}},"loc":{"start":{"line":73,"column":45},"end":{"line":85,"column":3}}},"5":{"name":"(anonymous_5)","decl":{"start":{"line":80,"column":23},"end":{"line":80,"column":27}},"loc":{"start":{"line":80,"column":30},"end":{"line":84,"column":5}}},"6":{"name":"(anonymous_6)","decl":{"start":{"line":87,"column":23},"end":{"line":87,"column":24}},"loc":{"start":{"line":87,"column":49},"end":{"line":99,"column":3}}},"7":{"name":"(anonymous_7)","decl":{"start":{"line":94,"column":23},"end":{"line":94,"column":27}},"loc":{"start":{"line":94,"column":30},"end":{"line":98,"column":5}}},"8":{"name":"(anonymous_8)","decl":{"start":{"line":101,"column":24},"end":{"line":101,"column":25}},"loc":{"start":{"line":101,"column":64},"end":{"line":109,"column":3}}},"9":{"name":"(anonymous_9)","decl":{"start":{"line":104,"column":22},"end":{"line":104,"column":26}},"loc":{"start":{"line":105,"column":6},"end":{"line":107,"column":58}}},"10":{"name":"(anonymous_10)","decl":{"start":{"line":132,"column":25},"end":{"line":132,"column":31}},"loc":{"start":{"line":133,"column":10},"end":{"line":134,"column":null}}},"11":{"name":"(anonymous_11)","decl":{"start":{"line":147,"column":21},"end":{"line":147,"column":24}},"loc":{"start":{"line":147,"column":27},"end":{"line":147,"column":49}}},"12":{"name":"(anonymous_12)","decl":{"start":{"line":157,"column":26},"end":{"line":157,"column":33}},"loc":{"start":{"line":158,"column":10},"end":{"line":159,"column":null}}},"13":{"name":"(anonymous_13)","decl":{"start":{"line":172,"column":21},"end":{"line":172,"column":24}},"loc":{"start":{"line":172,"column":27},"end":{"line":172,"column":50}}},"14":{"name":"(anonymous_14)","decl":{"start":{"line":193,"column":19},"end":{"line":193,"column":22}},"loc":{"start":{"line":193,"column":25},"end":{"line":193,"column":71}}},"15":{"name":"(anonymous_15)","decl":{"start":{"line":222,"column":19},"end":{"line":222,"column":22}},"loc":{"start":{"line":222,"column":25},"end":{"line":222,"column":54}}},"16":{"name":"(anonymous_16)","decl":{"start":{"line":252,"column":26},"end":{"line":252,"column":27}},"loc":{"start":{"line":252,"column":33},"end":{"line":252,"column":59}}},"17":{"name":"(anonymous_17)","decl":{"start":{"line":265,"column":26},"end":{"line":265,"column":27}},"loc":{"start":{"line":265,"column":33},"end":{"line":265,"column":61}}},"18":{"name":"(anonymous_18)","decl":{"start":{"line":281,"column":27},"end":{"line":281,"column":30}},"loc":{"start":{"line":281,"column":32},"end":{"line":314,"column":19}}},"19":{"name":"(anonymous_19)","decl":{"start":{"line":302,"column":46},"end":{"line":302,"column":47}},"loc":{"start":{"line":302,"column":50},"end":{"line":310,"column":21}}},"20":{"name":"(anonymous_20)","decl":{"start":{"line":320,"column":27},"end":{"line":320,"column":30}},"loc":{"start":{"line":320,"column":32},"end":{"line":325,"column":19}}},"21":{"name":"(anonymous_21)","decl":{"start":{"line":351,"column":24},"end":{"line":351,"column":25}},"loc":{"start":{"line":351,"column":31},"end":{"line":351,"column":58}}},"22":{"name":"(anonymous_22)","decl":{"start":{"line":354,"column":94},"end":{"line":354,"column":97}},"loc":{"start":{"line":355,"column":16},"end":{"line":355,"column":42}}},"23":{"name":"(anonymous_23)","decl":{"start":{"line":364,"column":24},"end":{"line":364,"column":25}},"loc":{"start":{"line":364,"column":31},"end":{"line":364,"column":60}}},"24":{"name":"(anonymous_24)","decl":{"start":{"line":375,"column":23},"end":{"line":375,"column":26}},"loc":{"start":{"line":375,"column":28},"end":{"line":392,"column":15}}},"25":{"name":"(anonymous_25)","decl":{"start":{"line":377,"column":42},"end":{"line":377,"column":43}},"loc":{"start":{"line":377,"column":46},"end":{"line":389,"column":17}}},"26":{"name":"(anonymous_26)","decl":{"start":{"line":398,"column":23},"end":{"line":398,"column":26}},"loc":{"start":{"line":398,"column":28},"end":{"line":402,"column":15}}}},"branchMap":{"0":{"loc":{"start":{"line":41,"column":4},"end":{"line":47,"column":5}},"type":"if","locations":[{"start":{"line":41,"column":4},"end":{"line":47,"column":5}},{"start":{},"end":{}}]},"1":{"loc":{"start":{"line":44,"column":17},"end":{"line":44,"column":29}},"type":"binary-expr","locations":[{"start":{"line":44,"column":17},"end":{"line":44,"column":23}},{"start":{"line":44,"column":27},"end":{"line":44,"column":29}}]},"2":{"loc":{"start":{"line":45,"column":19},"end":{"line":45,"column":33}},"type":"binary-expr","locations":[{"start":{"line":45,"column":19},"end":{"line":45,"column":27}},{"start":{"line":45,"column":31},"end":{"line":45,"column":33}}]},"3":{"loc":{"start":{"line":49,"column":4},"end":{"line":54,"column":5}},"type":"if","locations":[{"start":{"line":49,"column":4},"end":{"line":54,"column":5}},{"start":{},"end":{}}]},"4":{"loc":{"start":{"line":50,"column":20},"end":{"line":50,"column":92}},"type":"binary-expr","locations":[{"start":{"line":50,"column":20},"end":{"line":50,"column":86}},{"start":{"line":50,"column":90},"end":{"line":50,"column":92}}]},"5":{"loc":{"start":{"line":52,"column":18},"end":{"line":52,"column":51}},"type":"binary-expr","locations":[{"start":{"line":52,"column":18},"end":{"line":52,"column":37}},{"start":{"line":52,"column":41},"end":{"line":52,"column":51}}]},"6":{"loc":{"start":{"line":53,"column":20},"end":{"line":53,"column":43}},"type":"binary-expr","locations":[{"start":{"line":53,"column":20},"end":{"line":53,"column":31}},{"start":{"line":53,"column":35},"end":{"line":53,"column":43}}]},"7":{"loc":{"start":{"line":64,"column":4},"end":{"line":70,"column":5}},"type":"if","locations":[{"start":{"line":64,"column":4},"end":{"line":70,"column":5}},{"start":{},"end":{}}]},"8":{"loc":{"start":{"line":74,"column":4},"end":{"line":74,"column":null}},"type":"if","locations":[{"start":{"line":74,"column":4},"end":{"line":74,"column":null}},{"start":{},"end":{}}]},"9":{"loc":{"start":{"line":74,"column":8},"end":{"line":74,"column":31}},"type":"binary-expr","locations":[{"start":{"line":74,"column":8},"end":{"line":74,"column":11}},{"start":{"line":74,"column":15},"end":{"line":74,"column":31}}]},"10":{"loc":{"start":{"line":77,"column":4},"end":{"line":77,"column":null}},"type":"if","locations":[{"start":{"line":77,"column":4},"end":{"line":77,"column":null}},{"start":{},"end":{}}]},"11":{"loc":{"start":{"line":83,"column":13},"end":{"line":83,"column":35}},"type":"binary-expr","locations":[{"start":{"line":83,"column":13},"end":{"line":83,"column":21}},{"start":{"line":83,"column":25},"end":{"line":83,"column":35}}]},"12":{"loc":{"start":{"line":88,"column":4},"end":{"line":88,"column":null}},"type":"if","locations":[{"start":{"line":88,"column":4},"end":{"line":88,"column":null}},{"start":{},"end":{}}]},"13":{"loc":{"start":{"line":88,"column":8},"end":{"line":88,"column":35}},"type":"binary-expr","locations":[{"start":{"line":88,"column":8},"end":{"line":88,"column":13}},{"start":{"line":88,"column":17},"end":{"line":88,"column":35}}]},"14":{"loc":{"start":{"line":91,"column":4},"end":{"line":91,"column":null}},"type":"if","locations":[{"start":{"line":91,"column":4},"end":{"line":91,"column":null}},{"start":{},"end":{}}]},"15":{"loc":{"start":{"line":97,"column":13},"end":{"line":97,"column":35}},"type":"binary-expr","locations":[{"start":{"line":97,"column":13},"end":{"line":97,"column":21}},{"start":{"line":97,"column":25},"end":{"line":97,"column":35}}]},"16":{"loc":{"start":{"line":102,"column":4},"end":{"line":102,"column":null}},"type":"if","locations":[{"start":{"line":102,"column":4},"end":{"line":102,"column":null}},{"start":{},"end":{}}]},"17":{"loc":{"start":{"line":102,"column":8},"end":{"line":102,"column":31}},"type":"binary-expr","locations":[{"start":{"line":102,"column":8},"end":{"line":102,"column":11}},{"start":{"line":102,"column":15},"end":{"line":102,"column":31}}]},"18":{"loc":{"start":{"line":105,"column":6},"end":{"line":107,"column":58}},"type":"binary-expr","locations":[{"start":{"line":105,"column":6},"end":{"line":105,"column":24}},{"start":{"line":106,"column":7},"end":{"line":106,"column":62}},{"start":{"line":107,"column":7},"end":{"line":107,"column":58}}]},"19":{"loc":{"start":{"line":235,"column":7},"end":{"line":333,"column":null}},"type":"binary-expr","locations":[{"start":{"line":235,"column":7},"end":{"line":235,"column":19}},{"start":{"line":236,"column":8},"end":{"line":332,"column":null}}]},"20":{"loc":{"start":{"line":246,"column":12},"end":{"line":331,"column":null}},"type":"binary-expr","locations":[{"start":{"line":246,"column":12},"end":{"line":246,"column":71}},{"start":{"line":247,"column":12},"end":{"line":330,"column":null}}]},"21":{"loc":{"start":{"line":274,"column":15},"end":{"line":277,"column":null}},"type":"binary-expr","locations":[{"start":{"line":274,"column":15},"end":{"line":274,"column":24}},{"start":{"line":275,"column":16},"end":{"line":276,"column":null}}]},"22":{"loc":{"start":{"line":283,"column":20},"end":{"line":287,"column":21}},"type":"if","locations":[{"start":{"line":283,"column":20},"end":{"line":287,"column":21}},{"start":{},"end":{}}]},"23":{"loc":{"start":{"line":289,"column":20},"end":{"line":293,"column":21}},"type":"if","locations":[{"start":{"line":289,"column":20},"end":{"line":293,"column":21}},{"start":{},"end":{}}]},"24":{"loc":{"start":{"line":295,"column":20},"end":{"line":299,"column":21}},"type":"if","locations":[{"start":{"line":295,"column":20},"end":{"line":299,"column":21}},{"start":{},"end":{}}]},"25":{"loc":{"start":{"line":303,"column":22},"end":{"line":307,"column":23}},"type":"if","locations":[{"start":{"line":303,"column":22},"end":{"line":307,"column":23}},{"start":{},"end":{}}]},"26":{"loc":{"start":{"line":322,"column":32},"end":{"line":322,"column":79}},"type":"binary-expr","locations":[{"start":{"line":322,"column":32},"end":{"line":322,"column":73}},{"start":{"line":322,"column":77},"end":{"line":322,"column":79}}]},"27":{"loc":{"start":{"line":323,"column":34},"end":{"line":323,"column":85}},"type":"binary-expr","locations":[{"start":{"line":323,"column":34},"end":{"line":323,"column":79}},{"start":{"line":323,"column":83},"end":{"line":323,"column":85}}]},"28":{"loc":{"start":{"line":336,"column":7},"end":{"line":408,"column":null}},"type":"binary-expr","locations":[{"start":{"line":336,"column":7},"end":{"line":336,"column":19}},{"start":{"line":337,"column":8},"end":{"line":407,"column":null}}]},"29":{"loc":{"start":{"line":355,"column":63},"end":{"line":355,"column":106}},"type":"binary-expr","locations":[{"start":{"line":355,"column":63},"end":{"line":355,"column":91}},{"start":{"line":355,"column":95},"end":{"line":355,"column":106}}]},"30":{"loc":{"start":{"line":378,"column":18},"end":{"line":386,"column":19}},"type":"if","locations":[{"start":{"line":378,"column":18},"end":{"line":386,"column":19}},{"start":{},"end":{}}]}},"s":{"0":5,"1":5,"2":5,"3":5,"4":38,"5":38,"6":38,"7":38,"8":38,"9":38,"10":38,"11":10,"12":4,"13":4,"14":4,"15":4,"16":10,"17":3,"18":3,"19":3,"20":38,"21":1,"22":38,"23":0,"24":0,"25":0,"26":38,"27":7,"28":0,"29":7,"30":7,"31":0,"32":7,"33":7,"34":22,"35":22,"36":38,"37":5,"38":0,"39":5,"40":5,"41":0,"42":5,"43":5,"44":17,"45":17,"46":38,"47":4,"48":0,"49":4,"50":5,"51":38,"52":38,"53":38,"54":152,"55":1,"56":38,"57":1,"58":2,"59":0,"60":7,"61":5,"62":7,"63":2,"64":2,"65":5,"66":1,"67":1,"68":4,"69":2,"70":2,"71":2,"72":3,"73":2,"74":2,"75":1,"76":2,"77":2,"78":1,"79":1,"80":1,"81":1,"82":21,"83":0,"84":1,"85":1,"86":1,"87":1,"88":0,"89":1,"90":1,"91":1,"92":5},"f":{"0":38,"1":10,"2":1,"3":0,"4":7,"5":22,"6":5,"7":17,"8":4,"9":5,"10":152,"11":1,"12":38,"13":1,"14":2,"15":0,"16":7,"17":5,"18":7,"19":3,"20":1,"21":1,"22":21,"23":0,"24":1,"25":1,"26":1},"b":{"0":[4,6],"1":[4,1],"2":[4,1],"3":[3,7],"4":[3,0],"5":[3,1],"6":[3,0],"7":[0,0],"8":[0,7],"9":[7,7],"10":[0,7],"11":[22,22],"12":[0,5],"13":[5,5],"14":[0,5],"15":[17,17],"16":[0,4],"17":[4,4],"18":[5,3,2],"19":[38,28],"20":[28,28],"21":[28,10],"22":[2,5],"23":[1,4],"24":[2,2],"25":[2,1],"26":[1,0],"27":[1,0],"28":[38,7],"29":[21,0],"30":[1,0]}}
,"C:\\Users\\user\\Documents\\projects\\js_NTV\\ui-library\\src\\Canvas\\CustomNodes\\CustomNode.tsx": {"path":"C:\\Users\\user\\Documents\\projects\\js_NTV\\ui-library\\src\\Canvas\\CustomNodes\\CustomNode.tsx","statementMap":{"0":{"start":{"line":1,"column":0},"end":{"line":1,"column":39}},"1":{"start":{"line":3,"column":0},"end":{"line":3,"column":55}},"2":{"start":{"line":13,"column":50},"end":{"line":66,"column":2}},"3":{"start":{"line":14,"column":23},"end":{"line":24,"column":3}},"4":{"start":{"line":15,"column":56},"end":{"line":21,"column":null}},"5":{"start":{"line":23,"column":4},"end":{"line":23,"column":null}},"6":{"start":{"line":26,"column":18},"end":{"line":36,"column":3}},"7":{"start":{"line":27,"column":42},"end":{"line":33,"column":null}},"8":{"start":{"line":35,"column":4},"end":{"line":35,"column":null}},"9":{"start":{"line":38,"column":2},"end":{"line":65,"column":null}},"10":{"start":{"line":68,"column":0},"end":{"line":68,"column":null}},"11":{"start":{"line":70,"column":0},"end":{"line":70,"column":null}}},"fnMap":{"0":{"name":"(anonymous_0)","decl":{"start":{"line":13,"column":55},"end":{"line":13,"column":56}},"loc":{"start":{"line":13,"column":68},"end":{"line":66,"column":1}}},"1":{"name":"(anonymous_1)","decl":{"start":{"line":14,"column":23},"end":{"line":14,"column":24}},"loc":{"start":{"line":14,"column":40},"end":{"line":24,"column":3}}},"2":{"name":"(anonymous_2)","decl":{"start":{"line":26,"column":18},"end":{"line":26,"column":19}},"loc":{"start":{"line":26,"column":43},"end":{"line":36,"column":3}}}},"branchMap":{"0":{"loc":{"start":{"line":23,"column":11},"end":{"line":23,"column":40}},"type":"binary-expr","locations":[{"start":{"line":23,"column":11},"end":{"line":23,"column":23}},{"start":{"line":23,"column":27},"end":{"line":23,"column":40}}]},"1":{"loc":{"start":{"line":35,"column":11},"end":{"line":35,"column":30}},"type":"binary-expr","locations":[{"start":{"line":35,"column":11},"end":{"line":35,"column":22}},{"start":{"line":35,"column":26},"end":{"line":35,"column":30}}]},"2":{"loc":{"start":{"line":48,"column":9},"end":{"line":59,"column":null}},"type":"cond-expr","locations":[{"start":{"line":49,"column":10},"end":{"line":54,"column":null}},{"start":{"line":57,"column":10},"end":{"line":57,"column":null}}]},"3":{"loc":{"start":{"line":50,"column":13},"end":{"line":50,"column":48}},"type":"binary-expr","locations":[{"start":{"line":50,"column":13},"end":{"line":50,"column":20}},{"start":{"line":50,"column":24},"end":{"line":50,"column":48}}]},"4":{"loc":{"start":{"line":51,"column":13},"end":{"line":51,"column":98}},"type":"binary-expr","locations":[{"start":{"line":51,"column":13},"end":{"line":51,"column":22}},{"start":{"line":51,"column":26},"end":{"line":51,"column":98}}]}},"s":{"0":4,"1":4,"2":4,"3":2,"4":2,"5":2,"6":2,"7":2,"8":2,"9":2,"10":4,"11":4},"f":{"0":2,"1":2,"2":2},"b":{"0":[2,0],"1":[2,0],"2":[1,1],"3":[1,1],"4":[1,1]}}
,"C:\\Users\\user\\Documents\\projects\\js_NTV\\ui-library\\src\\FileUpload\\FileUpload.tsx": {"path":"C:\\Users\\user\\Documents\\projects\\js_NTV\\ui-library\\src\\FileUpload\\FileUpload.tsx","statementMap":{"0":{"start":{"line":1,"column":0},"end":{"line":1,"column":37}},"1":{"start":{"line":2,"column":0},"end":{"line":2,"column":25}},"2":{"start":{"line":11,"column":46},"end":{"line":47,"column":1}},"3":{"start":{"line":17,"column":23},"end":{"line":17,"column":53}},"4":{"start":{"line":19,"column":27},"end":{"line":25,"column":3}},"5":{"start":{"line":20,"column":17},"end":{"line":20,"column":40}},"6":{"start":{"line":22,"column":4},"end":{"line":24,"column":5}},"7":{"start":{"line":23,"column":6},"end":{"line":23,"column":null}},"8":{"start":{"line":27,"column":2},"end":{"line":46,"column":null}},"9":{"start":{"line":39,"column":23},"end":{"line":39,"column":52}},"10":{"start":{"line":49,"column":0},"end":{"line":49,"column":null}}},"fnMap":{"0":{"name":"(anonymous_0)","decl":{"start":{"line":11,"column":46},"end":{"line":11,"column":47}},"loc":{"start":{"line":16,"column":5},"end":{"line":47,"column":1}}},"1":{"name":"(anonymous_1)","decl":{"start":{"line":19,"column":27},"end":{"line":19,"column":28}},"loc":{"start":{"line":19,"column":74},"end":{"line":25,"column":3}}},"2":{"name":"(anonymous_2)","decl":{"start":{"line":39,"column":17},"end":{"line":39,"column":20}},"loc":{"start":{"line":39,"column":23},"end":{"line":39,"column":52}}}},"branchMap":{"0":{"loc":{"start":{"line":13,"column":2},"end":{"line":13,"column":16}},"type":"default-arg","locations":[{"start":{"line":13,"column":11},"end":{"line":13,"column":16}}]},"1":{"loc":{"start":{"line":14,"column":2},"end":{"line":14,"column":23}},"type":"default-arg","locations":[{"start":{"line":14,"column":10},"end":{"line":14,"column":23}}]},"2":{"loc":{"start":{"line":15,"column":2},"end":{"line":15,"column":18}},"type":"default-arg","locations":[{"start":{"line":15,"column":13},"end":{"line":15,"column":18}}]},"3":{"loc":{"start":{"line":22,"column":4},"end":{"line":24,"column":5}},"type":"if","locations":[{"start":{"line":22,"column":4},"end":{"line":24,"column":5}},{"start":{},"end":{}}]}},"s":{"0":1,"1":1,"2":1,"3":11,"4":11,"5":4,"6":4,"7":3,"8":11,"9":1,"10":1},"f":{"0":11,"1":4,"2":1},"b":{"0":[10],"1":[10],"2":[9],"3":[3,1]}}
,"C:\\Users\\user\\Documents\\projects\\js_NTV\\ui-library\\src\\Layout\\Header.tsx": {"path":"C:\\Users\\user\\Documents\\projects\\js_NTV\\ui-library\\src\\Layout\\Header.tsx","statementMap":{"0":{"start":{"line":3,"column":0},"end":{"line":3,"column":65}},"1":{"start":{"line":15,"column":32},"end":{"line":87,"column":1}},"2":{"start":{"line":16,"column":19},"end":{"line":16,"column":32}},"3":{"start":{"line":17,"column":19},"end":{"line":17,"column":32}},"4":{"start":{"line":19,"column":23},"end":{"line":24,"column":3}},"5":{"start":{"line":20,"column":4},"end":{"line":22,"column":5}},"6":{"start":{"line":21,"column":6},"end":{"line":21,"column":null}},"7":{"start":{"line":23,"column":4},"end":{"line":23,"column":null}},"8":{"start":{"line":26,"column":22},"end":{"line":28,"column":3}},"9":{"start":{"line":27,"column":4},"end":{"line":27,"column":null}},"10":{"start":{"line":30,"column":2},"end":{"line":86,"column":null}},"11":{"start":{"line":89,"column":0},"end":{"line":89,"column":null}}},"fnMap":{"0":{"name":"(anonymous_0)","decl":{"start":{"line":15,"column":32},"end":{"line":15,"column":33}},"loc":{"start":{"line":15,"column":55},"end":{"line":87,"column":1}}},"1":{"name":"(anonymous_1)","decl":{"start":{"line":19,"column":23},"end":{"line":19,"column":32}},"loc":{"start":{"line":19,"column":34},"end":{"line":24,"column":3}}},"2":{"name":"(anonymous_2)","decl":{"start":{"line":26,"column":22},"end":{"line":26,"column":23}},"loc":{"start":{"line":26,"column":52},"end":{"line":28,"column":3}}}},"branchMap":{"0":{"loc":{"start":{"line":20,"column":4},"end":{"line":22,"column":5}},"type":"if","locations":[{"start":{"line":20,"column":4},"end":{"line":22,"column":5}},{"start":{},"end":{}}]},"1":{"loc":{"start":{"line":27,"column":11},"end":{"line":27,"column":60}},"type":"cond-expr","locations":[{"start":{"line":27,"column":22},"end":{"line":27,"column":54}},{"start":{"line":27,"column":57},"end":{"line":27,"column":60}}]},"2":{"loc":{"start":{"line":43,"column":23},"end":{"line":43,"column":81}},"type":"cond-expr","locations":[{"start":{"line":43,"column":51},"end":{"line":43,"column":68}},{"start":{"line":43,"column":71},"end":{"line":43,"column":81}}]},"3":{"loc":{"start":{"line":49,"column":23},"end":{"line":49,"column":87}},"type":"cond-expr","locations":[{"start":{"line":49,"column":57},"end":{"line":49,"column":74}},{"start":{"line":49,"column":77},"end":{"line":49,"column":87}}]},"4":{"loc":{"start":{"line":55,"column":23},"end":{"line":55,"column":88}},"type":"cond-expr","locations":[{"start":{"line":55,"column":58},"end":{"line":55,"column":75}},{"start":{"line":55,"column":78},"end":{"line":55,"column":88}}]},"5":{"loc":{"start":{"line":59,"column":11},"end":{"line":66,"column":null}},"type":"binary-expr","locations":[{"start":{"line":59,"column":11},"end":{"line":59,"column":41}},{"start":{"line":60,"column":12},"end":{"line":63,"column":null}}]},"6":{"loc":{"start":{"line":62,"column":25},"end":{"line":62,"column":88}},"type":"cond-expr","locations":[{"start":{"line":62,"column":58},"end":{"line":62,"column":75}},{"start":{"line":62,"column":78},"end":{"line":62,"column":88}}]},"7":{"loc":{"start":{"line":77,"column":43},"end":{"line":77,"column":63}},"type":"binary-expr","locations":[{"start":{"line":77,"column":43},"end":{"line":77,"column":53}},{"start":{"line":77,"column":57},"end":{"line":77,"column":63}}]}},"s":{"0":1,"1":1,"2":2,"3":2,"4":2,"5":1,"6":1,"7":1,"8":2,"9":2,"10":2,"11":1},"f":{"0":2,"1":1,"2":2},"b":{"0":[1,0],"1":[2,0],"2":[1,1],"3":[0,2],"4":[0,2],"5":[2,2],"6":[0,2],"7":[2,0]}}
,"C:\\Users\\user\\Documents\\projects\\js_NTV\\ui-library\\src\\Modal\\Modal.tsx": {"path":"C:\\Users\\user\\Documents\\projects\\js_NTV\\ui-library\\src\\Modal\\Modal.tsx","statementMap":{"0":{"start":{"line":1,"column":0},"end":{"line":1,"column":25}},"1":{"start":{"line":2,"column":0},"end":{"line":2,"column":20}},"2":{"start":{"line":11,"column":36},"end":{"line":29,"column":1}},"3":{"start":{"line":12,"column":2},"end":{"line":12,"column":null}},"4":{"start":{"line":12,"column":15},"end":{"line":12,"column":null}},"5":{"start":{"line":14,"column":2},"end":{"line":28,"column":null}},"6":{"start":{"line":16,"column":53},"end":{"line":16,"column":72}},"7":{"start":{"line":31,"column":0},"end":{"line":31,"column":null}}},"fnMap":{"0":{"name":"(anonymous_0)","decl":{"start":{"line":11,"column":36},"end":{"line":11,"column":37}},"loc":{"start":{"line":11,"column":77},"end":{"line":29,"column":1}}},"1":{"name":"(anonymous_1)","decl":{"start":{"line":16,"column":46},"end":{"line":16,"column":47}},"loc":{"start":{"line":16,"column":53},"end":{"line":16,"column":72}}}},"branchMap":{"0":{"loc":{"start":{"line":12,"column":2},"end":{"line":12,"column":null}},"type":"if","locations":[{"start":{"line":12,"column":2},"end":{"line":12,"column":null}},{"start":{},"end":{}}]},"1":{"loc":{"start":{"line":17,"column":9},"end":{"line":23,"column":null}},"type":"binary-expr","locations":[{"start":{"line":17,"column":9},"end":{"line":17,"column":14}},{"start":{"line":18,"column":10},"end":{"line":22,"column":null}}]}},"s":{"0":1,"1":1,"2":1,"3":11,"4":1,"5":10,"6":3,"7":1},"f":{"0":11,"1":3},"b":{"0":[1,10],"1":[10,9]}}
,"C:\\Users\\user\\Documents\\projects\\js_NTV\\ui-library\\src\\utils\\connectionLogic.ts": {"path":"C:\\Users\\user\\Documents\\projects\\js_NTV\\ui-library\\src\\utils\\connectionLogic.ts","statementMap":{"0":{"start":{"line":5,"column":13},"end":{"line":9,"column":null}},"1":{"start":{"line":11,"column":13},"end":{"line":27,"column":null}},"2":{"start":{"line":29,"column":13},"end":{"line":43,"column":null}},"3":{"start":{"line":70,"column":34},"end":{"line":82,"column":1}},"4":{"start":{"line":71,"column":21},"end":{"line":71,"column":120}},"5":{"start":{"line":72,"column":24},"end":{"line":72,"column":119}},"6":{"start":{"line":74,"column":15},"end":{"line":74,"column":91}},"7":{"start":{"line":76,"column":2},"end":{"line":81,"column":null}},"8":{"start":{"line":70,"column":13},"end":{"line":70,"column":34}},"9":{"start":{"line":84,"column":33},"end":{"line":111,"column":1}},"10":{"start":{"line":85,"column":2},"end":{"line":85,"column":null}},"11":{"start":{"line":85,"column":20},"end":{"line":85,"column":null}},"12":{"start":{"line":87,"column":2},"end":{"line":110,"column":3}},"13":{"start":{"line":88,"column":20},"end":{"line":88,"column":45}},"14":{"start":{"line":89,"column":22},"end":{"line":89,"column":49}},"15":{"start":{"line":91,"column":4},"end":{"line":93,"column":5}},"16":{"start":{"line":92,"column":6},"end":{"line":92,"column":null}},"17":{"start":{"line":95,"column":4},"end":{"line":101,"column":5}},"18":{"start":{"line":95,"column":17},"end":{"line":95,"column":18}},"19":{"start":{"line":96,"column":6},"end":{"line":100,"column":7}},"20":{"start":{"line":99,"column":8},"end":{"line":99,"column":null}},"21":{"start":{"line":103,"column":20},"end":{"line":103,"column":65}},"22":{"start":{"line":103,"column":45},"end":{"line":103,"column":64}},"23":{"start":{"line":105,"column":4},"end":{"line":105,"column":null}},"24":{"start":{"line":107,"column":4},"end":{"line":107,"column":null}},"25":{"start":{"line":109,"column":4},"end":{"line":109,"column":null}},"26":{"start":{"line":84,"column":13},"end":{"line":84,"column":33}},"27":{"start":{"line":113,"column":32},"end":{"line":120,"column":1}},"28":{"start":{"line":114,"column":24},"end":{"line":114,"column":63}},"29":{"start":{"line":115,"column":24},"end":{"line":115,"column":63}},"30":{"start":{"line":117,"column":2},"end":{"line":117,"column":null}},"31":{"start":{"line":117,"column":40},"end":{"line":117,"column":null}},"32":{"start":{"line":119,"column":2},"end":{"line":119,"column":null}},"33":{"start":{"line":113,"column":13},"end":{"line":113,"column":32}},"34":{"start":{"line":122,"column":31},"end":{"line":143,"column":1}},"35":{"start":{"line":123,"column":2},"end":{"line":125,"column":3}},"36":{"start":{"line":124,"column":4},"end":{"line":124,"column":null}},"37":{"start":{"line":127,"column":2},"end":{"line":129,"column":3}},"38":{"start":{"line":128,"column":4},"end":{"line":128,"column":null}},"39":{"start":{"line":131,"column":21},"end":{"line":131,"column":42}},"40":{"start":{"line":133,"column":2},"end":{"line":135,"column":3}},"41":{"start":{"line":134,"column":4},"end":{"line":134,"column":null}},"42":{"start":{"line":142,"column":2},"end":{"line":142,"column":null}},"43":{"start":{"line":122,"column":13},"end":{"line":122,"column":31}},"44":{"start":{"line":145,"column":42},"end":{"line":162,"column":1}},"45":{"start":{"line":146,"column":21},"end":{"line":146,"column":42}},"46":{"start":{"line":147,"column":21},"end":{"line":147,"column":42}},"47":{"start":{"line":149,"column":2},"end":{"line":151,"column":3}},"48":{"start":{"line":150,"column":4},"end":{"line":150,"column":null}},"49":{"start":{"line":153,"column":2},"end":{"line":155,"column":3}},"50":{"start":{"line":154,"column":4},"end":{"line":154,"column":null}},"51":{"start":{"line":157,"column":2},"end":{"line":159,"column":3}},"52":{"start":{"line":158,"column":4},"end":{"line":158,"column":null}},"53":{"start":{"line":161,"column":2},"end":{"line":161,"column":null}},"54":{"start":{"line":145,"column":13},"end":{"line":145,"column":42}},"55":{"start":{"line":178,"column":27},"end":{"line":189,"column":1}},"56":{"start":{"line":179,"column":25},"end":{"line":179,"column":58}},"57":{"start":{"line":180,"column":22},"end":{"line":180,"column":93}},"58":{"start":{"line":182,"column":2},"end":{"line":188,"column":null}},"59":{"start":{"line":178,"column":13},"end":{"line":178,"column":27}},"60":{"start":{"line":191,"column":35},"end":{"line":230,"column":1}},"61":{"start":{"line":192,"column":27},"end":{"line":192,"column":29}},"62":{"start":{"line":194,"column":2},"end":{"line":224,"column":null}},"63":{"start":{"line":195,"column":23},"end":{"line":195,"column":60}},"64":{"start":{"line":195,"column":39},"end":{"line":195,"column":59}},"65":{"start":{"line":196,"column":23},"end":{"line":196,"column":60}},"66":{"start":{"line":196,"column":39},"end":{"line":196,"column":59}},"67":{"start":{"line":198,"column":4},"end":{"line":202,"column":5}},"68":{"start":{"line":199,"column":6},"end":{"line":199,"column":null}},"69":{"start":{"line":201,"column":6},"end":{"line":201,"column":12}},"70":{"start":{"line":205,"column":18},"end":{"line":205,"column":57}},"71":{"start":{"line":207,"column":4},"end":{"line":211,"column":5}},"72":{"start":{"line":208,"column":6},"end":{"line":208,"column":null}},"73":{"start":{"line":210,"column":6},"end":{"line":210,"column":12}},"74":{"start":{"line":214,"column":16},"end":{"line":214,"column":35}},"75":{"start":{"line":215,"column":18},"end":{"line":215,"column":39}},"76":{"start":{"line":216,"column":16},"end":{"line":216,"column":35}},"77":{"start":{"line":217,"column":18},"end":{"line":217,"column":39}},"78":{"start":{"line":219,"column":4},"end":{"line":223,"column":5}},"79":{"start":{"line":220,"column":6},"end":{"line":222,"column":7}},"80":{"start":{"line":221,"column":8},"end":{"line":221,"column":null}},"81":{"start":{"line":226,"column":2},"end":{"line":229,"column":null}},"82":{"start":{"line":191,"column":13},"end":{"line":191,"column":35}}},"fnMap":{"0":{"name":"(anonymous_0)","decl":{"start":{"line":70,"column":34},"end":{"line":70,"column":35}},"loc":{"start":{"line":70,"column":118},"end":{"line":82,"column":1}}},"1":{"name":"(anonymous_1)","decl":{"start":{"line":84,"column":33},"end":{"line":84,"column":34}},"loc":{"start":{"line":84,"column":84},"end":{"line":111,"column":1}}},"2":{"name":"(anonymous_2)","decl":{"start":{"line":103,"column":32},"end":{"line":103,"column":33}},"loc":{"start":{"line":103,"column":45},"end":{"line":103,"column":64}}},"3":{"name":"(anonymous_3)","decl":{"start":{"line":113,"column":32},"end":{"line":113,"column":33}},"loc":{"start":{"line":113,"column":120},"end":{"line":120,"column":1}}},"4":{"name":"(anonymous_4)","decl":{"start":{"line":122,"column":31},"end":{"line":122,"column":32}},"loc":{"start":{"line":122,"column":88},"end":{"line":143,"column":1}}},"5":{"name":"(anonymous_5)","decl":{"start":{"line":145,"column":42},"end":{"line":145,"column":43}},"loc":{"start":{"line":145,"column":89},"end":{"line":162,"column":1}}},"6":{"name":"(anonymous_6)","decl":{"start":{"line":178,"column":27},"end":{"line":178,"column":28}},"loc":{"start":{"line":178,"column":52},"end":{"line":189,"column":1}}},"7":{"name":"(anonymous_7)","decl":{"start":{"line":191,"column":35},"end":{"line":191,"column":36}},"loc":{"start":{"line":191,"column":106},"end":{"line":230,"column":1}}},"8":{"name":"(anonymous_8)","decl":{"start":{"line":194,"column":16},"end":{"line":194,"column":20}},"loc":{"start":{"line":194,"column":23},"end":{"line":224,"column":3}}},"9":{"name":"(anonymous_9)","decl":{"start":{"line":195,"column":34},"end":{"line":195,"column":35}},"loc":{"start":{"line":195,"column":39},"end":{"line":195,"column":59}}},"10":{"name":"(anonymous_10)","decl":{"start":{"line":196,"column":34},"end":{"line":196,"column":35}},"loc":{"start":{"line":196,"column":39},"end":{"line":196,"column":59}}}},"branchMap":{"0":{"loc":{"start":{"line":70,"column":35},"end":{"line":70,"column":70}},"type":"default-arg","locations":[{"start":{"line":70,"column":60},"end":{"line":70,"column":70}}]},"1":{"loc":{"start":{"line":70,"column":72},"end":{"line":70,"column":97}},"type":"default-arg","locations":[{"start":{"line":70,"column":89},"end":{"line":70,"column":97}}]},"2":{"loc":{"start":{"line":71,"column":21},"end":{"line":71,"column":120}},"type":"binary-expr","locations":[{"start":{"line":71,"column":21},"end":{"line":71,"column":90}},{"start":{"line":71,"column":94},"end":{"line":71,"column":120}}]},"3":{"loc":{"start":{"line":72,"column":24},"end":{"line":72,"column":119}},"type":"binary-expr","locations":[{"start":{"line":72,"column":24},"end":{"line":72,"column":84}},{"start":{"line":72,"column":88},"end":{"line":72,"column":119}}]},"4":{"loc":{"start":{"line":74,"column":15},"end":{"line":74,"column":91}},"type":"cond-expr","locations":[{"start":{"line":74,"column":36},"end":{"line":74,"column":63}},{"start":{"line":74,"column":66},"end":{"line":74,"column":91}}]},"5":{"loc":{"start":{"line":80,"column":21},"end":{"line":80,"column":54}},"type":"binary-expr","locations":[{"start":{"line":80,"column":21},"end":{"line":80,"column":25}},{"start":{"line":80,"column":29},"end":{"line":80,"column":54}}]},"6":{"loc":{"start":{"line":85,"column":2},"end":{"line":85,"column":null}},"type":"if","locations":[{"start":{"line":85,"column":2},"end":{"line":85,"column":null}},{"start":{},"end":{}}]},"7":{"loc":{"start":{"line":85,"column":6},"end":{"line":85,"column":18}},"type":"binary-expr","locations":[{"start":{"line":85,"column":6},"end":{"line":85,"column":9}},{"start":{"line":85,"column":13},"end":{"line":85,"column":18}}]},"8":{"loc":{"start":{"line":91,"column":4},"end":{"line":93,"column":5}},"type":"if","locations":[{"start":{"line":91,"column":4},"end":{"line":93,"column":5}},{"start":{},"end":{}}]},"9":{"loc":{"start":{"line":91,"column":8},"end":{"line":91,"column":54}},"type":"binary-expr","locations":[{"start":{"line":91,"column":8},"end":{"line":91,"column":28}},{"start":{"line":91,"column":32},"end":{"line":91,"column":54}}]},"10":{"loc":{"start":{"line":96,"column":6},"end":{"line":100,"column":7}},"type":"if","locations":[{"start":{"line":96,"column":6},"end":{"line":100,"column":7}},{"start":{},"end":{}}]},"11":{"loc":{"start":{"line":96,"column":10},"end":{"line":98,"column":46}},"type":"binary-expr","locations":[{"start":{"line":96,"column":10},"end":{"line":96,"column":27}},{"start":{"line":96,"column":31},"end":{"line":96,"column":50}},{"start":{"line":97,"column":8},"end":{"line":97,"column":22}},{"start":{"line":97,"column":26},"end":{"line":97,"column":42}},{"start":{"line":98,"column":8},"end":{"line":98,"column":24}},{"start":{"line":98,"column":28},"end":{"line":98,"column":46}}]},"12":{"loc":{"start":{"line":117,"column":2},"end":{"line":117,"column":null}},"type":"if","locations":[{"start":{"line":117,"column":2},"end":{"line":117,"column":null}},{"start":{},"end":{}}]},"13":{"loc":{"start":{"line":117,"column":6},"end":{"line":117,"column":38}},"type":"binary-expr","locations":[{"start":{"line":117,"column":6},"end":{"line":117,"column":20}},{"start":{"line":117,"column":24},"end":{"line":117,"column":38}}]},"14":{"loc":{"start":{"line":123,"column":2},"end":{"line":125,"column":3}},"type":"if","locations":[{"start":{"line":123,"column":2},"end":{"line":125,"column":3}},{"start":{},"end":{}}]},"15":{"loc":{"start":{"line":123,"column":6},"end":{"line":123,"column":32}},"type":"binary-expr","locations":[{"start":{"line":123,"column":6},"end":{"line":123,"column":17}},{"start":{"line":123,"column":21},"end":{"line":123,"column":32}}]},"16":{"loc":{"start":{"line":127,"column":2},"end":{"line":129,"column":3}},"type":"if","locations":[{"start":{"line":127,"column":2},"end":{"line":129,"column":3}},{"start":{},"end":{}}]},"17":{"loc":{"start":{"line":133,"column":2},"end":{"line":135,"column":3}},"type":"if","locations":[{"start":{"line":133,"column":2},"end":{"line":135,"column":3}},{"start":{},"end":{}}]},"18":{"loc":{"start":{"line":149,"column":2},"end":{"line":151,"column":3}},"type":"if","locations":[{"start":{"line":149,"column":2},"end":{"line":151,"column":3}},{"start":{},"end":{}}]},"19":{"loc":{"start":{"line":153,"column":2},"end":{"line":155,"column":3}},"type":"if","locations":[{"start":{"line":153,"column":2},"end":{"line":155,"column":3}},{"start":{},"end":{}}]},"20":{"loc":{"start":{"line":153,"column":6},"end":{"line":153,"column":87}},"type":"binary-expr","locations":[{"start":{"line":153,"column":7},"end":{"line":153,"column":30}},{"start":{"line":153,"column":34},"end":{"line":153,"column":57}},{"start":{"line":153,"column":62},"end":{"line":153,"column":87}}]},"21":{"loc":{"start":{"line":157,"column":2},"end":{"line":159,"column":3}},"type":"if","locations":[{"start":{"line":157,"column":2},"end":{"line":159,"column":3}},{"start":{},"end":{}}]},"22":{"loc":{"start":{"line":157,"column":6},"end":{"line":157,"column":87}},"type":"binary-expr","locations":[{"start":{"line":157,"column":7},"end":{"line":157,"column":30}},{"start":{"line":157,"column":34},"end":{"line":157,"column":57}},{"start":{"line":157,"column":62},"end":{"line":157,"column":87}}]},"23":{"loc":{"start":{"line":179,"column":25},"end":{"line":179,"column":58}},"type":"binary-expr","locations":[{"start":{"line":179,"column":25},"end":{"line":179,"column":44}},{"start":{"line":179,"column":48},"end":{"line":179,"column":58}}]},"24":{"loc":{"start":{"line":184,"column":11},"end":{"line":184,"column":41}},"type":"binary-expr","locations":[{"start":{"line":184,"column":11},"end":{"line":184,"column":28}},{"start":{"line":184,"column":32},"end":{"line":184,"column":41}}]},"25":{"loc":{"start":{"line":198,"column":4},"end":{"line":202,"column":5}},"type":"if","locations":[{"start":{"line":198,"column":4},"end":{"line":202,"column":5}},{"start":{},"end":{}}]},"26":{"loc":{"start":{"line":198,"column":8},"end":{"line":198,"column":34}},"type":"binary-expr","locations":[{"start":{"line":198,"column":8},"end":{"line":198,"column":19}},{"start":{"line":198,"column":23},"end":{"line":198,"column":34}}]},"27":{"loc":{"start":{"line":207,"column":4},"end":{"line":211,"column":5}},"type":"if","locations":[{"start":{"line":207,"column":4},"end":{"line":211,"column":5}},{"start":{},"end":{}}]},"28":{"loc":{"start":{"line":219,"column":4},"end":{"line":223,"column":5}},"type":"if","locations":[{"start":{"line":219,"column":4},"end":{"line":223,"column":5}},{"start":{},"end":{}}]},"29":{"loc":{"start":{"line":219,"column":8},"end":{"line":219,"column":36}},"type":"binary-expr","locations":[{"start":{"line":219,"column":8},"end":{"line":219,"column":11}},{"start":{"line":219,"column":15},"end":{"line":219,"column":20}},{"start":{"line":219,"column":24},"end":{"line":219,"column":27}},{"start":{"line":219,"column":31},"end":{"line":219,"column":36}}]},"30":{"loc":{"start":{"line":220,"column":6},"end":{"line":222,"column":7}},"type":"if","locations":[{"start":{"line":220,"column":6},"end":{"line":222,"column":7}},{"start":{},"end":{}}]}},"s":{"0":7,"1":7,"2":7,"3":7,"4":4,"5":4,"6":4,"7":4,"8":7,"9":7,"10":23,"11":2,"12":21,"13":21,"14":21,"15":21,"16":3,"17":18,"18":18,"19":69,"20":1,"21":17,"22":68,"23":17,"24":0,"25":0,"26":7,"27":7,"28":7,"29":7,"30":7,"31":0,"32":7,"33":7,"34":7,"35":10,"36":2,"37":8,"38":2,"39":6,"40":6,"41":1,"42":5,"43":7,"44":7,"45":8,"46":8,"47":8,"48":2,"49":6,"50":4,"51":2,"52":0,"53":2,"54":7,"55":7,"56":2,"57":2,"58":2,"59":7,"60":7,"61":5,"62":5,"63":5,"64":5,"65":5,"66":10,"67":5,"68":2,"69":2,"70":3,"71":3,"72":0,"73":0,"74":3,"75":3,"76":3,"77":3,"78":3,"79":3,"80":2,"81":5,"82":7},"f":{"0":4,"1":23,"2":68,"3":7,"4":10,"5":8,"6":2,"7":5,"8":5,"9":5,"10":10},"b":{"0":[0],"1":[0],"2":[4,0],"3":[4,0],"4":[1,3],"5":[4,0],"6":[2,21],"7":[23,21],"8":[3,18],"9":[21,19],"10":[1,68],"11":[69,69,69,69,68,68],"12":[0,7],"13":[7,7],"14":[2,8],"15":[10,8],"16":[2,6],"17":[1,5],"18":[2,6],"19":[4,2],"20":[6,3,4],"21":[0,2],"22":[2,0,2],"23":[2,1],"24":[2,0],"25":[2,3],"26":[5,5],"27":[0,3],"28":[3,0],"29":[3,3,3,3],"30":[2,1]}}
,"C:\\Users\\user\\Documents\\projects\\js_NTV\\ui-library\\src\\utils\\exportUtils.ts": {"path":"C:\\Users\\user\\Documents\\projects\\js_NTV\\ui-library\\src\\utils\\exportUtils.ts","statementMap":{"0":{"start":{"line":10,"column":28},"end":{"line":27,"column":1}},"1":{"start":{"line":11,"column":2},"end":{"line":26,"column":3}},"2":{"start":{"line":12,"column":20},"end":{"line":12,"column":49}},"3":{"start":{"line":13,"column":21},"end":{"line":13,"column":70}},"4":{"start":{"line":15,"column":17},"end":{"line":15,"column":44}},"5":{"start":{"line":17,"column":4},"end":{"line":17,"column":null}},"6":{"start":{"line":18,"column":4},"end":{"line":18,"column":null}},"7":{"start":{"line":19,"column":4},"end":{"line":19,"column":null}},"8":{"start":{"line":20,"column":4},"end":{"line":20,"column":null}},"9":{"start":{"line":21,"column":4},"end":{"line":21,"column":null}},"10":{"start":{"line":22,"column":4},"end":{"line":22,"column":null}},"11":{"start":{"line":24,"column":4},"end":{"line":24,"column":null}},"12":{"start":{"line":25,"column":4},"end":{"line":25,"column":null}},"13":{"start":{"line":10,"column":13},"end":{"line":10,"column":28}},"14":{"start":{"line":29,"column":30},"end":{"line":53,"column":1}},"15":{"start":{"line":30,"column":17},"end":{"line":30,"column":33}},"16":{"start":{"line":32,"column":2},"end":{"line":50,"column":null}},"17":{"start":{"line":33,"column":4},"end":{"line":49,"column":5}},"18":{"start":{"line":34,"column":22},"end":{"line":34,"column":52}},"19":{"start":{"line":35,"column":33},"end":{"line":35,"column":52}},"20":{"start":{"line":37,"column":6},"end":{"line":41,"column":7}},"21":{"start":{"line":38,"column":8},"end":{"line":38,"column":null}},"22":{"start":{"line":40,"column":8},"end":{"line":40,"column":14}},"23":{"start":{"line":43,"column":6},"end":{"line":43,"column":null}},"24":{"start":{"line":44,"column":6},"end":{"line":44,"column":null}},"25":{"start":{"line":45,"column":6},"end":{"line":45,"column":null}},"26":{"start":{"line":47,"column":6},"end":{"line":47,"column":null}},"27":{"start":{"line":48,"column":6},"end":{"line":48,"column":null}},"28":{"start":{"line":52,"column":2},"end":{"line":52,"column":null}},"29":{"start":{"line":29,"column":13},"end":{"line":29,"column":30}}},"fnMap":{"0":{"name":"(anonymous_0)","decl":{"start":{"line":10,"column":28},"end":{"line":10,"column":29}},"loc":{"start":{"line":10,"column":57},"end":{"line":27,"column":1}}},"1":{"name":"(anonymous_1)","decl":{"start":{"line":29,"column":30},"end":{"line":29,"column":31}},"loc":{"start":{"line":29,"column":131},"end":{"line":53,"column":1}}},"2":{"name":"(anonymous_2)","decl":{"start":{"line":32,"column":18},"end":{"line":32,"column":19}},"loc":{"start":{"line":32,"column":28},"end":{"line":50,"column":3}}}},"branchMap":{"0":{"loc":{"start":{"line":37,"column":6},"end":{"line":41,"column":7}},"type":"if","locations":[{"start":{"line":37,"column":6},"end":{"line":41,"column":7}},{"start":{},"end":{}}]},"1":{"loc":{"start":{"line":37,"column":10},"end":{"line":37,"column":36}},"type":"binary-expr","locations":[{"start":{"line":37,"column":10},"end":{"line":37,"column":21}},{"start":{"line":37,"column":25},"end":{"line":37,"column":36}}]}},"s":{"0":5,"1":3,"2":3,"3":3,"4":3,"5":3,"6":2,"7":2,"8":2,"9":2,"10":2,"11":1,"12":1,"13":5,"14":5,"15":4,"16":4,"17":4,"18":4,"19":4,"20":3,"21":1,"22":1,"23":2,"24":2,"25":2,"26":1,"27":1,"28":4,"29":5},"f":{"0":3,"1":4,"2":4},"b":{"0":[1,2],"1":[3,2]}}
}
