{"C:\\Users\\user\\Documents\\projects\\js_NTV\\ui-library\\src\\Button\\Button.tsx": {"path":"C:\\Users\\user\\Documents\\projects\\js_NTV\\ui-library\\src\\Button\\Button.tsx","statementMap":{"0":{"start":{"line":1,"column":0},"end":{"line":1,"column":25}},"1":{"start":{"line":2,"column":0},"end":{"line":2,"column":28}},"2":{"start":{"line":12,"column":38},"end":{"line":28,"column":1}},"3":{"start":{"line":19,"column":2},"end":{"line":27,"column":null}},"4":{"start":{"line":30,"column":0},"end":{"line":30,"column":null}}},"fnMap":{"0":{"name":"(anonymous_0)","decl":{"start":{"line":12,"column":38},"end":{"line":12,"column":39}},"loc":{"start":{"line":18,"column":5},"end":{"line":28,"column":1}}}},"branchMap":{"0":{"loc":{"start":{"line":15,"column":2},"end":{"line":15,"column":21}},"type":"default-arg","locations":[{"start":{"line":15,"column":12},"end":{"line":15,"column":21}}]},"1":{"loc":{"start":{"line":16,"column":2},"end":{"line":16,"column":18}},"type":"default-arg","locations":[{"start":{"line":16,"column":13},"end":{"line":16,"column":18}}]},"2":{"loc":{"start":{"line":17,"column":2},"end":{"line":17,"column":16}},"type":"default-arg","locations":[{"start":{"line":17,"column":14},"end":{"line":17,"column":16}}]}},"s":{"0":1,"1":1,"2":1,"3":10,"4":1},"f":{"0":10},"b":{"0":[7],"1":[9],"2":[8]}}
,"C:\\Users\\user\\Documents\\projects\\js_NTV\\ui-library\\src\\Canvas\\NetworkCanvas.tsx": {"path":"C:\\Users\\user\\Documents\\projects\\js_NTV\\ui-library\\src\\Canvas\\NetworkCanvas.tsx","statementMap":{"0":{"start":{"line":1,"column":0},"end":{"line":1,"column":56}},"1":{"start":{"line":3,"column":0},"end":{"line":3,"column":null}},"2":{"start":{"line":17,"column":0},"end":{"line":17,"column":33}},"3":{"start":{"line":19,"column":0},"end":{"line":19,"column":49}},"4":{"start":{"line":20,"column":0},"end":{"line":20,"column":31}},"5":{"start":{"line":21,"column":0},"end":{"line":21,"column":null}},"6":{"start":{"line":44,"column":29},"end":{"line":46,"column":null}},"7":{"start":{"line":48,"column":39},"end":{"line":48,"column":41}},"8":{"start":{"line":49,"column":39},"end":{"line":49,"column":41}},"9":{"start":{"line":51,"column":17},"end":{"line":169,"column":1}},"10":{"start":{"line":52,"column":43},"end":{"line":52,"column":70}},"11":{"start":{"line":53,"column":43},"end":{"line":53,"column":70}},"12":{"start":{"line":54,"column":42},"end":{"line":54,"column":79}},"13":{"start":{"line":55,"column":42},"end":{"line":55,"column":79}},"14":{"start":{"line":57,"column":20},"end":{"line":94,"column":null}},"15":{"start":{"line":59,"column":25},"end":{"line":59,"column":64}},"16":{"start":{"line":59,"column":41},"end":{"line":59,"column":63}},"17":{"start":{"line":60,"column":25},"end":{"line":60,"column":64}},"18":{"start":{"line":60,"column":41},"end":{"line":60,"column":63}},"19":{"start":{"line":62,"column":6},"end":{"line":66,"column":7}},"20":{"start":{"line":63,"column":8},"end":{"line":63,"column":null}},"21":{"start":{"line":65,"column":8},"end":{"line":65,"column":14}},"22":{"start":{"line":68,"column":28},"end":{"line":68,"column":67}},"23":{"start":{"line":70,"column":6},"end":{"line":74,"column":7}},"24":{"start":{"line":71,"column":8},"end":{"line":71,"column":null}},"25":{"start":{"line":73,"column":8},"end":{"line":73,"column":14}},"26":{"start":{"line":76,"column":28},"end":{"line":76,"column":78}},"27":{"start":{"line":78,"column":38},"end":{"line":88,"column":null}},"28":{"start":{"line":90,"column":6},"end":{"line":90,"column":null}},"29":{"start":{"line":90,"column":24},"end":{"line":90,"column":65}},"30":{"start":{"line":91,"column":6},"end":{"line":91,"column":null}},"31":{"start":{"line":92,"column":6},"end":{"line":92,"column":null}},"32":{"start":{"line":97,"column":22},"end":{"line":100,"column":8}},"33":{"start":{"line":98,"column":4},"end":{"line":98,"column":null}},"34":{"start":{"line":99,"column":4},"end":{"line":99,"column":null}},"35":{"start":{"line":102,"column":22},"end":{"line":105,"column":8}},"36":{"start":{"line":103,"column":4},"end":{"line":103,"column":null}},"37":{"start":{"line":104,"column":4},"end":{"line":104,"column":null}},"38":{"start":{"line":107,"column":18},"end":{"line":122,"column":16}},"39":{"start":{"line":108,"column":36},"end":{"line":119,"column":null}},"40":{"start":{"line":121,"column":4},"end":{"line":121,"column":null}},"41":{"start":{"line":121,"column":22},"end":{"line":121,"column":41}},"42":{"start":{"line":126,"column":2},"end":{"line":130,"column":null}},"43":{"start":{"line":127,"column":14},"end":{"line":127,"column":71}},"44":{"start":{"line":129,"column":4},"end":{"line":129,"column":null}},"45":{"start":{"line":132,"column":2},"end":{"line":136,"column":null}},"46":{"start":{"line":133,"column":14},"end":{"line":133,"column":71}},"47":{"start":{"line":135,"column":4},"end":{"line":135,"column":null}},"48":{"start":{"line":138,"column":2},"end":{"line":168,"column":null}},"49":{"start":{"line":171,"column":26},"end":{"line":177,"column":1}},"50":{"start":{"line":172,"column":2},"end":{"line":176,"column":null}},"51":{"start":{"line":179,"column":0},"end":{"line":179,"column":null}}},"fnMap":{"0":{"name":"(anonymous_0)","decl":{"start":{"line":51,"column":17},"end":{"line":51,"column":20}},"loc":{"start":{"line":51,"column":22},"end":{"line":169,"column":1}}},"1":{"name":"(anonymous_1)","decl":{"start":{"line":58,"column":4},"end":{"line":58,"column":5}},"loc":{"start":{"line":58,"column":27},"end":{"line":93,"column":5}}},"2":{"name":"(anonymous_2)","decl":{"start":{"line":59,"column":36},"end":{"line":59,"column":37}},"loc":{"start":{"line":59,"column":41},"end":{"line":59,"column":63}}},"3":{"name":"(anonymous_3)","decl":{"start":{"line":60,"column":36},"end":{"line":60,"column":37}},"loc":{"start":{"line":60,"column":41},"end":{"line":60,"column":63}}},"4":{"name":"(anonymous_4)","decl":{"start":{"line":90,"column":15},"end":{"line":90,"column":16}},"loc":{"start":{"line":90,"column":24},"end":{"line":90,"column":65}}},"5":{"name":"(anonymous_5)","decl":{"start":{"line":97,"column":34},"end":{"line":97,"column":35}},"loc":{"start":{"line":97,"column":75},"end":{"line":100,"column":3}}},"6":{"name":"(anonymous_6)","decl":{"start":{"line":102,"column":34},"end":{"line":102,"column":35}},"loc":{"start":{"line":102,"column":75},"end":{"line":105,"column":3}}},"7":{"name":"(anonymous_7)","decl":{"start":{"line":107,"column":30},"end":{"line":107,"column":31}},"loc":{"start":{"line":107,"column":47},"end":{"line":122,"column":3}}},"8":{"name":"(anonymous_8)","decl":{"start":{"line":121,"column":13},"end":{"line":121,"column":14}},"loc":{"start":{"line":121,"column":22},"end":{"line":121,"column":41}}},"9":{"name":"(anonymous_9)","decl":{"start":{"line":126,"column":18},"end":{"line":126,"column":21}},"loc":{"start":{"line":126,"column":23},"end":{"line":130,"column":3}}},"10":{"name":"(anonymous_10)","decl":{"start":{"line":132,"column":18},"end":{"line":132,"column":21}},"loc":{"start":{"line":132,"column":23},"end":{"line":136,"column":3}}},"11":{"name":"(anonymous_11)","decl":{"start":{"line":171,"column":26},"end":{"line":171,"column":29}},"loc":{"start":{"line":171,"column":31},"end":{"line":177,"column":1}}}},"branchMap":{"0":{"loc":{"start":{"line":62,"column":6},"end":{"line":66,"column":7}},"type":"if","locations":[{"start":{"line":62,"column":6},"end":{"line":66,"column":7}},{"start":{},"end":{}}]},"1":{"loc":{"start":{"line":62,"column":10},"end":{"line":62,"column":36}},"type":"binary-expr","locations":[{"start":{"line":62,"column":10},"end":{"line":62,"column":21}},{"start":{"line":62,"column":25},"end":{"line":62,"column":36}}]},"2":{"loc":{"start":{"line":70,"column":6},"end":{"line":74,"column":7}},"type":"if","locations":[{"start":{"line":70,"column":6},"end":{"line":74,"column":7}},{"start":{},"end":{}}]},"3":{"loc":{"start":{"line":115,"column":12},"end":{"line":115,"column":117}},"type":"cond-expr","locations":[{"start":{"line":115,"column":33},"end":{"line":115,"column":35}},{"start":{"line":115,"column":38},"end":{"line":115,"column":117}}]},"4":{"loc":{"start":{"line":116,"column":14},"end":{"line":116,"column":55}},"type":"cond-expr","locations":[{"start":{"line":116,"column":35},"end":{"line":116,"column":37}},{"start":{"line":116,"column":40},"end":{"line":116,"column":55}}]}},"s":{"0":1,"1":1,"2":1,"3":1,"4":1,"5":1,"6":1,"7":1,"8":1,"9":1,"10":5,"11":5,"12":5,"13":0,"14":0,"15":0,"16":0,"17":0,"18":0,"19":0,"20":0,"21":0,"22":0,"23":0,"24":0,"25":0,"26":0,"27":0,"28":0,"29":0,"30":0,"31":0,"32":0,"33":0,"34":0,"35":0,"36":0,"37":0,"38":0,"39":0,"40":0,"41":0,"42":0,"43":0,"44":0,"45":0,"46":0,"47":0,"48":0,"49":1,"50":3,"51":1},"f":{"0":5,"1":0,"2":0,"3":0,"4":0,"5":0,"6":0,"7":0,"8":0,"9":0,"10":0,"11":3},"b":{"0":[0,0],"1":[0,0],"2":[0,0],"3":[0,0],"4":[0,0]}}
,"C:\\Users\\user\\Documents\\projects\\js_NTV\\ui-library\\src\\Canvas\\Toolbar.tsx": {"path":"C:\\Users\\user\\Documents\\projects\\js_NTV\\ui-library\\src\\Canvas\\Toolbar.tsx","statementMap":{"0":{"start":{"line":1,"column":0},"end":{"line":1,"column":68}},"1":{"start":{"line":5,"column":0},"end":{"line":5,"column":80}},"2":{"start":{"line":6,"column":0},"end":{"line":6,"column":67}},"3":{"start":{"line":24,"column":34},"end":{"line":408,"column":1}},"4":{"start":{"line":33,"column":23},"end":{"line":33,"column":53}},"5":{"start":{"line":34,"column":36},"end":{"line":34,"column":48}},"6":{"start":{"line":35,"column":32},"end":{"line":35,"column":44}},"7":{"start":{"line":36,"column":36},"end":{"line":36,"column":48}},"8":{"start":{"line":37,"column":34},"end":{"line":37,"column":62}},"9":{"start":{"line":38,"column":38},"end":{"line":38,"column":64}},"10":{"start":{"line":40,"column":2},"end":{"line":55,"column":null}},"11":{"start":{"line":41,"column":4},"end":{"line":47,"column":5}},"12":{"start":{"line":42,"column":17},"end":{"line":42,"column":83}},"13":{"start":{"line":44,"column":6},"end":{"line":44,"column":null}},"14":{"start":{"line":45,"column":6},"end":{"line":45,"column":null}},"15":{"start":{"line":46,"column":6},"end":{"line":46,"column":null}},"16":{"start":{"line":49,"column":4},"end":{"line":54,"column":5}},"17":{"start":{"line":50,"column":20},"end":{"line":50,"column":92}},"18":{"start":{"line":52,"column":6},"end":{"line":52,"column":null}},"19":{"start":{"line":53,"column":6},"end":{"line":53,"column":null}},"20":{"start":{"line":57,"column":23},"end":{"line":59,"column":3}},"21":{"start":{"line":58,"column":4},"end":{"line":58,"column":null}},"22":{"start":{"line":61,"column":23},"end":{"line":67,"column":3}},"23":{"start":{"line":62,"column":17},"end":{"line":62,"column":40}},"24":{"start":{"line":64,"column":4},"end":{"line":66,"column":5}},"25":{"start":{"line":65,"column":6},"end":{"line":65,"column":null}},"26":{"start":{"line":69,"column":21},"end":{"line":81,"column":3}},"27":{"start":{"line":70,"column":4},"end":{"line":70,"column":null}},"28":{"start":{"line":70,"column":33},"end":{"line":70,"column":null}},"29":{"start":{"line":71,"column":20},"end":{"line":71,"column":45}},"30":{"start":{"line":73,"column":4},"end":{"line":73,"column":null}},"31":{"start":{"line":73,"column":27},"end":{"line":73,"column":null}},"32":{"start":{"line":74,"column":18},"end":{"line":74,"column":31}},"33":{"start":{"line":76,"column":4},"end":{"line":80,"column":null}},"34":{"start":{"line":77,"column":18},"end":{"line":77,"column":36}},"35":{"start":{"line":79,"column":6},"end":{"line":79,"column":null}},"36":{"start":{"line":83,"column":23},"end":{"line":95,"column":3}},"37":{"start":{"line":84,"column":4},"end":{"line":84,"column":null}},"38":{"start":{"line":84,"column":37},"end":{"line":84,"column":null}},"39":{"start":{"line":85,"column":22},"end":{"line":85,"column":47}},"40":{"start":{"line":87,"column":4},"end":{"line":87,"column":null}},"41":{"start":{"line":87,"column":31},"end":{"line":87,"column":null}},"42":{"start":{"line":88,"column":18},"end":{"line":88,"column":33}},"43":{"start":{"line":90,"column":4},"end":{"line":94,"column":null}},"44":{"start":{"line":91,"column":18},"end":{"line":91,"column":36}},"45":{"start":{"line":93,"column":6},"end":{"line":93,"column":null}},"46":{"start":{"line":97,"column":24},"end":{"line":105,"column":3}},"47":{"start":{"line":98,"column":4},"end":{"line":98,"column":null}},"48":{"start":{"line":98,"column":33},"end":{"line":98,"column":null}},"49":{"start":{"line":100,"column":4},"end":{"line":104,"column":null}},"50":{"start":{"line":101,"column":6},"end":{"line":103,"column":58}},"51":{"start":{"line":107,"column":36},"end":{"line":112,"column":null}},"52":{"start":{"line":114,"column":37},"end":{"line":116,"column":null}},"53":{"start":{"line":118,"column":2},"end":{"line":407,"column":null}},"54":{"start":{"line":129,"column":10},"end":{"line":130,"column":null}},"55":{"start":{"line":143,"column":27},"end":{"line":143,"column":49}},"56":{"start":{"line":154,"column":10},"end":{"line":155,"column":null}},"57":{"start":{"line":168,"column":27},"end":{"line":168,"column":50}},"58":{"start":{"line":189,"column":25},"end":{"line":189,"column":71}},"59":{"start":{"line":218,"column":25},"end":{"line":218,"column":54}},"60":{"start":{"line":248,"column":33},"end":{"line":248,"column":59}},"61":{"start":{"line":261,"column":33},"end":{"line":261,"column":61}},"62":{"start":{"line":279,"column":20},"end":{"line":283,"column":21}},"63":{"start":{"line":280,"column":22},"end":{"line":280,"column":null}},"64":{"start":{"line":282,"column":22},"end":{"line":282,"column":28}},"65":{"start":{"line":285,"column":20},"end":{"line":289,"column":21}},"66":{"start":{"line":286,"column":22},"end":{"line":286,"column":null}},"67":{"start":{"line":288,"column":22},"end":{"line":288,"column":28}},"68":{"start":{"line":291,"column":20},"end":{"line":295,"column":21}},"69":{"start":{"line":292,"column":22},"end":{"line":292,"column":null}},"70":{"start":{"line":294,"column":22},"end":{"line":294,"column":28}},"71":{"start":{"line":298,"column":36},"end":{"line":306,"column":22}},"72":{"start":{"line":299,"column":22},"end":{"line":303,"column":23}},"73":{"start":{"line":300,"column":40},"end":{"line":300,"column":119}},"74":{"start":{"line":302,"column":24},"end":{"line":302,"column":null}},"75":{"start":{"line":305,"column":22},"end":{"line":305,"column":null}},"76":{"start":{"line":308,"column":20},"end":{"line":308,"column":null}},"77":{"start":{"line":309,"column":20},"end":{"line":309,"column":null}},"78":{"start":{"line":318,"column":20},"end":{"line":318,"column":null}},"79":{"start":{"line":319,"column":20},"end":{"line":319,"column":null}},"80":{"start":{"line":320,"column":20},"end":{"line":320,"column":null}},"81":{"start":{"line":347,"column":31},"end":{"line":347,"column":58}},"82":{"start":{"line":351,"column":16},"end":{"line":351,"column":42}},"83":{"start":{"line":360,"column":31},"end":{"line":360,"column":60}},"84":{"start":{"line":373,"column":32},"end":{"line":385,"column":18}},"85":{"start":{"line":374,"column":18},"end":{"line":382,"column":19}},"86":{"start":{"line":375,"column":36},"end":{"line":375,"column":145}},"87":{"start":{"line":377,"column":20},"end":{"line":381,"column":null}},"88":{"start":{"line":384,"column":18},"end":{"line":384,"column":null}},"89":{"start":{"line":387,"column":16},"end":{"line":387,"column":null}},"90":{"start":{"line":396,"column":16},"end":{"line":396,"column":null}},"91":{"start":{"line":397,"column":16},"end":{"line":397,"column":null}},"92":{"start":{"line":410,"column":0},"end":{"line":410,"column":null}}},"fnMap":{"0":{"name":"(anonymous_0)","decl":{"start":{"line":24,"column":34},"end":{"line":24,"column":35}},"loc":{"start":{"line":32,"column":5},"end":{"line":408,"column":1}}},"1":{"name":"(anonymous_1)","decl":{"start":{"line":40,"column":12},"end":{"line":40,"column":15}},"loc":{"start":{"line":40,"column":17},"end":{"line":55,"column":3}}},"2":{"name":"(anonymous_2)","decl":{"start":{"line":57,"column":23},"end":{"line":57,"column":32}},"loc":{"start":{"line":57,"column":34},"end":{"line":59,"column":3}}},"3":{"name":"(anonymous_3)","decl":{"start":{"line":61,"column":23},"end":{"line":61,"column":24}},"loc":{"start":{"line":61,"column":70},"end":{"line":67,"column":3}}},"4":{"name":"(anonymous_4)","decl":{"start":{"line":69,"column":21},"end":{"line":69,"column":22}},"loc":{"start":{"line":69,"column":45},"end":{"line":81,"column":3}}},"5":{"name":"(anonymous_5)","decl":{"start":{"line":76,"column":23},"end":{"line":76,"column":27}},"loc":{"start":{"line":76,"column":30},"end":{"line":80,"column":5}}},"6":{"name":"(anonymous_6)","decl":{"start":{"line":83,"column":23},"end":{"line":83,"column":24}},"loc":{"start":{"line":83,"column":49},"end":{"line":95,"column":3}}},"7":{"name":"(anonymous_7)","decl":{"start":{"line":90,"column":23},"end":{"line":90,"column":27}},"loc":{"start":{"line":90,"column":30},"end":{"line":94,"column":5}}},"8":{"name":"(anonymous_8)","decl":{"start":{"line":97,"column":24},"end":{"line":97,"column":25}},"loc":{"start":{"line":97,"column":64},"end":{"line":105,"column":3}}},"9":{"name":"(anonymous_9)","decl":{"start":{"line":100,"column":22},"end":{"line":100,"column":26}},"loc":{"start":{"line":101,"column":6},"end":{"line":103,"column":58}}},"10":{"name":"(anonymous_10)","decl":{"start":{"line":128,"column":25},"end":{"line":128,"column":31}},"loc":{"start":{"line":129,"column":10},"end":{"line":130,"column":null}}},"11":{"name":"(anonymous_11)","decl":{"start":{"line":143,"column":21},"end":{"line":143,"column":24}},"loc":{"start":{"line":143,"column":27},"end":{"line":143,"column":49}}},"12":{"name":"(anonymous_12)","decl":{"start":{"line":153,"column":26},"end":{"line":153,"column":33}},"loc":{"start":{"line":154,"column":10},"end":{"line":155,"column":null}}},"13":{"name":"(anonymous_13)","decl":{"start":{"line":168,"column":21},"end":{"line":168,"column":24}},"loc":{"start":{"line":168,"column":27},"end":{"line":168,"column":50}}},"14":{"name":"(anonymous_14)","decl":{"start":{"line":189,"column":19},"end":{"line":189,"column":22}},"loc":{"start":{"line":189,"column":25},"end":{"line":189,"column":71}}},"15":{"name":"(anonymous_15)","decl":{"start":{"line":218,"column":19},"end":{"line":218,"column":22}},"loc":{"start":{"line":218,"column":25},"end":{"line":218,"column":54}}},"16":{"name":"(anonymous_16)","decl":{"start":{"line":248,"column":26},"end":{"line":248,"column":27}},"loc":{"start":{"line":248,"column":33},"end":{"line":248,"column":59}}},"17":{"name":"(anonymous_17)","decl":{"start":{"line":261,"column":26},"end":{"line":261,"column":27}},"loc":{"start":{"line":261,"column":33},"end":{"line":261,"column":61}}},"18":{"name":"(anonymous_18)","decl":{"start":{"line":277,"column":27},"end":{"line":277,"column":30}},"loc":{"start":{"line":277,"column":32},"end":{"line":310,"column":19}}},"19":{"name":"(anonymous_19)","decl":{"start":{"line":298,"column":46},"end":{"line":298,"column":47}},"loc":{"start":{"line":298,"column":50},"end":{"line":306,"column":21}}},"20":{"name":"(anonymous_20)","decl":{"start":{"line":316,"column":27},"end":{"line":316,"column":30}},"loc":{"start":{"line":316,"column":32},"end":{"line":321,"column":19}}},"21":{"name":"(anonymous_21)","decl":{"start":{"line":347,"column":24},"end":{"line":347,"column":25}},"loc":{"start":{"line":347,"column":31},"end":{"line":347,"column":58}}},"22":{"name":"(anonymous_22)","decl":{"start":{"line":350,"column":94},"end":{"line":350,"column":97}},"loc":{"start":{"line":351,"column":16},"end":{"line":351,"column":42}}},"23":{"name":"(anonymous_23)","decl":{"start":{"line":360,"column":24},"end":{"line":360,"column":25}},"loc":{"start":{"line":360,"column":31},"end":{"line":360,"column":60}}},"24":{"name":"(anonymous_24)","decl":{"start":{"line":371,"column":23},"end":{"line":371,"column":26}},"loc":{"start":{"line":371,"column":28},"end":{"line":388,"column":15}}},"25":{"name":"(anonymous_25)","decl":{"start":{"line":373,"column":42},"end":{"line":373,"column":43}},"loc":{"start":{"line":373,"column":46},"end":{"line":385,"column":17}}},"26":{"name":"(anonymous_26)","decl":{"start":{"line":394,"column":23},"end":{"line":394,"column":26}},"loc":{"start":{"line":394,"column":28},"end":{"line":398,"column":15}}}},"branchMap":{"0":{"loc":{"start":{"line":41,"column":4},"end":{"line":47,"column":5}},"type":"if","locations":[{"start":{"line":41,"column":4},"end":{"line":47,"column":5}},{"start":{},"end":{}}]},"1":{"loc":{"start":{"line":44,"column":17},"end":{"line":44,"column":29}},"type":"binary-expr","locations":[{"start":{"line":44,"column":17},"end":{"line":44,"column":23}},{"start":{"line":44,"column":27},"end":{"line":44,"column":29}}]},"2":{"loc":{"start":{"line":45,"column":19},"end":{"line":45,"column":33}},"type":"binary-expr","locations":[{"start":{"line":45,"column":19},"end":{"line":45,"column":27}},{"start":{"line":45,"column":31},"end":{"line":45,"column":33}}]},"3":{"loc":{"start":{"line":49,"column":4},"end":{"line":54,"column":5}},"type":"if","locations":[{"start":{"line":49,"column":4},"end":{"line":54,"column":5}},{"start":{},"end":{}}]},"4":{"loc":{"start":{"line":50,"column":20},"end":{"line":50,"column":92}},"type":"binary-expr","locations":[{"start":{"line":50,"column":20},"end":{"line":50,"column":86}},{"start":{"line":50,"column":90},"end":{"line":50,"column":92}}]},"5":{"loc":{"start":{"line":52,"column":18},"end":{"line":52,"column":51}},"type":"binary-expr","locations":[{"start":{"line":52,"column":18},"end":{"line":52,"column":37}},{"start":{"line":52,"column":41},"end":{"line":52,"column":51}}]},"6":{"loc":{"start":{"line":53,"column":20},"end":{"line":53,"column":43}},"type":"binary-expr","locations":[{"start":{"line":53,"column":20},"end":{"line":53,"column":31}},{"start":{"line":53,"column":35},"end":{"line":53,"column":43}}]},"7":{"loc":{"start":{"line":64,"column":4},"end":{"line":66,"column":5}},"type":"if","locations":[{"start":{"line":64,"column":4},"end":{"line":66,"column":5}},{"start":{},"end":{}}]},"8":{"loc":{"start":{"line":70,"column":4},"end":{"line":70,"column":null}},"type":"if","locations":[{"start":{"line":70,"column":4},"end":{"line":70,"column":null}},{"start":{},"end":{}}]},"9":{"loc":{"start":{"line":70,"column":8},"end":{"line":70,"column":31}},"type":"binary-expr","locations":[{"start":{"line":70,"column":8},"end":{"line":70,"column":11}},{"start":{"line":70,"column":15},"end":{"line":70,"column":31}}]},"10":{"loc":{"start":{"line":73,"column":4},"end":{"line":73,"column":null}},"type":"if","locations":[{"start":{"line":73,"column":4},"end":{"line":73,"column":null}},{"start":{},"end":{}}]},"11":{"loc":{"start":{"line":79,"column":13},"end":{"line":79,"column":35}},"type":"binary-expr","locations":[{"start":{"line":79,"column":13},"end":{"line":79,"column":21}},{"start":{"line":79,"column":25},"end":{"line":79,"column":35}}]},"12":{"loc":{"start":{"line":84,"column":4},"end":{"line":84,"column":null}},"type":"if","locations":[{"start":{"line":84,"column":4},"end":{"line":84,"column":null}},{"start":{},"end":{}}]},"13":{"loc":{"start":{"line":84,"column":8},"end":{"line":84,"column":35}},"type":"binary-expr","locations":[{"start":{"line":84,"column":8},"end":{"line":84,"column":13}},{"start":{"line":84,"column":17},"end":{"line":84,"column":35}}]},"14":{"loc":{"start":{"line":87,"column":4},"end":{"line":87,"column":null}},"type":"if","locations":[{"start":{"line":87,"column":4},"end":{"line":87,"column":null}},{"start":{},"end":{}}]},"15":{"loc":{"start":{"line":93,"column":13},"end":{"line":93,"column":35}},"type":"binary-expr","locations":[{"start":{"line":93,"column":13},"end":{"line":93,"column":21}},{"start":{"line":93,"column":25},"end":{"line":93,"column":35}}]},"16":{"loc":{"start":{"line":98,"column":4},"end":{"line":98,"column":null}},"type":"if","locations":[{"start":{"line":98,"column":4},"end":{"line":98,"column":null}},{"start":{},"end":{}}]},"17":{"loc":{"start":{"line":98,"column":8},"end":{"line":98,"column":31}},"type":"binary-expr","locations":[{"start":{"line":98,"column":8},"end":{"line":98,"column":11}},{"start":{"line":98,"column":15},"end":{"line":98,"column":31}}]},"18":{"loc":{"start":{"line":101,"column":6},"end":{"line":103,"column":58}},"type":"binary-expr","locations":[{"start":{"line":101,"column":6},"end":{"line":101,"column":24}},{"start":{"line":102,"column":7},"end":{"line":102,"column":62}},{"start":{"line":103,"column":7},"end":{"line":103,"column":58}}]},"19":{"loc":{"start":{"line":231,"column":7},"end":{"line":329,"column":null}},"type":"binary-expr","locations":[{"start":{"line":231,"column":7},"end":{"line":231,"column":19}},{"start":{"line":232,"column":8},"end":{"line":328,"column":null}}]},"20":{"loc":{"start":{"line":242,"column":12},"end":{"line":327,"column":null}},"type":"binary-expr","locations":[{"start":{"line":242,"column":12},"end":{"line":242,"column":71}},{"start":{"line":243,"column":12},"end":{"line":326,"column":null}}]},"21":{"loc":{"start":{"line":270,"column":15},"end":{"line":273,"column":null}},"type":"binary-expr","locations":[{"start":{"line":270,"column":15},"end":{"line":270,"column":24}},{"start":{"line":271,"column":16},"end":{"line":272,"column":null}}]},"22":{"loc":{"start":{"line":279,"column":20},"end":{"line":283,"column":21}},"type":"if","locations":[{"start":{"line":279,"column":20},"end":{"line":283,"column":21}},{"start":{},"end":{}}]},"23":{"loc":{"start":{"line":285,"column":20},"end":{"line":289,"column":21}},"type":"if","locations":[{"start":{"line":285,"column":20},"end":{"line":289,"column":21}},{"start":{},"end":{}}]},"24":{"loc":{"start":{"line":291,"column":20},"end":{"line":295,"column":21}},"type":"if","locations":[{"start":{"line":291,"column":20},"end":{"line":295,"column":21}},{"start":{},"end":{}}]},"25":{"loc":{"start":{"line":299,"column":22},"end":{"line":303,"column":23}},"type":"if","locations":[{"start":{"line":299,"column":22},"end":{"line":303,"column":23}},{"start":{},"end":{}}]},"26":{"loc":{"start":{"line":318,"column":32},"end":{"line":318,"column":79}},"type":"binary-expr","locations":[{"start":{"line":318,"column":32},"end":{"line":318,"column":73}},{"start":{"line":318,"column":77},"end":{"line":318,"column":79}}]},"27":{"loc":{"start":{"line":319,"column":34},"end":{"line":319,"column":85}},"type":"binary-expr","locations":[{"start":{"line":319,"column":34},"end":{"line":319,"column":79}},{"start":{"line":319,"column":83},"end":{"line":319,"column":85}}]},"28":{"loc":{"start":{"line":332,"column":7},"end":{"line":404,"column":null}},"type":"binary-expr","locations":[{"start":{"line":332,"column":7},"end":{"line":332,"column":19}},{"start":{"line":333,"column":8},"end":{"line":403,"column":null}}]},"29":{"loc":{"start":{"line":351,"column":63},"end":{"line":351,"column":106}},"type":"binary-expr","locations":[{"start":{"line":351,"column":63},"end":{"line":351,"column":91}},{"start":{"line":351,"column":95},"end":{"line":351,"column":106}}]},"30":{"loc":{"start":{"line":374,"column":18},"end":{"line":382,"column":19}},"type":"if","locations":[{"start":{"line":374,"column":18},"end":{"line":382,"column":19}},{"start":{},"end":{}}]}},"s":{"0":2,"1":2,"2":2,"3":2,"4":20,"5":20,"6":20,"7":20,"8":20,"9":20,"10":20,"11":6,"12":3,"13":3,"14":3,"15":3,"16":6,"17":2,"18":2,"19":2,"20":20,"21":0,"22":20,"23":0,"24":0,"25":0,"26":20,"27":3,"28":0,"29":3,"30":3,"31":0,"32":3,"33":3,"34":9,"35":9,"36":20,"37":2,"38":0,"39":2,"40":2,"41":0,"42":2,"43":2,"44":8,"45":8,"46":20,"47":2,"48":0,"49":2,"50":2,"51":20,"52":20,"53":20,"54":80,"55":0,"56":20,"57":0,"58":1,"59":0,"60":2,"61":3,"62":3,"63":1,"64":1,"65":2,"66":0,"67":0,"68":2,"69":1,"70":1,"71":1,"72":1,"73":1,"74":1,"75":0,"76":1,"77":1,"78":0,"79":0,"80":0,"81":1,"82":15,"83":0,"84":1,"85":1,"86":1,"87":1,"88":0,"89":1,"90":1,"91":1,"92":2},"f":{"0":20,"1":6,"2":0,"3":0,"4":3,"5":9,"6":2,"7":8,"8":2,"9":2,"10":80,"11":0,"12":20,"13":0,"14":1,"15":0,"16":2,"17":3,"18":3,"19":1,"20":0,"21":1,"22":15,"23":0,"24":1,"25":1,"26":1},"b":{"0":[3,3],"1":[3,1],"2":[3,1],"3":[2,4],"4":[2,0],"5":[2,1],"6":[2,0],"7":[0,0],"8":[0,3],"9":[3,3],"10":[0,3],"11":[9,9],"12":[0,2],"13":[2,2],"14":[0,2],"15":[8,8],"16":[0,2],"17":[2,2],"18":[2,1,1],"19":[20,14],"20":[14,14],"21":[14,2],"22":[1,2],"23":[0,2],"24":[1,1],"25":[1,0],"26":[0,0],"27":[0,0],"28":[20,5],"29":[15,0],"30":[1,0]}}
,"C:\\Users\\user\\Documents\\projects\\js_NTV\\ui-library\\src\\Canvas\\CustomNodes\\CustomNode.tsx": {"path":"C:\\Users\\user\\Documents\\projects\\js_NTV\\ui-library\\src\\Canvas\\CustomNodes\\CustomNode.tsx","statementMap":{"0":{"start":{"line":1,"column":0},"end":{"line":1,"column":39}},"1":{"start":{"line":3,"column":0},"end":{"line":3,"column":55}},"2":{"start":{"line":13,"column":50},"end":{"line":66,"column":2}},"3":{"start":{"line":14,"column":23},"end":{"line":24,"column":3}},"4":{"start":{"line":15,"column":56},"end":{"line":21,"column":null}},"5":{"start":{"line":23,"column":4},"end":{"line":23,"column":null}},"6":{"start":{"line":26,"column":18},"end":{"line":36,"column":3}},"7":{"start":{"line":27,"column":42},"end":{"line":33,"column":null}},"8":{"start":{"line":35,"column":4},"end":{"line":35,"column":null}},"9":{"start":{"line":38,"column":2},"end":{"line":65,"column":null}},"10":{"start":{"line":68,"column":0},"end":{"line":68,"column":null}},"11":{"start":{"line":70,"column":0},"end":{"line":70,"column":null}}},"fnMap":{"0":{"name":"(anonymous_0)","decl":{"start":{"line":13,"column":55},"end":{"line":13,"column":56}},"loc":{"start":{"line":13,"column":68},"end":{"line":66,"column":1}}},"1":{"name":"(anonymous_1)","decl":{"start":{"line":14,"column":23},"end":{"line":14,"column":24}},"loc":{"start":{"line":14,"column":40},"end":{"line":24,"column":3}}},"2":{"name":"(anonymous_2)","decl":{"start":{"line":26,"column":18},"end":{"line":26,"column":19}},"loc":{"start":{"line":26,"column":43},"end":{"line":36,"column":3}}}},"branchMap":{"0":{"loc":{"start":{"line":23,"column":11},"end":{"line":23,"column":40}},"type":"binary-expr","locations":[{"start":{"line":23,"column":11},"end":{"line":23,"column":23}},{"start":{"line":23,"column":27},"end":{"line":23,"column":40}}]},"1":{"loc":{"start":{"line":35,"column":11},"end":{"line":35,"column":30}},"type":"binary-expr","locations":[{"start":{"line":35,"column":11},"end":{"line":35,"column":22}},{"start":{"line":35,"column":26},"end":{"line":35,"column":30}}]},"2":{"loc":{"start":{"line":48,"column":9},"end":{"line":59,"column":null}},"type":"cond-expr","locations":[{"start":{"line":49,"column":10},"end":{"line":54,"column":null}},{"start":{"line":57,"column":10},"end":{"line":57,"column":null}}]},"3":{"loc":{"start":{"line":50,"column":13},"end":{"line":50,"column":48}},"type":"binary-expr","locations":[{"start":{"line":50,"column":13},"end":{"line":50,"column":20}},{"start":{"line":50,"column":24},"end":{"line":50,"column":48}}]},"4":{"loc":{"start":{"line":51,"column":13},"end":{"line":51,"column":98}},"type":"binary-expr","locations":[{"start":{"line":51,"column":13},"end":{"line":51,"column":22}},{"start":{"line":51,"column":26},"end":{"line":51,"column":98}}]}},"s":{"0":2,"1":2,"2":2,"3":2,"4":2,"5":2,"6":2,"7":2,"8":2,"9":2,"10":2,"11":2},"f":{"0":2,"1":2,"2":2},"b":{"0":[2,0],"1":[2,0],"2":[1,1],"3":[1,1],"4":[1,1]}}
,"C:\\Users\\user\\Documents\\projects\\js_NTV\\ui-library\\src\\FileUpload\\FileUpload.tsx": {"path":"C:\\Users\\user\\Documents\\projects\\js_NTV\\ui-library\\src\\FileUpload\\FileUpload.tsx","statementMap":{"0":{"start":{"line":1,"column":0},"end":{"line":1,"column":37}},"1":{"start":{"line":2,"column":0},"end":{"line":2,"column":25}},"2":{"start":{"line":11,"column":46},"end":{"line":47,"column":1}},"3":{"start":{"line":17,"column":23},"end":{"line":17,"column":53}},"4":{"start":{"line":19,"column":27},"end":{"line":25,"column":3}},"5":{"start":{"line":20,"column":17},"end":{"line":20,"column":40}},"6":{"start":{"line":22,"column":4},"end":{"line":24,"column":5}},"7":{"start":{"line":23,"column":6},"end":{"line":23,"column":null}},"8":{"start":{"line":27,"column":2},"end":{"line":46,"column":null}},"9":{"start":{"line":39,"column":23},"end":{"line":39,"column":52}},"10":{"start":{"line":49,"column":0},"end":{"line":49,"column":null}}},"fnMap":{"0":{"name":"(anonymous_0)","decl":{"start":{"line":11,"column":46},"end":{"line":11,"column":47}},"loc":{"start":{"line":16,"column":5},"end":{"line":47,"column":1}}},"1":{"name":"(anonymous_1)","decl":{"start":{"line":19,"column":27},"end":{"line":19,"column":28}},"loc":{"start":{"line":19,"column":74},"end":{"line":25,"column":3}}},"2":{"name":"(anonymous_2)","decl":{"start":{"line":39,"column":17},"end":{"line":39,"column":20}},"loc":{"start":{"line":39,"column":23},"end":{"line":39,"column":52}}}},"branchMap":{"0":{"loc":{"start":{"line":13,"column":2},"end":{"line":13,"column":16}},"type":"default-arg","locations":[{"start":{"line":13,"column":11},"end":{"line":13,"column":16}}]},"1":{"loc":{"start":{"line":14,"column":2},"end":{"line":14,"column":23}},"type":"default-arg","locations":[{"start":{"line":14,"column":10},"end":{"line":14,"column":23}}]},"2":{"loc":{"start":{"line":15,"column":2},"end":{"line":15,"column":18}},"type":"default-arg","locations":[{"start":{"line":15,"column":13},"end":{"line":15,"column":18}}]},"3":{"loc":{"start":{"line":22,"column":4},"end":{"line":24,"column":5}},"type":"if","locations":[{"start":{"line":22,"column":4},"end":{"line":24,"column":5}},{"start":{},"end":{}}]}},"s":{"0":1,"1":1,"2":1,"3":11,"4":11,"5":4,"6":4,"7":3,"8":11,"9":1,"10":1},"f":{"0":11,"1":4,"2":1},"b":{"0":[10],"1":[10],"2":[9],"3":[3,1]}}
,"C:\\Users\\user\\Documents\\projects\\js_NTV\\ui-library\\src\\Layout\\Header.tsx": {"path":"C:\\Users\\user\\Documents\\projects\\js_NTV\\ui-library\\src\\Layout\\Header.tsx","statementMap":{"0":{"start":{"line":1,"column":0},"end":{"line":1,"column":33}},"1":{"start":{"line":3,"column":0},"end":{"line":3,"column":65}},"2":{"start":{"line":15,"column":32},"end":{"line":87,"column":1}},"3":{"start":{"line":16,"column":19},"end":{"line":16,"column":32}},"4":{"start":{"line":17,"column":19},"end":{"line":17,"column":32}},"5":{"start":{"line":19,"column":23},"end":{"line":24,"column":3}},"6":{"start":{"line":20,"column":4},"end":{"line":22,"column":5}},"7":{"start":{"line":21,"column":6},"end":{"line":21,"column":null}},"8":{"start":{"line":23,"column":4},"end":{"line":23,"column":null}},"9":{"start":{"line":26,"column":22},"end":{"line":28,"column":3}},"10":{"start":{"line":27,"column":4},"end":{"line":27,"column":null}},"11":{"start":{"line":30,"column":2},"end":{"line":86,"column":null}},"12":{"start":{"line":89,"column":0},"end":{"line":89,"column":null}}},"fnMap":{"0":{"name":"(anonymous_0)","decl":{"start":{"line":15,"column":32},"end":{"line":15,"column":33}},"loc":{"start":{"line":15,"column":55},"end":{"line":87,"column":1}}},"1":{"name":"(anonymous_1)","decl":{"start":{"line":19,"column":23},"end":{"line":19,"column":32}},"loc":{"start":{"line":19,"column":34},"end":{"line":24,"column":3}}},"2":{"name":"(anonymous_2)","decl":{"start":{"line":26,"column":22},"end":{"line":26,"column":23}},"loc":{"start":{"line":26,"column":52},"end":{"line":28,"column":3}}}},"branchMap":{"0":{"loc":{"start":{"line":20,"column":4},"end":{"line":22,"column":5}},"type":"if","locations":[{"start":{"line":20,"column":4},"end":{"line":22,"column":5}},{"start":{},"end":{}}]},"1":{"loc":{"start":{"line":27,"column":11},"end":{"line":27,"column":60}},"type":"cond-expr","locations":[{"start":{"line":27,"column":22},"end":{"line":27,"column":54}},{"start":{"line":27,"column":57},"end":{"line":27,"column":60}}]},"2":{"loc":{"start":{"line":43,"column":23},"end":{"line":43,"column":81}},"type":"cond-expr","locations":[{"start":{"line":43,"column":51},"end":{"line":43,"column":68}},{"start":{"line":43,"column":71},"end":{"line":43,"column":81}}]},"3":{"loc":{"start":{"line":49,"column":23},"end":{"line":49,"column":87}},"type":"cond-expr","locations":[{"start":{"line":49,"column":57},"end":{"line":49,"column":74}},{"start":{"line":49,"column":77},"end":{"line":49,"column":87}}]},"4":{"loc":{"start":{"line":55,"column":23},"end":{"line":55,"column":88}},"type":"cond-expr","locations":[{"start":{"line":55,"column":58},"end":{"line":55,"column":75}},{"start":{"line":55,"column":78},"end":{"line":55,"column":88}}]},"5":{"loc":{"start":{"line":59,"column":11},"end":{"line":66,"column":null}},"type":"binary-expr","locations":[{"start":{"line":59,"column":11},"end":{"line":59,"column":41}},{"start":{"line":60,"column":12},"end":{"line":63,"column":null}}]},"6":{"loc":{"start":{"line":62,"column":25},"end":{"line":62,"column":88}},"type":"cond-expr","locations":[{"start":{"line":62,"column":58},"end":{"line":62,"column":75}},{"start":{"line":62,"column":78},"end":{"line":62,"column":88}}]},"7":{"loc":{"start":{"line":77,"column":43},"end":{"line":77,"column":63}},"type":"binary-expr","locations":[{"start":{"line":77,"column":43},"end":{"line":77,"column":53}},{"start":{"line":77,"column":57},"end":{"line":77,"column":63}}]}},"s":{"0":1,"1":1,"2":1,"3":2,"4":2,"5":2,"6":1,"7":1,"8":1,"9":2,"10":2,"11":2,"12":1},"f":{"0":2,"1":1,"2":2},"b":{"0":[1,0],"1":[2,0],"2":[1,1],"3":[0,2],"4":[0,2],"5":[2,2],"6":[0,2],"7":[2,0]}}
,"C:\\Users\\user\\Documents\\projects\\js_NTV\\ui-library\\src\\Modal\\Modal.tsx": {"path":"C:\\Users\\user\\Documents\\projects\\js_NTV\\ui-library\\src\\Modal\\Modal.tsx","statementMap":{"0":{"start":{"line":1,"column":0},"end":{"line":1,"column":25}},"1":{"start":{"line":2,"column":0},"end":{"line":2,"column":20}},"2":{"start":{"line":11,"column":36},"end":{"line":29,"column":1}},"3":{"start":{"line":12,"column":2},"end":{"line":12,"column":null}},"4":{"start":{"line":12,"column":15},"end":{"line":12,"column":null}},"5":{"start":{"line":14,"column":2},"end":{"line":28,"column":null}},"6":{"start":{"line":16,"column":53},"end":{"line":16,"column":72}},"7":{"start":{"line":31,"column":0},"end":{"line":31,"column":null}}},"fnMap":{"0":{"name":"(anonymous_0)","decl":{"start":{"line":11,"column":36},"end":{"line":11,"column":37}},"loc":{"start":{"line":11,"column":77},"end":{"line":29,"column":1}}},"1":{"name":"(anonymous_1)","decl":{"start":{"line":16,"column":46},"end":{"line":16,"column":47}},"loc":{"start":{"line":16,"column":53},"end":{"line":16,"column":72}}}},"branchMap":{"0":{"loc":{"start":{"line":12,"column":2},"end":{"line":12,"column":null}},"type":"if","locations":[{"start":{"line":12,"column":2},"end":{"line":12,"column":null}},{"start":{},"end":{}}]},"1":{"loc":{"start":{"line":17,"column":9},"end":{"line":23,"column":null}},"type":"binary-expr","locations":[{"start":{"line":17,"column":9},"end":{"line":17,"column":14}},{"start":{"line":18,"column":10},"end":{"line":22,"column":null}}]}},"s":{"0":1,"1":1,"2":1,"3":11,"4":1,"5":10,"6":3,"7":1},"f":{"0":11,"1":3},"b":{"0":[1,10],"1":[10,9]}}
,"C:\\Users\\user\\Documents\\projects\\js_NTV\\ui-library\\src\\utils\\connectionLogic.ts": {"path":"C:\\Users\\user\\Documents\\projects\\js_NTV\\ui-library\\src\\utils\\connectionLogic.ts","statementMap":{"0":{"start":{"line":5,"column":13},"end":{"line":9,"column":null}},"1":{"start":{"line":11,"column":13},"end":{"line":27,"column":null}},"2":{"start":{"line":29,"column":13},"end":{"line":43,"column":null}},"3":{"start":{"line":70,"column":34},"end":{"line":80,"column":1}},"4":{"start":{"line":71,"column":21},"end":{"line":71,"column":120}},"5":{"start":{"line":72,"column":23},"end":{"line":72,"column":126}},"6":{"start":{"line":74,"column":2},"end":{"line":79,"column":null}},"7":{"start":{"line":70,"column":13},"end":{"line":70,"column":34}},"8":{"start":{"line":82,"column":33},"end":{"line":109,"column":1}},"9":{"start":{"line":83,"column":2},"end":{"line":83,"column":null}},"10":{"start":{"line":83,"column":20},"end":{"line":83,"column":null}},"11":{"start":{"line":85,"column":2},"end":{"line":108,"column":3}},"12":{"start":{"line":86,"column":20},"end":{"line":86,"column":45}},"13":{"start":{"line":87,"column":22},"end":{"line":87,"column":49}},"14":{"start":{"line":89,"column":4},"end":{"line":91,"column":5}},"15":{"start":{"line":90,"column":6},"end":{"line":90,"column":null}},"16":{"start":{"line":93,"column":4},"end":{"line":99,"column":5}},"17":{"start":{"line":93,"column":17},"end":{"line":93,"column":18}},"18":{"start":{"line":94,"column":6},"end":{"line":98,"column":7}},"19":{"start":{"line":97,"column":8},"end":{"line":97,"column":null}},"20":{"start":{"line":101,"column":20},"end":{"line":101,"column":65}},"21":{"start":{"line":101,"column":45},"end":{"line":101,"column":64}},"22":{"start":{"line":103,"column":4},"end":{"line":103,"column":null}},"23":{"start":{"line":105,"column":4},"end":{"line":105,"column":null}},"24":{"start":{"line":107,"column":4},"end":{"line":107,"column":null}},"25":{"start":{"line":82,"column":13},"end":{"line":82,"column":33}},"26":{"start":{"line":111,"column":32},"end":{"line":118,"column":1}},"27":{"start":{"line":112,"column":24},"end":{"line":112,"column":63}},"28":{"start":{"line":113,"column":24},"end":{"line":113,"column":63}},"29":{"start":{"line":115,"column":2},"end":{"line":115,"column":null}},"30":{"start":{"line":115,"column":40},"end":{"line":115,"column":null}},"31":{"start":{"line":117,"column":2},"end":{"line":117,"column":null}},"32":{"start":{"line":111,"column":13},"end":{"line":111,"column":32}},"33":{"start":{"line":120,"column":31},"end":{"line":141,"column":1}},"34":{"start":{"line":121,"column":2},"end":{"line":123,"column":3}},"35":{"start":{"line":122,"column":4},"end":{"line":122,"column":null}},"36":{"start":{"line":125,"column":2},"end":{"line":127,"column":3}},"37":{"start":{"line":126,"column":4},"end":{"line":126,"column":null}},"38":{"start":{"line":129,"column":21},"end":{"line":129,"column":42}},"39":{"start":{"line":131,"column":2},"end":{"line":133,"column":3}},"40":{"start":{"line":132,"column":4},"end":{"line":132,"column":null}},"41":{"start":{"line":140,"column":2},"end":{"line":140,"column":null}},"42":{"start":{"line":120,"column":13},"end":{"line":120,"column":31}},"43":{"start":{"line":143,"column":42},"end":{"line":160,"column":1}},"44":{"start":{"line":144,"column":21},"end":{"line":144,"column":42}},"45":{"start":{"line":145,"column":21},"end":{"line":145,"column":42}},"46":{"start":{"line":147,"column":2},"end":{"line":149,"column":3}},"47":{"start":{"line":148,"column":4},"end":{"line":148,"column":null}},"48":{"start":{"line":151,"column":2},"end":{"line":153,"column":3}},"49":{"start":{"line":152,"column":4},"end":{"line":152,"column":null}},"50":{"start":{"line":155,"column":2},"end":{"line":157,"column":3}},"51":{"start":{"line":156,"column":4},"end":{"line":156,"column":null}},"52":{"start":{"line":159,"column":2},"end":{"line":159,"column":null}},"53":{"start":{"line":143,"column":13},"end":{"line":143,"column":42}},"54":{"start":{"line":176,"column":27},"end":{"line":187,"column":1}},"55":{"start":{"line":177,"column":25},"end":{"line":177,"column":58}},"56":{"start":{"line":178,"column":22},"end":{"line":178,"column":93}},"57":{"start":{"line":180,"column":2},"end":{"line":186,"column":null}},"58":{"start":{"line":176,"column":13},"end":{"line":176,"column":27}},"59":{"start":{"line":189,"column":35},"end":{"line":228,"column":1}},"60":{"start":{"line":190,"column":27},"end":{"line":190,"column":29}},"61":{"start":{"line":192,"column":2},"end":{"line":222,"column":null}},"62":{"start":{"line":193,"column":23},"end":{"line":193,"column":60}},"63":{"start":{"line":193,"column":39},"end":{"line":193,"column":59}},"64":{"start":{"line":194,"column":23},"end":{"line":194,"column":60}},"65":{"start":{"line":194,"column":39},"end":{"line":194,"column":59}},"66":{"start":{"line":196,"column":4},"end":{"line":200,"column":5}},"67":{"start":{"line":197,"column":6},"end":{"line":197,"column":null}},"68":{"start":{"line":199,"column":6},"end":{"line":199,"column":12}},"69":{"start":{"line":203,"column":18},"end":{"line":203,"column":57}},"70":{"start":{"line":205,"column":4},"end":{"line":209,"column":5}},"71":{"start":{"line":206,"column":6},"end":{"line":206,"column":null}},"72":{"start":{"line":208,"column":6},"end":{"line":208,"column":12}},"73":{"start":{"line":212,"column":16},"end":{"line":212,"column":35}},"74":{"start":{"line":213,"column":18},"end":{"line":213,"column":39}},"75":{"start":{"line":214,"column":16},"end":{"line":214,"column":35}},"76":{"start":{"line":215,"column":18},"end":{"line":215,"column":39}},"77":{"start":{"line":217,"column":4},"end":{"line":221,"column":5}},"78":{"start":{"line":218,"column":6},"end":{"line":220,"column":7}},"79":{"start":{"line":219,"column":8},"end":{"line":219,"column":null}},"80":{"start":{"line":224,"column":2},"end":{"line":227,"column":null}},"81":{"start":{"line":189,"column":13},"end":{"line":189,"column":35}}},"fnMap":{"0":{"name":"(anonymous_0)","decl":{"start":{"line":70,"column":34},"end":{"line":70,"column":35}},"loc":{"start":{"line":70,"column":118},"end":{"line":80,"column":1}}},"1":{"name":"(anonymous_1)","decl":{"start":{"line":82,"column":33},"end":{"line":82,"column":34}},"loc":{"start":{"line":82,"column":84},"end":{"line":109,"column":1}}},"2":{"name":"(anonymous_2)","decl":{"start":{"line":101,"column":32},"end":{"line":101,"column":33}},"loc":{"start":{"line":101,"column":45},"end":{"line":101,"column":64}}},"3":{"name":"(anonymous_3)","decl":{"start":{"line":111,"column":32},"end":{"line":111,"column":33}},"loc":{"start":{"line":111,"column":120},"end":{"line":118,"column":1}}},"4":{"name":"(anonymous_4)","decl":{"start":{"line":120,"column":31},"end":{"line":120,"column":32}},"loc":{"start":{"line":120,"column":88},"end":{"line":141,"column":1}}},"5":{"name":"(anonymous_5)","decl":{"start":{"line":143,"column":42},"end":{"line":143,"column":43}},"loc":{"start":{"line":143,"column":89},"end":{"line":160,"column":1}}},"6":{"name":"(anonymous_6)","decl":{"start":{"line":176,"column":27},"end":{"line":176,"column":28}},"loc":{"start":{"line":176,"column":52},"end":{"line":187,"column":1}}},"7":{"name":"(anonymous_7)","decl":{"start":{"line":189,"column":35},"end":{"line":189,"column":36}},"loc":{"start":{"line":189,"column":106},"end":{"line":228,"column":1}}},"8":{"name":"(anonymous_8)","decl":{"start":{"line":192,"column":16},"end":{"line":192,"column":20}},"loc":{"start":{"line":192,"column":23},"end":{"line":222,"column":3}}},"9":{"name":"(anonymous_9)","decl":{"start":{"line":193,"column":34},"end":{"line":193,"column":35}},"loc":{"start":{"line":193,"column":39},"end":{"line":193,"column":59}}},"10":{"name":"(anonymous_10)","decl":{"start":{"line":194,"column":34},"end":{"line":194,"column":35}},"loc":{"start":{"line":194,"column":39},"end":{"line":194,"column":59}}}},"branchMap":{"0":{"loc":{"start":{"line":70,"column":35},"end":{"line":70,"column":70}},"type":"default-arg","locations":[{"start":{"line":70,"column":60},"end":{"line":70,"column":70}}]},"1":{"loc":{"start":{"line":70,"column":72},"end":{"line":70,"column":97}},"type":"default-arg","locations":[{"start":{"line":70,"column":89},"end":{"line":70,"column":97}}]},"2":{"loc":{"start":{"line":71,"column":21},"end":{"line":71,"column":120}},"type":"binary-expr","locations":[{"start":{"line":71,"column":21},"end":{"line":71,"column":90}},{"start":{"line":71,"column":94},"end":{"line":71,"column":120}}]},"3":{"loc":{"start":{"line":72,"column":23},"end":{"line":72,"column":126}},"type":"binary-expr","locations":[{"start":{"line":72,"column":23},"end":{"line":72,"column":91}},{"start":{"line":72,"column":95},"end":{"line":72,"column":126}}]},"4":{"loc":{"start":{"line":78,"column":21},"end":{"line":78,"column":97}},"type":"cond-expr","locations":[{"start":{"line":78,"column":42},"end":{"line":78,"column":69}},{"start":{"line":78,"column":72},"end":{"line":78,"column":97}}]},"5":{"loc":{"start":{"line":83,"column":2},"end":{"line":83,"column":null}},"type":"if","locations":[{"start":{"line":83,"column":2},"end":{"line":83,"column":null}},{"start":{},"end":{}}]},"6":{"loc":{"start":{"line":83,"column":6},"end":{"line":83,"column":18}},"type":"binary-expr","locations":[{"start":{"line":83,"column":6},"end":{"line":83,"column":9}},{"start":{"line":83,"column":13},"end":{"line":83,"column":18}}]},"7":{"loc":{"start":{"line":89,"column":4},"end":{"line":91,"column":5}},"type":"if","locations":[{"start":{"line":89,"column":4},"end":{"line":91,"column":5}},{"start":{},"end":{}}]},"8":{"loc":{"start":{"line":89,"column":8},"end":{"line":89,"column":54}},"type":"binary-expr","locations":[{"start":{"line":89,"column":8},"end":{"line":89,"column":28}},{"start":{"line":89,"column":32},"end":{"line":89,"column":54}}]},"9":{"loc":{"start":{"line":94,"column":6},"end":{"line":98,"column":7}},"type":"if","locations":[{"start":{"line":94,"column":6},"end":{"line":98,"column":7}},{"start":{},"end":{}}]},"10":{"loc":{"start":{"line":94,"column":10},"end":{"line":96,"column":46}},"type":"binary-expr","locations":[{"start":{"line":94,"column":10},"end":{"line":94,"column":27}},{"start":{"line":94,"column":31},"end":{"line":94,"column":50}},{"start":{"line":95,"column":8},"end":{"line":95,"column":22}},{"start":{"line":95,"column":26},"end":{"line":95,"column":42}},{"start":{"line":96,"column":8},"end":{"line":96,"column":24}},{"start":{"line":96,"column":28},"end":{"line":96,"column":46}}]},"11":{"loc":{"start":{"line":115,"column":2},"end":{"line":115,"column":null}},"type":"if","locations":[{"start":{"line":115,"column":2},"end":{"line":115,"column":null}},{"start":{},"end":{}}]},"12":{"loc":{"start":{"line":115,"column":6},"end":{"line":115,"column":38}},"type":"binary-expr","locations":[{"start":{"line":115,"column":6},"end":{"line":115,"column":20}},{"start":{"line":115,"column":24},"end":{"line":115,"column":38}}]},"13":{"loc":{"start":{"line":121,"column":2},"end":{"line":123,"column":3}},"type":"if","locations":[{"start":{"line":121,"column":2},"end":{"line":123,"column":3}},{"start":{},"end":{}}]},"14":{"loc":{"start":{"line":121,"column":6},"end":{"line":121,"column":32}},"type":"binary-expr","locations":[{"start":{"line":121,"column":6},"end":{"line":121,"column":17}},{"start":{"line":121,"column":21},"end":{"line":121,"column":32}}]},"15":{"loc":{"start":{"line":125,"column":2},"end":{"line":127,"column":3}},"type":"if","locations":[{"start":{"line":125,"column":2},"end":{"line":127,"column":3}},{"start":{},"end":{}}]},"16":{"loc":{"start":{"line":131,"column":2},"end":{"line":133,"column":3}},"type":"if","locations":[{"start":{"line":131,"column":2},"end":{"line":133,"column":3}},{"start":{},"end":{}}]},"17":{"loc":{"start":{"line":147,"column":2},"end":{"line":149,"column":3}},"type":"if","locations":[{"start":{"line":147,"column":2},"end":{"line":149,"column":3}},{"start":{},"end":{}}]},"18":{"loc":{"start":{"line":151,"column":2},"end":{"line":153,"column":3}},"type":"if","locations":[{"start":{"line":151,"column":2},"end":{"line":153,"column":3}},{"start":{},"end":{}}]},"19":{"loc":{"start":{"line":151,"column":6},"end":{"line":151,"column":87}},"type":"binary-expr","locations":[{"start":{"line":151,"column":7},"end":{"line":151,"column":30}},{"start":{"line":151,"column":34},"end":{"line":151,"column":57}},{"start":{"line":151,"column":62},"end":{"line":151,"column":87}}]},"20":{"loc":{"start":{"line":155,"column":2},"end":{"line":157,"column":3}},"type":"if","locations":[{"start":{"line":155,"column":2},"end":{"line":157,"column":3}},{"start":{},"end":{}}]},"21":{"loc":{"start":{"line":155,"column":6},"end":{"line":155,"column":87}},"type":"binary-expr","locations":[{"start":{"line":155,"column":7},"end":{"line":155,"column":30}},{"start":{"line":155,"column":34},"end":{"line":155,"column":57}},{"start":{"line":155,"column":62},"end":{"line":155,"column":87}}]},"22":{"loc":{"start":{"line":177,"column":25},"end":{"line":177,"column":58}},"type":"binary-expr","locations":[{"start":{"line":177,"column":25},"end":{"line":177,"column":44}},{"start":{"line":177,"column":48},"end":{"line":177,"column":58}}]},"23":{"loc":{"start":{"line":182,"column":11},"end":{"line":182,"column":41}},"type":"binary-expr","locations":[{"start":{"line":182,"column":11},"end":{"line":182,"column":28}},{"start":{"line":182,"column":32},"end":{"line":182,"column":41}}]},"24":{"loc":{"start":{"line":196,"column":4},"end":{"line":200,"column":5}},"type":"if","locations":[{"start":{"line":196,"column":4},"end":{"line":200,"column":5}},{"start":{},"end":{}}]},"25":{"loc":{"start":{"line":196,"column":8},"end":{"line":196,"column":34}},"type":"binary-expr","locations":[{"start":{"line":196,"column":8},"end":{"line":196,"column":19}},{"start":{"line":196,"column":23},"end":{"line":196,"column":34}}]},"26":{"loc":{"start":{"line":205,"column":4},"end":{"line":209,"column":5}},"type":"if","locations":[{"start":{"line":205,"column":4},"end":{"line":209,"column":5}},{"start":{},"end":{}}]},"27":{"loc":{"start":{"line":217,"column":4},"end":{"line":221,"column":5}},"type":"if","locations":[{"start":{"line":217,"column":4},"end":{"line":221,"column":5}},{"start":{},"end":{}}]},"28":{"loc":{"start":{"line":217,"column":8},"end":{"line":217,"column":36}},"type":"binary-expr","locations":[{"start":{"line":217,"column":8},"end":{"line":217,"column":11}},{"start":{"line":217,"column":15},"end":{"line":217,"column":20}},{"start":{"line":217,"column":24},"end":{"line":217,"column":27}},{"start":{"line":217,"column":31},"end":{"line":217,"column":36}}]},"29":{"loc":{"start":{"line":218,"column":6},"end":{"line":220,"column":7}},"type":"if","locations":[{"start":{"line":218,"column":6},"end":{"line":220,"column":7}},{"start":{},"end":{}}]}},"s":{"0":3,"1":3,"2":3,"3":3,"4":2,"5":2,"6":2,"7":3,"8":3,"9":13,"10":1,"11":12,"12":12,"13":12,"14":12,"15":2,"16":10,"17":10,"18":40,"19":0,"20":10,"21":40,"22":10,"23":0,"24":0,"25":3,"26":3,"27":4,"28":4,"29":4,"30":0,"31":4,"32":3,"33":3,"34":4,"35":1,"36":3,"37":1,"38":2,"39":2,"40":0,"41":2,"42":3,"43":3,"44":4,"45":4,"46":4,"47":1,"48":3,"49":2,"50":1,"51":0,"52":1,"53":3,"54":3,"55":1,"56":1,"57":1,"58":3,"59":3,"60":3,"61":3,"62":3,"63":3,"64":3,"65":6,"66":3,"67":1,"68":1,"69":2,"70":2,"71":0,"72":0,"73":2,"74":2,"75":2,"76":2,"77":2,"78":2,"79":1,"80":3,"81":3},"f":{"0":2,"1":13,"2":40,"3":4,"4":4,"5":4,"6":1,"7":3,"8":3,"9":3,"10":6},"b":{"0":[0],"1":[0],"2":[2,0],"3":[2,0],"4":[0,2],"5":[1,12],"6":[13,12],"7":[2,10],"8":[12,11],"9":[0,40],"10":[40,40,40,40,40,40],"11":[0,4],"12":[4,4],"13":[1,3],"14":[4,3],"15":[1,2],"16":[0,2],"17":[1,3],"18":[2,1],"19":[3,2,2],"20":[0,1],"21":[1,0,1],"22":[1,0],"23":[1,0],"24":[1,2],"25":[3,3],"26":[0,2],"27":[2,0],"28":[2,2,2,2],"29":[1,1]}}
,"C:\\Users\\user\\Documents\\projects\\js_NTV\\ui-library\\src\\utils\\exportUtils.ts": {"path":"C:\\Users\\user\\Documents\\projects\\js_NTV\\ui-library\\src\\utils\\exportUtils.ts","statementMap":{"0":{"start":{"line":10,"column":28},"end":{"line":27,"column":1}},"1":{"start":{"line":11,"column":2},"end":{"line":26,"column":3}},"2":{"start":{"line":12,"column":20},"end":{"line":12,"column":49}},"3":{"start":{"line":13,"column":21},"end":{"line":13,"column":70}},"4":{"start":{"line":15,"column":17},"end":{"line":15,"column":44}},"5":{"start":{"line":17,"column":4},"end":{"line":17,"column":null}},"6":{"start":{"line":18,"column":4},"end":{"line":18,"column":null}},"7":{"start":{"line":19,"column":4},"end":{"line":19,"column":null}},"8":{"start":{"line":20,"column":4},"end":{"line":20,"column":null}},"9":{"start":{"line":21,"column":4},"end":{"line":21,"column":null}},"10":{"start":{"line":22,"column":4},"end":{"line":22,"column":null}},"11":{"start":{"line":24,"column":4},"end":{"line":24,"column":null}},"12":{"start":{"line":25,"column":4},"end":{"line":25,"column":null}},"13":{"start":{"line":10,"column":13},"end":{"line":10,"column":28}},"14":{"start":{"line":29,"column":30},"end":{"line":53,"column":1}},"15":{"start":{"line":30,"column":17},"end":{"line":30,"column":33}},"16":{"start":{"line":32,"column":2},"end":{"line":50,"column":null}},"17":{"start":{"line":33,"column":4},"end":{"line":49,"column":5}},"18":{"start":{"line":34,"column":22},"end":{"line":34,"column":52}},"19":{"start":{"line":35,"column":33},"end":{"line":35,"column":52}},"20":{"start":{"line":37,"column":6},"end":{"line":41,"column":7}},"21":{"start":{"line":38,"column":8},"end":{"line":38,"column":null}},"22":{"start":{"line":40,"column":8},"end":{"line":40,"column":14}},"23":{"start":{"line":43,"column":6},"end":{"line":43,"column":null}},"24":{"start":{"line":44,"column":6},"end":{"line":44,"column":null}},"25":{"start":{"line":45,"column":6},"end":{"line":45,"column":null}},"26":{"start":{"line":47,"column":6},"end":{"line":47,"column":null}},"27":{"start":{"line":48,"column":6},"end":{"line":48,"column":null}},"28":{"start":{"line":52,"column":2},"end":{"line":52,"column":null}},"29":{"start":{"line":29,"column":13},"end":{"line":29,"column":30}}},"fnMap":{"0":{"name":"(anonymous_0)","decl":{"start":{"line":10,"column":28},"end":{"line":10,"column":29}},"loc":{"start":{"line":10,"column":57},"end":{"line":27,"column":1}}},"1":{"name":"(anonymous_1)","decl":{"start":{"line":29,"column":30},"end":{"line":29,"column":31}},"loc":{"start":{"line":29,"column":131},"end":{"line":53,"column":1}}},"2":{"name":"(anonymous_2)","decl":{"start":{"line":32,"column":18},"end":{"line":32,"column":19}},"loc":{"start":{"line":32,"column":28},"end":{"line":50,"column":3}}}},"branchMap":{"0":{"loc":{"start":{"line":37,"column":6},"end":{"line":41,"column":7}},"type":"if","locations":[{"start":{"line":37,"column":6},"end":{"line":41,"column":7}},{"start":{},"end":{}}]},"1":{"loc":{"start":{"line":37,"column":10},"end":{"line":37,"column":36}},"type":"binary-expr","locations":[{"start":{"line":37,"column":10},"end":{"line":37,"column":21}},{"start":{"line":37,"column":25},"end":{"line":37,"column":36}}]}},"s":{"0":2,"1":1,"2":1,"3":1,"4":1,"5":1,"6":1,"7":1,"8":1,"9":1,"10":1,"11":0,"12":0,"13":2,"14":2,"15":1,"16":1,"17":1,"18":1,"19":1,"20":1,"21":0,"22":0,"23":1,"24":1,"25":1,"26":0,"27":0,"28":1,"29":2},"f":{"0":1,"1":1,"2":1},"b":{"0":[0,1],"1":[1,1]}}
}
