TN:
SF:src\Button\Button.tsx
FN:12,(anonymous_0)
FNF:1
FNH:1
FNDA:10,(anonymous_0)
DA:1,1
DA:2,1
DA:12,1
DA:19,10
DA:30,1
LF:5
LH:5
BRDA:15,0,0,7
BRDA:16,1,0,9
BRDA:17,2,0,8
BRF:3
BRH:3
end_of_record
TN:
SF:src\Canvas\NetworkCanvas.tsx
FN:53,(anonymous_0)
FN:60,(anonymous_1)
FN:61,(anonymous_2)
FN:62,(anonymous_3)
FN:95,(anonymous_4)
FN:102,(anonymous_5)
FN:107,(anonymous_6)
FN:112,(anonymous_7)
FN:126,(anonymous_8)
FN:131,(anonymous_9)
FN:137,(anonymous_10)
FN:176,(anonymous_11)
FN:185,(anonymous_12)
FN:202,(anonymous_13)
FN:212,(anonymous_14)
FN:213,(anonymous_15)
FNF:16
FNH:6
FNDA:5,(anonymous_0)
FNDA:0,(anonymous_1)
FNDA:0,(anonymous_2)
FNDA:0,(anonymous_3)
FNDA:0,(anonymous_4)
FNDA:0,(anonymous_5)
FNDA:0,(anonymous_6)
FNDA:0,(anonymous_7)
FNDA:0,(anonymous_8)
FNDA:0,(anonymous_9)
FNDA:0,(anonymous_10)
FNDA:3,(anonymous_11)
FNDA:5,(anonymous_12)
FNDA:3,(anonymous_13)
FNDA:2,(anonymous_14)
FNDA:4,(anonymous_15)
DA:1,3
DA:3,3
DA:17,3
DA:19,3
DA:20,3
DA:21,3
DA:46,3
DA:50,3
DA:51,3
DA:53,3
DA:54,5
DA:55,4
DA:56,4
DA:57,0
DA:59,0
DA:61,0
DA:62,0
DA:64,0
DA:65,0
DA:67,0
DA:70,0
DA:72,0
DA:73,0
DA:75,0
DA:78,0
DA:80,0
DA:81,0
DA:83,0
DA:95,0
DA:96,0
DA:97,0
DA:102,0
DA:103,0
DA:104,0
DA:107,0
DA:108,0
DA:109,0
DA:112,0
DA:113,0
DA:126,0
DA:131,0
DA:132,0
DA:134,0
DA:137,0
DA:138,0
DA:140,0
DA:143,0
DA:176,3
DA:177,3
DA:185,3
DA:186,5
DA:202,3
DA:212,3
DA:213,4
DA:215,3
DA:216,1
DA:219,2
DA:221,2
DA:222,1
DA:225,1
DA:227,1
DA:228,1
DA:230,1
DA:242,1
DA:245,3
LF:65
LH:31
BRDA:64,0,0,0
BRDA:64,0,1,0
BRDA:64,1,0,0
BRDA:64,1,1,0
BRDA:72,2,0,0
BRDA:72,2,1,0
BRDA:120,3,0,0
BRDA:120,3,1,0
BRDA:121,4,0,0
BRDA:121,4,1,0
BRDA:185,5,0,0
BRDA:185,6,0,0
BRDA:193,7,0,1
BRDA:193,7,1,4
BRDA:194,8,0,1
BRDA:194,8,1,4
BRDA:205,9,0,2
BRDA:207,10,0,3
BRDA:209,11,0,3
BRDA:215,12,0,1
BRDA:215,12,1,2
BRDA:215,13,0,3
BRDA:215,13,1,2
BRDA:221,14,0,1
BRDA:221,14,1,1
BRF:25
BRH:13
end_of_record
TN:
SF:src\Canvas\Toolbar.tsx
FN:24,(anonymous_0)
FN:40,(anonymous_1)
FN:57,(anonymous_2)
FN:61,(anonymous_3)
FN:73,(anonymous_4)
FN:80,(anonymous_5)
FN:87,(anonymous_6)
FN:94,(anonymous_7)
FN:101,(anonymous_8)
FN:104,(anonymous_9)
FN:132,(anonymous_10)
FN:147,(anonymous_11)
FN:157,(anonymous_12)
FN:172,(anonymous_13)
FN:193,(anonymous_14)
FN:222,(anonymous_15)
FN:252,(anonymous_16)
FN:265,(anonymous_17)
FN:281,(anonymous_18)
FN:302,(anonymous_19)
FN:320,(anonymous_20)
FN:351,(anonymous_21)
FN:354,(anonymous_22)
FN:364,(anonymous_23)
FN:375,(anonymous_24)
FN:377,(anonymous_25)
FN:398,(anonymous_26)
FNF:27
FNH:24
FNDA:38,(anonymous_0)
FNDA:10,(anonymous_1)
FNDA:1,(anonymous_2)
FNDA:0,(anonymous_3)
FNDA:7,(anonymous_4)
FNDA:22,(anonymous_5)
FNDA:5,(anonymous_6)
FNDA:17,(anonymous_7)
FNDA:4,(anonymous_8)
FNDA:5,(anonymous_9)
FNDA:152,(anonymous_10)
FNDA:1,(anonymous_11)
FNDA:38,(anonymous_12)
FNDA:1,(anonymous_13)
FNDA:2,(anonymous_14)
FNDA:0,(anonymous_15)
FNDA:7,(anonymous_16)
FNDA:5,(anonymous_17)
FNDA:7,(anonymous_18)
FNDA:3,(anonymous_19)
FNDA:1,(anonymous_20)
FNDA:1,(anonymous_21)
FNDA:21,(anonymous_22)
FNDA:0,(anonymous_23)
FNDA:1,(anonymous_24)
FNDA:1,(anonymous_25)
FNDA:1,(anonymous_26)
DA:1,5
DA:5,5
DA:6,5
DA:24,5
DA:33,38
DA:34,38
DA:35,38
DA:36,38
DA:37,38
DA:38,38
DA:40,38
DA:41,10
DA:42,4
DA:44,4
DA:45,4
DA:46,4
DA:49,10
DA:50,3
DA:52,3
DA:53,3
DA:57,38
DA:58,1
DA:61,38
DA:62,0
DA:64,0
DA:65,0
DA:73,38
DA:74,7
DA:75,7
DA:77,7
DA:78,7
DA:80,7
DA:81,22
DA:83,22
DA:87,38
DA:88,5
DA:89,5
DA:91,5
DA:92,5
DA:94,5
DA:95,17
DA:97,17
DA:101,38
DA:102,4
DA:104,4
DA:105,5
DA:111,38
DA:118,38
DA:122,38
DA:133,152
DA:147,1
DA:158,38
DA:172,1
DA:193,2
DA:222,0
DA:252,7
DA:265,5
DA:283,7
DA:284,2
DA:286,2
DA:289,5
DA:290,1
DA:292,1
DA:295,4
DA:296,2
DA:298,2
DA:302,2
DA:303,3
DA:304,2
DA:306,2
DA:309,1
DA:312,2
DA:313,2
DA:322,1
DA:323,1
DA:324,1
DA:351,1
DA:355,21
DA:364,0
DA:377,1
DA:378,1
DA:379,1
DA:381,1
DA:388,0
DA:391,1
DA:400,1
DA:401,1
DA:414,5
LF:88
LH:82
BRDA:41,0,0,4
BRDA:41,0,1,6
BRDA:44,1,0,4
BRDA:44,1,1,1
BRDA:45,2,0,4
BRDA:45,2,1,1
BRDA:49,3,0,3
BRDA:49,3,1,7
BRDA:50,4,0,3
BRDA:50,4,1,0
BRDA:52,5,0,3
BRDA:52,5,1,1
BRDA:53,6,0,3
BRDA:53,6,1,0
BRDA:64,7,0,0
BRDA:64,7,1,0
BRDA:74,8,0,0
BRDA:74,8,1,7
BRDA:74,9,0,7
BRDA:74,9,1,7
BRDA:77,10,0,0
BRDA:77,10,1,7
BRDA:83,11,0,22
BRDA:83,11,1,22
BRDA:88,12,0,0
BRDA:88,12,1,5
BRDA:88,13,0,5
BRDA:88,13,1,5
BRDA:91,14,0,0
BRDA:91,14,1,5
BRDA:97,15,0,17
BRDA:97,15,1,17
BRDA:102,16,0,0
BRDA:102,16,1,4
BRDA:102,17,0,4
BRDA:102,17,1,4
BRDA:105,18,0,5
BRDA:105,18,1,3
BRDA:105,18,2,2
BRDA:235,19,0,38
BRDA:235,19,1,28
BRDA:246,20,0,28
BRDA:246,20,1,28
BRDA:274,21,0,28
BRDA:274,21,1,10
BRDA:283,22,0,2
BRDA:283,22,1,5
BRDA:289,23,0,1
BRDA:289,23,1,4
BRDA:295,24,0,2
BRDA:295,24,1,2
BRDA:303,25,0,2
BRDA:303,25,1,1
BRDA:322,26,0,1
BRDA:322,26,1,0
BRDA:323,27,0,1
BRDA:323,27,1,0
BRDA:336,28,0,38
BRDA:336,28,1,7
BRDA:355,29,0,21
BRDA:355,29,1,0
BRDA:378,30,0,1
BRDA:378,30,1,0
BRF:63
BRH:50
end_of_record
TN:
SF:src\Canvas\CustomNodes\CustomNode.tsx
FN:13,(anonymous_0)
FN:14,(anonymous_1)
FN:26,(anonymous_2)
FNF:3
FNH:3
FNDA:2,(anonymous_0)
FNDA:2,(anonymous_1)
FNDA:2,(anonymous_2)
DA:1,4
DA:3,4
DA:13,4
DA:14,2
DA:15,2
DA:23,2
DA:26,2
DA:27,2
DA:35,2
DA:38,2
DA:68,4
DA:70,4
LF:12
LH:12
BRDA:23,0,0,2
BRDA:23,0,1,0
BRDA:35,1,0,2
BRDA:35,1,1,0
BRDA:48,2,0,1
BRDA:48,2,1,1
BRDA:50,3,0,1
BRDA:50,3,1,1
BRDA:51,4,0,1
BRDA:51,4,1,1
BRF:10
BRH:8
end_of_record
TN:
SF:src\FileUpload\FileUpload.tsx
FN:11,(anonymous_0)
FN:19,(anonymous_1)
FN:39,(anonymous_2)
FNF:3
FNH:3
FNDA:11,(anonymous_0)
FNDA:4,(anonymous_1)
FNDA:1,(anonymous_2)
DA:1,1
DA:2,1
DA:11,1
DA:17,11
DA:19,11
DA:20,4
DA:22,4
DA:23,3
DA:27,11
DA:39,1
DA:49,1
LF:11
LH:11
BRDA:13,0,0,10
BRDA:14,1,0,10
BRDA:15,2,0,9
BRDA:22,3,0,3
BRDA:22,3,1,1
BRF:5
BRH:5
end_of_record
TN:
SF:src\Layout\Header.tsx
FN:15,(anonymous_0)
FN:19,(anonymous_1)
FN:26,(anonymous_2)
FNF:3
FNH:3
FNDA:2,(anonymous_0)
FNDA:1,(anonymous_1)
FNDA:2,(anonymous_2)
DA:3,1
DA:15,1
DA:16,2
DA:17,2
DA:19,2
DA:20,1
DA:21,1
DA:23,1
DA:26,2
DA:27,2
DA:30,2
DA:89,1
LF:12
LH:12
BRDA:20,0,0,1
BRDA:20,0,1,0
BRDA:27,1,0,2
BRDA:27,1,1,0
BRDA:43,2,0,1
BRDA:43,2,1,1
BRDA:49,3,0,0
BRDA:49,3,1,2
BRDA:55,4,0,0
BRDA:55,4,1,2
BRDA:59,5,0,2
BRDA:59,5,1,2
BRDA:62,6,0,0
BRDA:62,6,1,2
BRDA:77,7,0,2
BRDA:77,7,1,0
BRF:16
BRH:10
end_of_record
TN:
SF:src\Modal\Modal.tsx
FN:11,(anonymous_0)
FN:16,(anonymous_1)
FNF:2
FNH:2
FNDA:11,(anonymous_0)
FNDA:3,(anonymous_1)
DA:1,1
DA:2,1
DA:11,1
DA:12,11
DA:14,10
DA:16,3
DA:31,1
LF:7
LH:7
BRDA:12,0,0,1
BRDA:12,0,1,10
BRDA:17,1,0,10
BRDA:17,1,1,9
BRF:4
BRH:4
end_of_record
TN:
SF:src\utils\connectionLogic.ts
FN:70,(anonymous_0)
FN:84,(anonymous_1)
FN:103,(anonymous_2)
FN:113,(anonymous_3)
FN:122,(anonymous_4)
FN:145,(anonymous_5)
FN:178,(anonymous_6)
FN:191,(anonymous_7)
FN:194,(anonymous_8)
FN:195,(anonymous_9)
FN:196,(anonymous_10)
FNF:11
FNH:11
FNDA:4,(anonymous_0)
FNDA:23,(anonymous_1)
FNDA:68,(anonymous_2)
FNDA:7,(anonymous_3)
FNDA:10,(anonymous_4)
FNDA:8,(anonymous_5)
FNDA:2,(anonymous_6)
FNDA:5,(anonymous_7)
FNDA:5,(anonymous_8)
FNDA:5,(anonymous_9)
FNDA:10,(anonymous_10)
DA:5,7
DA:11,7
DA:29,7
DA:70,7
DA:71,4
DA:72,4
DA:74,4
DA:76,4
DA:84,7
DA:85,23
DA:87,21
DA:88,21
DA:89,21
DA:91,21
DA:92,3
DA:95,18
DA:96,69
DA:99,1
DA:103,68
DA:105,17
DA:107,0
DA:109,0
DA:113,7
DA:114,7
DA:115,7
DA:117,7
DA:119,7
DA:122,7
DA:123,10
DA:124,2
DA:127,8
DA:128,2
DA:131,6
DA:133,6
DA:134,1
DA:142,5
DA:145,7
DA:146,8
DA:147,8
DA:149,8
DA:150,2
DA:153,6
DA:154,4
DA:157,2
DA:158,0
DA:161,2
DA:178,7
DA:179,2
DA:180,2
DA:182,2
DA:191,7
DA:192,5
DA:194,5
DA:195,5
DA:196,10
DA:198,5
DA:199,2
DA:201,2
DA:205,3
DA:207,3
DA:208,0
DA:210,0
DA:214,3
DA:215,3
DA:216,3
DA:217,3
DA:219,3
DA:220,3
DA:221,2
DA:226,5
LF:70
LH:65
BRDA:70,0,0,0
BRDA:70,1,0,0
BRDA:71,2,0,4
BRDA:71,2,1,0
BRDA:72,3,0,4
BRDA:72,3,1,0
BRDA:74,4,0,1
BRDA:74,4,1,3
BRDA:80,5,0,4
BRDA:80,5,1,0
BRDA:85,6,0,2
BRDA:85,6,1,21
BRDA:85,7,0,23
BRDA:85,7,1,21
BRDA:91,8,0,3
BRDA:91,8,1,18
BRDA:91,9,0,21
BRDA:91,9,1,19
BRDA:96,10,0,1
BRDA:96,10,1,68
BRDA:96,11,0,69
BRDA:96,11,1,69
BRDA:96,11,2,69
BRDA:96,11,3,69
BRDA:96,11,4,68
BRDA:96,11,5,68
BRDA:117,12,0,0
BRDA:117,12,1,7
BRDA:117,13,0,7
BRDA:117,13,1,7
BRDA:123,14,0,2
BRDA:123,14,1,8
BRDA:123,15,0,10
BRDA:123,15,1,8
BRDA:127,16,0,2
BRDA:127,16,1,6
BRDA:133,17,0,1
BRDA:133,17,1,5
BRDA:149,18,0,2
BRDA:149,18,1,6
BRDA:153,19,0,4
BRDA:153,19,1,2
BRDA:153,20,0,6
BRDA:153,20,1,3
BRDA:153,20,2,4
BRDA:157,21,0,0
BRDA:157,21,1,2
BRDA:157,22,0,2
BRDA:157,22,1,0
BRDA:157,22,2,2
BRDA:179,23,0,2
BRDA:179,23,1,1
BRDA:184,24,0,2
BRDA:184,24,1,0
BRDA:198,25,0,2
BRDA:198,25,1,3
BRDA:198,26,0,5
BRDA:198,26,1,5
BRDA:207,27,0,0
BRDA:207,27,1,3
BRDA:219,28,0,3
BRDA:219,28,1,0
BRDA:219,29,0,3
BRDA:219,29,1,3
BRDA:219,29,2,3
BRDA:219,29,3,3
BRDA:220,30,0,2
BRDA:220,30,1,1
BRF:68
BRH:57
end_of_record
TN:
SF:src\utils\exportUtils.ts
FN:10,(anonymous_0)
FN:29,(anonymous_1)
FN:32,(anonymous_2)
FNF:3
FNH:3
FNDA:3,(anonymous_0)
FNDA:4,(anonymous_1)
FNDA:4,(anonymous_2)
DA:10,5
DA:11,3
DA:12,3
DA:13,3
DA:15,3
DA:17,3
DA:18,2
DA:19,2
DA:20,2
DA:21,2
DA:22,2
DA:24,1
DA:25,1
DA:29,5
DA:30,4
DA:32,4
DA:33,4
DA:34,4
DA:35,4
DA:37,3
DA:38,1
DA:40,1
DA:43,2
DA:44,2
DA:45,2
DA:47,1
DA:48,1
DA:52,4
LF:28
LH:28
BRDA:37,0,0,1
BRDA:37,0,1,2
BRDA:37,1,0,3
BRDA:37,1,1,2
BRF:4
BRH:4
end_of_record
