TN:
SF:src\Button\Button.tsx
FN:12,(anonymous_0)
FNF:1
FNH:1
FNDA:10,(anonymous_0)
DA:1,1
DA:2,1
DA:12,1
DA:19,10
DA:30,1
LF:5
LH:5
BRDA:15,0,0,7
BRDA:16,1,0,9
BRDA:17,2,0,8
BRF:3
BRH:3
end_of_record
TN:
SF:src\Canvas\NetworkCanvas.tsx
FN:51,(anonymous_0)
FN:58,(anonymous_1)
FN:59,(anonymous_2)
FN:60,(anonymous_3)
FN:90,(anonymous_4)
FN:97,(anonymous_5)
FN:102,(anonymous_6)
FN:107,(anonymous_7)
FN:121,(anonymous_8)
FN:126,(anonymous_9)
FN:132,(anonymous_10)
FN:171,(anonymous_11)
FNF:12
FNH:2
FNDA:5,(anonymous_0)
FNDA:0,(anonymous_1)
FNDA:0,(anonymous_2)
FNDA:0,(anonymous_3)
FNDA:0,(anonymous_4)
FNDA:0,(anonymous_5)
FNDA:0,(anonymous_6)
FNDA:0,(anonymous_7)
FNDA:0,(anonymous_8)
FNDA:0,(anonymous_9)
FNDA:0,(anonymous_10)
FNDA:3,(anonymous_11)
DA:1,1
DA:3,1
DA:17,1
DA:19,1
DA:20,1
DA:21,1
DA:44,1
DA:48,1
DA:49,1
DA:51,1
DA:52,5
DA:53,5
DA:54,5
DA:55,0
DA:57,0
DA:59,0
DA:60,0
DA:62,0
DA:63,0
DA:65,0
DA:68,0
DA:70,0
DA:71,0
DA:73,0
DA:76,0
DA:78,0
DA:90,0
DA:91,0
DA:92,0
DA:97,0
DA:98,0
DA:99,0
DA:102,0
DA:103,0
DA:104,0
DA:107,0
DA:108,0
DA:121,0
DA:126,0
DA:127,0
DA:129,0
DA:132,0
DA:133,0
DA:135,0
DA:138,0
DA:171,1
DA:172,3
DA:179,1
LF:48
LH:16
BRDA:62,0,0,0
BRDA:62,0,1,0
BRDA:62,1,0,0
BRDA:62,1,1,0
BRDA:70,2,0,0
BRDA:70,2,1,0
BRDA:115,3,0,0
BRDA:115,3,1,0
BRDA:116,4,0,0
BRDA:116,4,1,0
BRF:10
BRH:0
end_of_record
TN:
SF:src\Canvas\Toolbar.tsx
FN:24,(anonymous_0)
FN:40,(anonymous_1)
FN:57,(anonymous_2)
FN:61,(anonymous_3)
FN:69,(anonymous_4)
FN:76,(anonymous_5)
FN:83,(anonymous_6)
FN:90,(anonymous_7)
FN:97,(anonymous_8)
FN:100,(anonymous_9)
FN:128,(anonymous_10)
FN:143,(anonymous_11)
FN:153,(anonymous_12)
FN:168,(anonymous_13)
FN:189,(anonymous_14)
FN:218,(anonymous_15)
FN:248,(anonymous_16)
FN:261,(anonymous_17)
FN:277,(anonymous_18)
FN:298,(anonymous_19)
FN:316,(anonymous_20)
FN:347,(anonymous_21)
FN:350,(anonymous_22)
FN:360,(anonymous_23)
FN:371,(anonymous_24)
FN:373,(anonymous_25)
FN:394,(anonymous_26)
FNF:27
FNH:20
FNDA:20,(anonymous_0)
FNDA:6,(anonymous_1)
FNDA:0,(anonymous_2)
FNDA:0,(anonymous_3)
FNDA:3,(anonymous_4)
FNDA:9,(anonymous_5)
FNDA:2,(anonymous_6)
FNDA:8,(anonymous_7)
FNDA:2,(anonymous_8)
FNDA:2,(anonymous_9)
FNDA:80,(anonymous_10)
FNDA:0,(anonymous_11)
FNDA:20,(anonymous_12)
FNDA:0,(anonymous_13)
FNDA:1,(anonymous_14)
FNDA:0,(anonymous_15)
FNDA:2,(anonymous_16)
FNDA:3,(anonymous_17)
FNDA:3,(anonymous_18)
FNDA:1,(anonymous_19)
FNDA:0,(anonymous_20)
FNDA:1,(anonymous_21)
FNDA:15,(anonymous_22)
FNDA:0,(anonymous_23)
FNDA:1,(anonymous_24)
FNDA:1,(anonymous_25)
FNDA:1,(anonymous_26)
DA:1,2
DA:5,2
DA:6,2
DA:24,2
DA:33,20
DA:34,20
DA:35,20
DA:36,20
DA:37,20
DA:38,20
DA:40,20
DA:41,6
DA:42,3
DA:44,3
DA:45,3
DA:46,3
DA:49,6
DA:50,2
DA:52,2
DA:53,2
DA:57,20
DA:58,0
DA:61,20
DA:62,0
DA:64,0
DA:65,0
DA:69,20
DA:70,3
DA:71,3
DA:73,3
DA:74,3
DA:76,3
DA:77,9
DA:79,9
DA:83,20
DA:84,2
DA:85,2
DA:87,2
DA:88,2
DA:90,2
DA:91,8
DA:93,8
DA:97,20
DA:98,2
DA:100,2
DA:101,2
DA:107,20
DA:114,20
DA:118,20
DA:129,80
DA:143,0
DA:154,20
DA:168,0
DA:189,1
DA:218,0
DA:248,2
DA:261,3
DA:279,3
DA:280,1
DA:282,1
DA:285,2
DA:286,0
DA:288,0
DA:291,2
DA:292,1
DA:294,1
DA:298,1
DA:299,1
DA:300,1
DA:302,1
DA:305,0
DA:308,1
DA:309,1
DA:318,0
DA:319,0
DA:320,0
DA:347,1
DA:351,15
DA:360,0
DA:373,1
DA:374,1
DA:375,1
DA:377,1
DA:384,0
DA:387,1
DA:396,1
DA:397,1
DA:410,2
LF:88
LH:73
BRDA:41,0,0,3
BRDA:41,0,1,3
BRDA:44,1,0,3
BRDA:44,1,1,1
BRDA:45,2,0,3
BRDA:45,2,1,1
BRDA:49,3,0,2
BRDA:49,3,1,4
BRDA:50,4,0,2
BRDA:50,4,1,0
BRDA:52,5,0,2
BRDA:52,5,1,1
BRDA:53,6,0,2
BRDA:53,6,1,0
BRDA:64,7,0,0
BRDA:64,7,1,0
BRDA:70,8,0,0
BRDA:70,8,1,3
BRDA:70,9,0,3
BRDA:70,9,1,3
BRDA:73,10,0,0
BRDA:73,10,1,3
BRDA:79,11,0,9
BRDA:79,11,1,9
BRDA:84,12,0,0
BRDA:84,12,1,2
BRDA:84,13,0,2
BRDA:84,13,1,2
BRDA:87,14,0,0
BRDA:87,14,1,2
BRDA:93,15,0,8
BRDA:93,15,1,8
BRDA:98,16,0,0
BRDA:98,16,1,2
BRDA:98,17,0,2
BRDA:98,17,1,2
BRDA:101,18,0,2
BRDA:101,18,1,1
BRDA:101,18,2,1
BRDA:231,19,0,20
BRDA:231,19,1,14
BRDA:242,20,0,14
BRDA:242,20,1,14
BRDA:270,21,0,14
BRDA:270,21,1,2
BRDA:279,22,0,1
BRDA:279,22,1,2
BRDA:285,23,0,0
BRDA:285,23,1,2
BRDA:291,24,0,1
BRDA:291,24,1,1
BRDA:299,25,0,1
BRDA:299,25,1,0
BRDA:318,26,0,0
BRDA:318,26,1,0
BRDA:319,27,0,0
BRDA:319,27,1,0
BRDA:332,28,0,20
BRDA:332,28,1,5
BRDA:351,29,0,15
BRDA:351,29,1,0
BRDA:374,30,0,1
BRDA:374,30,1,0
BRF:63
BRH:46
end_of_record
TN:
SF:src\Canvas\CustomNodes\CustomNode.tsx
FN:13,(anonymous_0)
FN:14,(anonymous_1)
FN:26,(anonymous_2)
FNF:3
FNH:3
FNDA:2,(anonymous_0)
FNDA:2,(anonymous_1)
FNDA:2,(anonymous_2)
DA:1,2
DA:3,2
DA:13,2
DA:14,2
DA:15,2
DA:23,2
DA:26,2
DA:27,2
DA:35,2
DA:38,2
DA:68,2
DA:70,2
LF:12
LH:12
BRDA:23,0,0,2
BRDA:23,0,1,0
BRDA:35,1,0,2
BRDA:35,1,1,0
BRDA:48,2,0,1
BRDA:48,2,1,1
BRDA:50,3,0,1
BRDA:50,3,1,1
BRDA:51,4,0,1
BRDA:51,4,1,1
BRF:10
BRH:8
end_of_record
TN:
SF:src\FileUpload\FileUpload.tsx
FN:11,(anonymous_0)
FN:19,(anonymous_1)
FN:39,(anonymous_2)
FNF:3
FNH:3
FNDA:11,(anonymous_0)
FNDA:4,(anonymous_1)
FNDA:1,(anonymous_2)
DA:1,1
DA:2,1
DA:11,1
DA:17,11
DA:19,11
DA:20,4
DA:22,4
DA:23,3
DA:27,11
DA:39,1
DA:49,1
LF:11
LH:11
BRDA:13,0,0,10
BRDA:14,1,0,10
BRDA:15,2,0,9
BRDA:22,3,0,3
BRDA:22,3,1,1
BRF:5
BRH:5
end_of_record
TN:
SF:src\Layout\Header.tsx
FN:15,(anonymous_0)
FN:19,(anonymous_1)
FN:26,(anonymous_2)
FNF:3
FNH:3
FNDA:2,(anonymous_0)
FNDA:1,(anonymous_1)
FNDA:2,(anonymous_2)
DA:1,1
DA:3,1
DA:15,1
DA:16,2
DA:17,2
DA:19,2
DA:20,1
DA:21,1
DA:23,1
DA:26,2
DA:27,2
DA:30,2
DA:89,1
LF:13
LH:13
BRDA:20,0,0,1
BRDA:20,0,1,0
BRDA:27,1,0,2
BRDA:27,1,1,0
BRDA:43,2,0,1
BRDA:43,2,1,1
BRDA:49,3,0,0
BRDA:49,3,1,2
BRDA:55,4,0,0
BRDA:55,4,1,2
BRDA:59,5,0,2
BRDA:59,5,1,2
BRDA:62,6,0,0
BRDA:62,6,1,2
BRDA:77,7,0,2
BRDA:77,7,1,0
BRF:16
BRH:10
end_of_record
TN:
SF:src\Modal\Modal.tsx
FN:11,(anonymous_0)
FN:16,(anonymous_1)
FNF:2
FNH:2
FNDA:11,(anonymous_0)
FNDA:3,(anonymous_1)
DA:1,1
DA:2,1
DA:11,1
DA:12,11
DA:14,10
DA:16,3
DA:31,1
LF:7
LH:7
BRDA:12,0,0,1
BRDA:12,0,1,10
BRDA:17,1,0,10
BRDA:17,1,1,9
BRF:4
BRH:4
end_of_record
TN:
SF:src\utils\connectionLogic.ts
FN:70,(anonymous_0)
FN:82,(anonymous_1)
FN:101,(anonymous_2)
FN:111,(anonymous_3)
FN:120,(anonymous_4)
FN:143,(anonymous_5)
FN:176,(anonymous_6)
FN:189,(anonymous_7)
FN:192,(anonymous_8)
FN:193,(anonymous_9)
FN:194,(anonymous_10)
FNF:11
FNH:11
FNDA:2,(anonymous_0)
FNDA:13,(anonymous_1)
FNDA:40,(anonymous_2)
FNDA:4,(anonymous_3)
FNDA:4,(anonymous_4)
FNDA:4,(anonymous_5)
FNDA:1,(anonymous_6)
FNDA:3,(anonymous_7)
FNDA:3,(anonymous_8)
FNDA:3,(anonymous_9)
FNDA:6,(anonymous_10)
DA:5,3
DA:11,3
DA:29,3
DA:70,3
DA:71,2
DA:72,2
DA:74,2
DA:82,3
DA:83,13
DA:85,12
DA:86,12
DA:87,12
DA:89,12
DA:90,2
DA:93,10
DA:94,40
DA:97,0
DA:101,40
DA:103,10
DA:105,0
DA:107,0
DA:111,3
DA:112,4
DA:113,4
DA:115,4
DA:117,4
DA:120,3
DA:121,4
DA:122,1
DA:125,3
DA:126,1
DA:129,2
DA:131,2
DA:132,0
DA:140,2
DA:143,3
DA:144,4
DA:145,4
DA:147,4
DA:148,1
DA:151,3
DA:152,2
DA:155,1
DA:156,0
DA:159,1
DA:176,3
DA:177,1
DA:178,1
DA:180,1
DA:189,3
DA:190,3
DA:192,3
DA:193,3
DA:194,6
DA:196,3
DA:197,1
DA:199,1
DA:203,2
DA:205,2
DA:206,0
DA:208,0
DA:212,2
DA:213,2
DA:214,2
DA:215,2
DA:217,2
DA:218,2
DA:219,1
DA:224,3
LF:69
LH:62
BRDA:70,0,0,0
BRDA:70,1,0,0
BRDA:71,2,0,2
BRDA:71,2,1,0
BRDA:72,3,0,2
BRDA:72,3,1,0
BRDA:78,4,0,0
BRDA:78,4,1,2
BRDA:83,5,0,1
BRDA:83,5,1,12
BRDA:83,6,0,13
BRDA:83,6,1,12
BRDA:89,7,0,2
BRDA:89,7,1,10
BRDA:89,8,0,12
BRDA:89,8,1,11
BRDA:94,9,0,0
BRDA:94,9,1,40
BRDA:94,10,0,40
BRDA:94,10,1,40
BRDA:94,10,2,40
BRDA:94,10,3,40
BRDA:94,10,4,40
BRDA:94,10,5,40
BRDA:115,11,0,0
BRDA:115,11,1,4
BRDA:115,12,0,4
BRDA:115,12,1,4
BRDA:121,13,0,1
BRDA:121,13,1,3
BRDA:121,14,0,4
BRDA:121,14,1,3
BRDA:125,15,0,1
BRDA:125,15,1,2
BRDA:131,16,0,0
BRDA:131,16,1,2
BRDA:147,17,0,1
BRDA:147,17,1,3
BRDA:151,18,0,2
BRDA:151,18,1,1
BRDA:151,19,0,3
BRDA:151,19,1,2
BRDA:151,19,2,2
BRDA:155,20,0,0
BRDA:155,20,1,1
BRDA:155,21,0,1
BRDA:155,21,1,0
BRDA:155,21,2,1
BRDA:177,22,0,1
BRDA:177,22,1,0
BRDA:182,23,0,1
BRDA:182,23,1,0
BRDA:196,24,0,1
BRDA:196,24,1,2
BRDA:196,25,0,3
BRDA:196,25,1,3
BRDA:205,26,0,0
BRDA:205,26,1,2
BRDA:217,27,0,2
BRDA:217,27,1,0
BRDA:217,28,0,2
BRDA:217,28,1,2
BRDA:217,28,2,2
BRDA:217,28,3,2
BRDA:218,29,0,1
BRDA:218,29,1,1
BRF:66
BRH:52
end_of_record
TN:
SF:src\utils\exportUtils.ts
FN:10,(anonymous_0)
FN:29,(anonymous_1)
FN:32,(anonymous_2)
FNF:3
FNH:3
FNDA:1,(anonymous_0)
FNDA:1,(anonymous_1)
FNDA:1,(anonymous_2)
DA:10,2
DA:11,1
DA:12,1
DA:13,1
DA:15,1
DA:17,1
DA:18,1
DA:19,1
DA:20,1
DA:21,1
DA:22,1
DA:24,0
DA:25,0
DA:29,2
DA:30,1
DA:32,1
DA:33,1
DA:34,1
DA:35,1
DA:37,1
DA:38,0
DA:40,0
DA:43,1
DA:44,1
DA:45,1
DA:47,0
DA:48,0
DA:52,1
LF:28
LH:22
BRDA:37,0,0,0
BRDA:37,0,1,1
BRDA:37,1,0,1
BRDA:37,1,1,1
BRF:4
BRH:3
end_of_record
