{"C:\\Users\\user\\Documents\\projects\\js_NTV\\frontend\\src\\App.tsx": {"path":"C:\\Users\\user\\Documents\\projects\\js_NTV\\frontend\\src\\App.tsx","statementMap":{"0":{"start":{"line":1,"column":0},"end":{"line":1,"column":25}},"1":{"start":{"line":3,"column":0},"end":{"line":3,"column":58}},"2":{"start":{"line":4,"column":0},"end":{"line":4,"column":83}},"3":{"start":{"line":6,"column":0},"end":{"line":6,"column":62}},"4":{"start":{"line":7,"column":0},"end":{"line":7,"column":37}},"5":{"start":{"line":8,"column":0},"end":{"line":8,"column":33}},"6":{"start":{"line":9,"column":0},"end":{"line":9,"column":40}},"7":{"start":{"line":10,"column":0},"end":{"line":10,"column":35}},"8":{"start":{"line":11,"column":0},"end":{"line":11,"column":33}},"9":{"start":{"line":13,"column":0},"end":{"line":13,"column":29}},"10":{"start":{"line":15,"column":32},"end":{"line":19,"column":1}},"11":{"start":{"line":16,"column":27},"end":{"line":16,"column":36}},"12":{"start":{"line":18,"column":2},"end":{"line":18,"column":null}},"13":{"start":{"line":25,"column":54},"end":{"line":29,"column":1}},"14":{"start":{"line":26,"column":30},"end":{"line":26,"column":39}},"15":{"start":{"line":28,"column":2},"end":{"line":28,"column":null}},"16":{"start":{"line":35,"column":46},"end":{"line":43,"column":1}},"17":{"start":{"line":36,"column":36},"end":{"line":36,"column":45}},"18":{"start":{"line":38,"column":2},"end":{"line":42,"column":null}},"19":{"start":{"line":49,"column":48},"end":{"line":53,"column":1}},"20":{"start":{"line":50,"column":30},"end":{"line":50,"column":39}},"21":{"start":{"line":52,"column":2},"end":{"line":52,"column":null}},"22":{"start":{"line":55,"column":22},"end":{"line":109,"column":1}},"23":{"start":{"line":56,"column":2},"end":{"line":108,"column":null}},"24":{"start":{"line":111,"column":0},"end":{"line":111,"column":null}}},"fnMap":{"0":{"name":"(anonymous_0)","decl":{"start":{"line":15,"column":32},"end":{"line":15,"column":35}},"loc":{"start":{"line":15,"column":37},"end":{"line":19,"column":1}}},"1":{"name":"(anonymous_1)","decl":{"start":{"line":25,"column":54},"end":{"line":25,"column":55}},"loc":{"start":{"line":25,"column":71},"end":{"line":29,"column":1}}},"2":{"name":"(anonymous_2)","decl":{"start":{"line":35,"column":46},"end":{"line":35,"column":47}},"loc":{"start":{"line":35,"column":63},"end":{"line":43,"column":1}}},"3":{"name":"(anonymous_3)","decl":{"start":{"line":49,"column":48},"end":{"line":49,"column":49}},"loc":{"start":{"line":49,"column":65},"end":{"line":53,"column":1}}},"4":{"name":"(anonymous_4)","decl":{"start":{"line":55,"column":22},"end":{"line":55,"column":25}},"loc":{"start":{"line":55,"column":27},"end":{"line":109,"column":1}}}},"branchMap":{"0":{"loc":{"start":{"line":18,"column":28},"end":{"line":18,"column":45}},"type":"binary-expr","locations":[{"start":{"line":18,"column":28},"end":{"line":18,"column":32}},{"start":{"line":18,"column":36},"end":{"line":18,"column":45}}]},"1":{"loc":{"start":{"line":28,"column":9},"end":{"line":28,"column":62}},"type":"cond-expr","locations":[{"start":{"line":28,"column":27},"end":{"line":28,"column":35}},{"start":{"line":28,"column":38},"end":{"line":28,"column":62}}]},"2":{"loc":{"start":{"line":38,"column":9},"end":{"line":41,"column":null}},"type":"cond-expr","locations":[{"start":{"line":39,"column":4},"end":{"line":39,"column":12}},{"start":{"line":41,"column":4},"end":{"line":41,"column":23}}]},"3":{"loc":{"start":{"line":38,"column":9},"end":{"line":38,"column":58}},"type":"binary-expr","locations":[{"start":{"line":38,"column":9},"end":{"line":38,"column":24}},{"start":{"line":38,"column":28},"end":{"line":38,"column":58}}]},"4":{"loc":{"start":{"line":52,"column":9},"end":{"line":52,"column":58}},"type":"cond-expr","locations":[{"start":{"line":52,"column":28},"end":{"line":52,"column":36}},{"start":{"line":52,"column":39},"end":{"line":52,"column":58}}]}},"s":{"0":2,"1":2,"2":2,"3":2,"4":2,"5":2,"6":2,"7":2,"8":2,"9":2,"10":2,"11":12,"12":12,"13":2,"14":12,"15":12,"16":2,"17":4,"18":4,"19":2,"20":4,"21":4,"22":2,"23":12,"24":2},"f":{"0":12,"1":12,"2":4,"3":4,"4":12},"b":{"0":[12,3],"1":[10,2],"2":[2,2],"3":[4,3],"4":[3,1]}}
,"C:\\Users\\user\\Documents\\projects\\js_NTV\\frontend\\src\\components\\Header\\Header.tsx": {"path":"C:\\Users\\user\\Documents\\projects\\js_NTV\\frontend\\src\\components\\Header\\Header.tsx","statementMap":{"0":{"start":{"line":3,"column":15},"end":{"line":3,"column":44}},"1":{"start":{"line":5,"column":0},"end":{"line":5,"column":null}}},"fnMap":{},"branchMap":{},"s":{"0":1,"1":1},"f":{},"b":{}}
,"C:\\Users\\user\\Documents\\projects\\js_NTV\\frontend\\src\\hooks\\useLocalStorage.ts": {"path":"C:\\Users\\user\\Documents\\projects\\js_NTV\\frontend\\src\\hooks\\useLocalStorage.ts","statementMap":{"0":{"start":{"line":5,"column":0},"end":{"line":5,"column":32}},"1":{"start":{"line":13,"column":31},"end":{"line":51,"column":1}},"2":{"start":{"line":14,"column":40},"end":{"line":28,"column":4}},"3":{"start":{"line":15,"column":4},"end":{"line":27,"column":5}},"4":{"start":{"line":16,"column":19},"end":{"line":16,"column":51}},"5":{"start":{"line":18,"column":6},"end":{"line":20,"column":7}},"6":{"start":{"line":19,"column":8},"end":{"line":19,"column":null}},"7":{"start":{"line":22,"column":6},"end":{"line":22,"column":null}},"8":{"start":{"line":24,"column":6},"end":{"line":24,"column":null}},"9":{"start":{"line":26,"column":6},"end":{"line":26,"column":null}},"10":{"start":{"line":30,"column":19},"end":{"line":39,"column":3}},"11":{"start":{"line":31,"column":4},"end":{"line":38,"column":5}},"12":{"start":{"line":32,"column":27},"end":{"line":32,"column":81}},"13":{"start":{"line":34,"column":6},"end":{"line":34,"column":null}},"14":{"start":{"line":35,"column":6},"end":{"line":35,"column":null}},"15":{"start":{"line":37,"column":6},"end":{"line":37,"column":null}},"16":{"start":{"line":41,"column":22},"end":{"line":48,"column":3}},"17":{"start":{"line":42,"column":4},"end":{"line":47,"column":5}},"18":{"start":{"line":43,"column":6},"end":{"line":43,"column":null}},"19":{"start":{"line":44,"column":6},"end":{"line":44,"column":null}},"20":{"start":{"line":46,"column":6},"end":{"line":46,"column":null}},"21":{"start":{"line":50,"column":2},"end":{"line":50,"column":null}},"22":{"start":{"line":13,"column":13},"end":{"line":13,"column":31}}},"fnMap":{"0":{"name":"(anonymous_0)","decl":{"start":{"line":13,"column":31},"end":{"line":13,"column":37}},"loc":{"start":{"line":13,"column":95},"end":{"line":51,"column":1}}},"1":{"name":"(anonymous_1)","decl":{"start":{"line":14,"column":52},"end":{"line":14,"column":55}},"loc":{"start":{"line":14,"column":57},"end":{"line":28,"column":3}}},"2":{"name":"(anonymous_2)","decl":{"start":{"line":30,"column":19},"end":{"line":30,"column":20}},"loc":{"start":{"line":30,"column":51},"end":{"line":39,"column":3}}},"3":{"name":"(anonymous_3)","decl":{"start":{"line":41,"column":22},"end":{"line":41,"column":25}},"loc":{"start":{"line":41,"column":27},"end":{"line":48,"column":3}}}},"branchMap":{"0":{"loc":{"start":{"line":18,"column":6},"end":{"line":20,"column":7}},"type":"if","locations":[{"start":{"line":18,"column":6},"end":{"line":20,"column":7}},{"start":{},"end":{}}]},"1":{"loc":{"start":{"line":32,"column":27},"end":{"line":32,"column":81}},"type":"cond-expr","locations":[{"start":{"line":32,"column":55},"end":{"line":32,"column":73}},{"start":{"line":32,"column":76},"end":{"line":32,"column":81}}]}},"s":{"0":1,"1":1,"2":17,"3":9,"4":9,"5":9,"6":2,"7":7,"8":1,"9":1,"10":17,"11":7,"12":7,"13":7,"14":7,"15":1,"16":17,"17":1,"18":1,"19":1,"20":0,"21":17,"22":1},"f":{"0":17,"1":9,"2":7,"3":1},"b":{"0":[2,7],"1":[2,5]}}
,"C:\\Users\\user\\Documents\\projects\\js_NTV\\frontend\\src\\pages\\Account.tsx": {"path":"C:\\Users\\user\\Documents\\projects\\js_NTV\\frontend\\src\\pages\\Account.tsx","statementMap":{"0":{"start":{"line":1,"column":0},"end":{"line":1,"column":67}},"1":{"start":{"line":4,"column":0},"end":{"line":4,"column":46}},"2":{"start":{"line":6,"column":0},"end":{"line":6,"column":49}},"3":{"start":{"line":7,"column":0},"end":{"line":7,"column":52}},"4":{"start":{"line":8,"column":0},"end":{"line":8,"column":30}},"5":{"start":{"line":26,"column":20},"end":{"line":217,"column":1}},"6":{"start":{"line":27,"column":19},"end":{"line":27,"column":28}},"7":{"start":{"line":28,"column":19},"end":{"line":28,"column":32}},"8":{"start":{"line":29,"column":46},"end":{"line":29,"column":69}},"9":{"start":{"line":30,"column":28},"end":{"line":34,"column":4}},"10":{"start":{"line":35,"column":44},"end":{"line":35,"column":73}},"11":{"start":{"line":39,"column":23},"end":{"line":51,"column":12}},"12":{"start":{"line":40,"column":4},"end":{"line":50,"column":5}},"13":{"start":{"line":41,"column":23},"end":{"line":41,"column":63}},"14":{"start":{"line":43,"column":6},"end":{"line":43,"column":null}},"15":{"start":{"line":45,"column":24},"end":{"line":45,"column":61}},"16":{"start":{"line":47,"column":6},"end":{"line":47,"column":null}},"17":{"start":{"line":49,"column":6},"end":{"line":49,"column":null}},"18":{"start":{"line":53,"column":2},"end":{"line":57,"column":null}},"19":{"start":{"line":54,"column":4},"end":{"line":56,"column":5}},"20":{"start":{"line":55,"column":6},"end":{"line":55,"column":null}},"21":{"start":{"line":59,"column":30},"end":{"line":67,"column":3}},"22":{"start":{"line":60,"column":4},"end":{"line":66,"column":5}},"23":{"start":{"line":61,"column":6},"end":{"line":61,"column":null}},"24":{"start":{"line":62,"column":6},"end":{"line":62,"column":null}},"25":{"start":{"line":63,"column":6},"end":{"line":63,"column":null}},"26":{"start":{"line":65,"column":6},"end":{"line":65,"column":null}},"27":{"start":{"line":71,"column":30},"end":{"line":87,"column":3}},"28":{"start":{"line":72,"column":20},"end":{"line":76,"column":15}},"29":{"start":{"line":77,"column":21},"end":{"line":77,"column":70}},"30":{"start":{"line":79,"column":17},"end":{"line":79,"column":44}},"31":{"start":{"line":81,"column":4},"end":{"line":81,"column":null}},"32":{"start":{"line":82,"column":4},"end":{"line":82,"column":null}},"33":{"start":{"line":83,"column":4},"end":{"line":83,"column":null}},"34":{"start":{"line":84,"column":4},"end":{"line":84,"column":null}},"35":{"start":{"line":85,"column":4},"end":{"line":85,"column":null}},"36":{"start":{"line":86,"column":4},"end":{"line":86,"column":null}},"37":{"start":{"line":89,"column":21},"end":{"line":95,"column":3}},"38":{"start":{"line":90,"column":4},"end":{"line":94,"column":null}},"39":{"start":{"line":99,"column":2},"end":{"line":216,"column":null}},"40":{"start":{"line":123,"column":29},"end":{"line":123,"column":48}},"41":{"start":{"line":136,"column":31},"end":{"line":136,"column":50}},"42":{"start":{"line":144,"column":16},"end":{"line":144,"column":39}},"43":{"start":{"line":160,"column":37},"end":{"line":160,"column":66}},"44":{"start":{"line":166,"column":37},"end":{"line":166,"column":66}},"45":{"start":{"line":178,"column":41},"end":{"line":178,"column":63}},"46":{"start":{"line":184,"column":41},"end":{"line":184,"column":73}},"47":{"start":{"line":219,"column":0},"end":{"line":219,"column":null}}},"fnMap":{"0":{"name":"(anonymous_0)","decl":{"start":{"line":26,"column":20},"end":{"line":26,"column":23}},"loc":{"start":{"line":26,"column":25},"end":{"line":217,"column":1}}},"1":{"name":"(anonymous_1)","decl":{"start":{"line":39,"column":35},"end":{"line":39,"column":44}},"loc":{"start":{"line":39,"column":46},"end":{"line":51,"column":3}}},"2":{"name":"(anonymous_2)","decl":{"start":{"line":53,"column":12},"end":{"line":53,"column":15}},"loc":{"start":{"line":53,"column":17},"end":{"line":57,"column":3}}},"3":{"name":"(anonymous_3)","decl":{"start":{"line":59,"column":30},"end":{"line":59,"column":31}},"loc":{"start":{"line":59,"column":58},"end":{"line":67,"column":3}}},"4":{"name":"(anonymous_4)","decl":{"start":{"line":71,"column":30},"end":{"line":71,"column":31}},"loc":{"start":{"line":71,"column":57},"end":{"line":87,"column":3}}},"5":{"name":"(anonymous_5)","decl":{"start":{"line":89,"column":21},"end":{"line":89,"column":22}},"loc":{"start":{"line":89,"column":52},"end":{"line":95,"column":3}}},"6":{"name":"(anonymous_6)","decl":{"start":{"line":123,"column":23},"end":{"line":123,"column":26}},"loc":{"start":{"line":123,"column":29},"end":{"line":123,"column":48}}},"7":{"name":"(anonymous_7)","decl":{"start":{"line":136,"column":25},"end":{"line":136,"column":28}},"loc":{"start":{"line":136,"column":31},"end":{"line":136,"column":50}}},"8":{"name":"(anonymous_8)","decl":{"start":{"line":143,"column":34},"end":{"line":143,"column":42}},"loc":{"start":{"line":144,"column":16},"end":{"line":144,"column":39}}},"9":{"name":"(anonymous_9)","decl":{"start":{"line":160,"column":31},"end":{"line":160,"column":34}},"loc":{"start":{"line":160,"column":37},"end":{"line":160,"column":66}}},"10":{"name":"(anonymous_10)","decl":{"start":{"line":166,"column":31},"end":{"line":166,"column":34}},"loc":{"start":{"line":166,"column":37},"end":{"line":166,"column":66}}},"11":{"name":"(anonymous_11)","decl":{"start":{"line":178,"column":35},"end":{"line":178,"column":38}},"loc":{"start":{"line":178,"column":41},"end":{"line":178,"column":63}}},"12":{"name":"(anonymous_12)","decl":{"start":{"line":184,"column":35},"end":{"line":184,"column":38}},"loc":{"start":{"line":184,"column":41},"end":{"line":184,"column":73}}}},"branchMap":{"0":{"loc":{"start":{"line":54,"column":4},"end":{"line":56,"column":5}},"type":"if","locations":[{"start":{"line":54,"column":4},"end":{"line":56,"column":5}},{"start":{},"end":{}}]},"1":{"loc":{"start":{"line":110,"column":18},"end":{"line":110,"column":50}},"type":"binary-expr","locations":[{"start":{"line":110,"column":18},"end":{"line":110,"column":28}},{"start":{"line":110,"column":32},"end":{"line":110,"column":50}}]},"2":{"loc":{"start":{"line":112,"column":39},"end":{"line":112,"column":60}},"type":"binary-expr","locations":[{"start":{"line":112,"column":39},"end":{"line":112,"column":54}},{"start":{"line":112,"column":58},"end":{"line":112,"column":60}}]},"3":{"loc":{"start":{"line":129,"column":11},"end":{"line":193,"column":null}},"type":"cond-expr","locations":[{"start":{"line":130,"column":12},"end":{"line":139,"column":null}},{"start":{"line":142,"column":12},"end":{"line":192,"column":null}}]},"4":{"loc":{"start":{"line":150,"column":37},"end":{"line":150,"column":64}},"type":"binary-expr","locations":[{"start":{"line":150,"column":37},"end":{"line":150,"column":59}},{"start":{"line":150,"column":63},"end":{"line":150,"column":64}}]},"5":{"loc":{"start":{"line":151,"column":43},"end":{"line":151,"column":70}},"type":"binary-expr","locations":[{"start":{"line":151,"column":43},"end":{"line":151,"column":65}},{"start":{"line":151,"column":69},"end":{"line":151,"column":70}}]},"6":{"loc":{"start":{"line":154,"column":21},"end":{"line":154,"column":74}},"type":"binary-expr","locations":[{"start":{"line":154,"column":21},"end":{"line":154,"column":41}},{"start":{"line":154,"column":45},"end":{"line":154,"column":74}}]},"7":{"loc":{"start":{"line":172,"column":19},"end":{"line":189,"column":null}},"type":"binary-expr","locations":[{"start":{"line":172,"column":19},"end":{"line":172,"column":48}},{"start":{"line":173,"column":20},"end":{"line":188,"column":null}}]}},"s":{"0":4,"1":4,"2":4,"3":4,"4":4,"5":4,"6":27,"7":27,"8":27,"9":27,"10":27,"11":27,"12":13,"13":13,"14":13,"15":13,"16":13,"17":0,"18":27,"19":11,"20":11,"21":27,"22":2,"23":2,"24":2,"25":2,"26":0,"27":27,"28":2,"29":2,"30":2,"31":2,"32":2,"33":2,"34":2,"35":2,"36":2,"37":27,"38":22,"39":27,"40":2,"41":1,"42":11,"43":2,"44":3,"45":0,"46":2,"47":4},"f":{"0":27,"1":13,"2":11,"3":2,"4":2,"5":22,"6":2,"7":1,"8":11,"9":2,"10":3,"11":0,"12":2},"b":{"0":[11,0],"1":[27,0],"2":[27,0],"3":[17,10],"4":[11,0],"5":[11,6],"6":[11,3],"7":[11,3]}}
,"C:\\Users\\user\\Documents\\projects\\js_NTV\\frontend\\src\\pages\\Admin.tsx": {"path":"C:\\Users\\user\\Documents\\projects\\js_NTV\\frontend\\src\\pages\\Admin.tsx","statementMap":{"0":{"start":{"line":1,"column":0},"end":{"line":1,"column":54}},"1":{"start":{"line":4,"column":0},"end":{"line":4,"column":46}},"2":{"start":{"line":6,"column":0},"end":{"line":6,"column":49}},"3":{"start":{"line":7,"column":0},"end":{"line":7,"column":28}},"4":{"start":{"line":25,"column":18},"end":{"line":302,"column":1}},"5":{"start":{"line":26,"column":27},"end":{"line":26,"column":36}},"6":{"start":{"line":27,"column":19},"end":{"line":27,"column":32}},"7":{"start":{"line":28,"column":28},"end":{"line":32,"column":4}},"8":{"start":{"line":33,"column":40},"end":{"line":33,"column":67}},"9":{"start":{"line":34,"column":36},"end":{"line":34,"column":56}},"10":{"start":{"line":36,"column":2},"end":{"line":45,"column":null}},"11":{"start":{"line":38,"column":4},"end":{"line":42,"column":5}},"12":{"start":{"line":39,"column":6},"end":{"line":39,"column":null}},"13":{"start":{"line":41,"column":6},"end":{"line":41,"column":12}},"14":{"start":{"line":44,"column":4},"end":{"line":44,"column":null}},"15":{"start":{"line":47,"column":24},"end":{"line":76,"column":3}},"16":{"start":{"line":48,"column":4},"end":{"line":75,"column":5}},"17":{"start":{"line":50,"column":26},"end":{"line":50,"column":86}},"18":{"start":{"line":51,"column":38},"end":{"line":51,"column":40}},"19":{"start":{"line":52,"column":26},"end":{"line":52,"column":27}},"20":{"start":{"line":53,"column":23},"end":{"line":53,"column":24}},"21":{"start":{"line":55,"column":6},"end":{"line":65,"column":null}},"22":{"start":{"line":56,"column":9},"end":{"line":64,"column":null}},"23":{"start":{"line":57,"column":10},"end":{"line":61,"column":null}},"24":{"start":{"line":62,"column":10},"end":{"line":62,"column":null}},"25":{"start":{"line":63,"column":10},"end":{"line":63,"column":null}},"26":{"start":{"line":67,"column":6},"end":{"line":67,"column":null}},"27":{"start":{"line":68,"column":6},"end":{"line":72,"column":null}},"28":{"start":{"line":74,"column":6},"end":{"line":74,"column":null}},"29":{"start":{"line":78,"column":30},"end":{"line":90,"column":3}},"30":{"start":{"line":79,"column":4},"end":{"line":89,"column":5}},"31":{"start":{"line":80,"column":26},"end":{"line":80,"column":86}},"32":{"start":{"line":82,"column":6},"end":{"line":86,"column":7}},"33":{"start":{"line":83,"column":8},"end":{"line":83,"column":null}},"34":{"start":{"line":83,"column":81},"end":{"line":83,"column":99}},"35":{"start":{"line":84,"column":8},"end":{"line":84,"column":null}},"36":{"start":{"line":85,"column":8},"end":{"line":85,"column":null}},"37":{"start":{"line":88,"column":6},"end":{"line":88,"column":null}},"38":{"start":{"line":92,"column":29},"end":{"line":97,"column":3}},"39":{"start":{"line":93,"column":4},"end":{"line":96,"column":5}},"40":{"start":{"line":94,"column":6},"end":{"line":94,"column":null}},"41":{"start":{"line":95,"column":6},"end":{"line":95,"column":null}},"42":{"start":{"line":99,"column":2},"end":{"line":301,"column":null}},"43":{"start":{"line":111,"column":14},"end":{"line":111,"column":null}},"44":{"start":{"line":112,"column":14},"end":{"line":112,"column":null}},"45":{"start":{"line":146,"column":27},"end":{"line":146,"column":51}},"46":{"start":{"line":152,"column":27},"end":{"line":152,"column":51}},"47":{"start":{"line":158,"column":27},"end":{"line":158,"column":51}},"48":{"start":{"line":190,"column":18},"end":{"line":190,"column":40}},"49":{"start":{"line":230,"column":24},"end":{"line":230,"column":null}},"50":{"start":{"line":239,"column":45},"end":{"line":239,"column":92}},"51":{"start":{"line":304,"column":0},"end":{"line":304,"column":null}}},"fnMap":{"0":{"name":"(anonymous_0)","decl":{"start":{"line":25,"column":18},"end":{"line":25,"column":21}},"loc":{"start":{"line":25,"column":23},"end":{"line":302,"column":1}}},"1":{"name":"(anonymous_1)","decl":{"start":{"line":36,"column":12},"end":{"line":36,"column":15}},"loc":{"start":{"line":36,"column":17},"end":{"line":45,"column":3}}},"2":{"name":"(anonymous_2)","decl":{"start":{"line":47,"column":24},"end":{"line":47,"column":33}},"loc":{"start":{"line":47,"column":35},"end":{"line":76,"column":3}}},"3":{"name":"(anonymous_3)","decl":{"start":{"line":55,"column":42},"end":{"line":55,"column":43}},"loc":{"start":{"line":55,"column":69},"end":{"line":65,"column":7}}},"4":{"name":"(anonymous_4)","decl":{"start":{"line":56,"column":48},"end":{"line":56,"column":55}},"loc":{"start":{"line":56,"column":58},"end":{"line":64,"column":9}}},"5":{"name":"(anonymous_5)","decl":{"start":{"line":78,"column":30},"end":{"line":78,"column":31}},"loc":{"start":{"line":78,"column":74},"end":{"line":90,"column":3}}},"6":{"name":"(anonymous_6)","decl":{"start":{"line":83,"column":76},"end":{"line":83,"column":77}},"loc":{"start":{"line":83,"column":81},"end":{"line":83,"column":99}}},"7":{"name":"(anonymous_7)","decl":{"start":{"line":92,"column":29},"end":{"line":92,"column":38}},"loc":{"start":{"line":92,"column":40},"end":{"line":97,"column":3}}},"8":{"name":"(anonymous_8)","decl":{"start":{"line":110,"column":21},"end":{"line":110,"column":24}},"loc":{"start":{"line":110,"column":26},"end":{"line":113,"column":13}}},"9":{"name":"(anonymous_9)","decl":{"start":{"line":146,"column":21},"end":{"line":146,"column":24}},"loc":{"start":{"line":146,"column":27},"end":{"line":146,"column":51}}},"10":{"name":"(anonymous_10)","decl":{"start":{"line":152,"column":21},"end":{"line":152,"column":24}},"loc":{"start":{"line":152,"column":27},"end":{"line":152,"column":51}}},"11":{"name":"(anonymous_11)","decl":{"start":{"line":158,"column":21},"end":{"line":158,"column":24}},"loc":{"start":{"line":158,"column":27},"end":{"line":158,"column":51}}},"12":{"name":"(anonymous_12)","decl":{"start":{"line":189,"column":45},"end":{"line":189,"column":52}},"loc":{"start":{"line":190,"column":18},"end":{"line":190,"column":40}}},"13":{"name":"(anonymous_13)","decl":{"start":{"line":229,"column":39},"end":{"line":229,"column":46}},"loc":{"start":{"line":230,"column":24},"end":{"line":230,"column":null}}},"14":{"name":"(anonymous_14)","decl":{"start":{"line":239,"column":39},"end":{"line":239,"column":42}},"loc":{"start":{"line":239,"column":45},"end":{"line":239,"column":92}}}},"branchMap":{"0":{"loc":{"start":{"line":38,"column":4},"end":{"line":42,"column":5}},"type":"if","locations":[{"start":{"line":38,"column":4},"end":{"line":42,"column":5}},{"start":{},"end":{}}]},"1":{"loc":{"start":{"line":50,"column":37},"end":{"line":50,"column":85}},"type":"binary-expr","locations":[{"start":{"line":50,"column":37},"end":{"line":50,"column":77}},{"start":{"line":50,"column":81},"end":{"line":50,"column":85}}]},"2":{"loc":{"start":{"line":63,"column":25},"end":{"line":63,"column":51}},"type":"binary-expr","locations":[{"start":{"line":63,"column":25},"end":{"line":63,"column":46}},{"start":{"line":63,"column":50},"end":{"line":63,"column":51}}]},"3":{"loc":{"start":{"line":80,"column":37},"end":{"line":80,"column":85}},"type":"binary-expr","locations":[{"start":{"line":80,"column":37},"end":{"line":80,"column":77}},{"start":{"line":80,"column":81},"end":{"line":80,"column":85}}]},"4":{"loc":{"start":{"line":82,"column":6},"end":{"line":86,"column":7}},"type":"if","locations":[{"start":{"line":82,"column":6},"end":{"line":86,"column":7}},{"start":{},"end":{}}]},"5":{"loc":{"start":{"line":93,"column":4},"end":{"line":96,"column":5}},"type":"if","locations":[{"start":{"line":93,"column":4},"end":{"line":96,"column":5}},{"start":{},"end":{}}]},"6":{"loc":{"start":{"line":145,"column":37},"end":{"line":145,"column":77}},"type":"cond-expr","locations":[{"start":{"line":145,"column":64},"end":{"line":145,"column":72}},{"start":{"line":145,"column":75},"end":{"line":145,"column":77}}]},"7":{"loc":{"start":{"line":151,"column":37},"end":{"line":151,"column":77}},"type":"cond-expr","locations":[{"start":{"line":151,"column":64},"end":{"line":151,"column":72}},{"start":{"line":151,"column":75},"end":{"line":151,"column":77}}]},"8":{"loc":{"start":{"line":157,"column":37},"end":{"line":157,"column":77}},"type":"cond-expr","locations":[{"start":{"line":157,"column":64},"end":{"line":157,"column":72}},{"start":{"line":157,"column":75},"end":{"line":157,"column":77}}]},"9":{"loc":{"start":{"line":165,"column":9},"end":{"line":203,"column":null}},"type":"binary-expr","locations":[{"start":{"line":165,"column":9},"end":{"line":165,"column":33}},{"start":{"line":166,"column":10},"end":{"line":202,"column":null}}]},"10":{"loc":{"start":{"line":196,"column":32},"end":{"line":196,"column":58}},"type":"binary-expr","locations":[{"start":{"line":196,"column":32},"end":{"line":196,"column":53}},{"start":{"line":196,"column":57},"end":{"line":196,"column":58}}]},"11":{"loc":{"start":{"line":207,"column":9},"end":{"line":251,"column":null}},"type":"binary-expr","locations":[{"start":{"line":207,"column":9},"end":{"line":207,"column":33}},{"start":{"line":208,"column":10},"end":{"line":250,"column":null}}]},"12":{"loc":{"start":{"line":211,"column":15},"end":{"line":248,"column":null}},"type":"cond-expr","locations":[{"start":{"line":212,"column":16},"end":{"line":213,"column":null}},{"start":{"line":216,"column":16},"end":{"line":247,"column":null}}]},"13":{"loc":{"start":{"line":233,"column":31},"end":{"line":233,"column":57}},"type":"binary-expr","locations":[{"start":{"line":233,"column":31},"end":{"line":233,"column":52}},{"start":{"line":233,"column":56},"end":{"line":233,"column":57}}]},"14":{"loc":{"start":{"line":234,"column":31},"end":{"line":234,"column":57}},"type":"binary-expr","locations":[{"start":{"line":234,"column":31},"end":{"line":234,"column":52}},{"start":{"line":234,"column":56},"end":{"line":234,"column":57}}]},"15":{"loc":{"start":{"line":255,"column":9},"end":{"line":297,"column":null}},"type":"binary-expr","locations":[{"start":{"line":255,"column":9},"end":{"line":255,"column":33}},{"start":{"line":256,"column":10},"end":{"line":296,"column":null}}]}},"s":{"0":3,"1":3,"2":3,"3":3,"4":3,"5":26,"6":26,"7":26,"8":26,"9":26,"10":26,"11":10,"12":2,"13":2,"14":8,"15":26,"16":10,"17":10,"18":10,"19":10,"20":10,"21":10,"22":5,"23":4,"24":4,"25":4,"26":10,"27":10,"28":0,"29":26,"30":1,"31":1,"32":1,"33":1,"34":1,"35":1,"36":1,"37":0,"38":26,"39":1,"40":1,"41":1,"42":26,"43":0,"44":0,"45":0,"46":3,"47":2,"48":4,"49":3,"50":1,"51":3},"f":{"0":26,"1":10,"2":10,"3":5,"4":4,"5":1,"6":1,"7":1,"8":0,"9":0,"10":3,"11":2,"12":4,"13":3,"14":1},"b":{"0":[2,8],"1":[10,6],"2":[4,0],"3":[1,0],"4":[1,0],"5":[1,0],"6":[19,7],"7":[4,22],"8":[3,23],"9":[26,19],"10":[4,0],"11":[26,4],"12":[2,2],"13":[3,0],"14":[3,2],"15":[26,3]}}
,"C:\\Users\\user\\Documents\\projects\\js_NTV\\frontend\\src\\pages\\Dashboar.tsx": {"path":"C:\\Users\\user\\Documents\\projects\\js_NTV\\frontend\\src\\pages\\Dashboar.tsx","statementMap":{"0":{"start":{"line":1,"column":0},"end":{"line":1,"column":33}},"1":{"start":{"line":3,"column":0},"end":{"line":3,"column":39}},"2":{"start":{"line":5,"column":0},"end":{"line":5,"column":49}},"3":{"start":{"line":6,"column":0},"end":{"line":6,"column":32}},"4":{"start":{"line":17,"column":22},"end":{"line":109,"column":1}},"5":{"start":{"line":18,"column":19},"end":{"line":18,"column":28}},"6":{"start":{"line":20,"column":38},"end":{"line":53,"column":null}},"7":{"start":{"line":55,"column":27},"end":{"line":60,"column":3}},"8":{"start":{"line":56,"column":4},"end":{"line":59,"column":5}},"9":{"start":{"line":57,"column":6},"end":{"line":57,"column":null}},"10":{"start":{"line":58,"column":6},"end":{"line":58,"column":null}},"11":{"start":{"line":64,"column":2},"end":{"line":108,"column":null}},"12":{"start":{"line":75,"column":12},"end":{"line":76,"column":null}},"13":{"start":{"line":111,"column":0},"end":{"line":111,"column":null}}},"fnMap":{"0":{"name":"(anonymous_0)","decl":{"start":{"line":17,"column":22},"end":{"line":17,"column":25}},"loc":{"start":{"line":17,"column":27},"end":{"line":109,"column":1}}},"1":{"name":"(anonymous_1)","decl":{"start":{"line":55,"column":27},"end":{"line":55,"column":28}},"loc":{"start":{"line":55,"column":76},"end":{"line":60,"column":3}}},"2":{"name":"(anonymous_2)","decl":{"start":{"line":74,"column":28},"end":{"line":74,"column":29}},"loc":{"start":{"line":75,"column":12},"end":{"line":76,"column":null}}}},"branchMap":{"0":{"loc":{"start":{"line":56,"column":4},"end":{"line":59,"column":5}},"type":"if","locations":[{"start":{"line":56,"column":4},"end":{"line":59,"column":5}},{"start":{},"end":{}}]},"1":{"loc":{"start":{"line":84,"column":15},"end":{"line":87,"column":null}},"type":"binary-expr","locations":[{"start":{"line":84,"column":15},"end":{"line":84,"column":27}},{"start":{"line":85,"column":16},"end":{"line":86,"column":null}}]},"2":{"loc":{"start":{"line":85,"column":47},"end":{"line":85,"column":92}},"type":"cond-expr","locations":[{"start":{"line":85,"column":74},"end":{"line":85,"column":87}},{"start":{"line":85,"column":90},"end":{"line":85,"column":92}}]}},"s":{"0":3,"1":3,"2":3,"3":3,"4":3,"5":6,"6":6,"7":6,"8":1,"9":1,"10":1,"11":6,"12":24,"13":3},"f":{"0":6,"1":1,"2":24},"b":{"0":[1,0],"1":[24,18],"2":[12,6]}}
,"C:\\Users\\user\\Documents\\projects\\js_NTV\\frontend\\src\\pages\\Editor.tsx": {"path":"C:\\Users\\user\\Documents\\projects\\js_NTV\\frontend\\src\\pages\\Editor.tsx","statementMap":{"0":{"start":{"line":1,"column":0},"end":{"line":1,"column":54}},"1":{"start":{"line":3,"column":0},"end":{"line":3,"column":71}},"2":{"start":{"line":5,"column":0},"end":{"line":5,"column":49}},"3":{"start":{"line":6,"column":0},"end":{"line":6,"column":52}},"4":{"start":{"line":7,"column":0},"end":{"line":7,"column":29}},"5":{"start":{"line":45,"column":19},"end":{"line":238,"column":1}},"6":{"start":{"line":46,"column":19},"end":{"line":46,"column":28}},"7":{"start":{"line":47,"column":46},"end":{"line":47,"column":61}},"8":{"start":{"line":48,"column":40},"end":{"line":48,"column":52}},"9":{"start":{"line":49,"column":38},"end":{"line":49,"column":50}},"10":{"start":{"line":50,"column":36},"end":{"line":50,"column":48}},"11":{"start":{"line":52,"column":2},"end":{"line":63,"column":null}},"12":{"start":{"line":54,"column":28},"end":{"line":58,"column":5}},"13":{"start":{"line":55,"column":6},"end":{"line":55,"column":null}},"14":{"start":{"line":56,"column":6},"end":{"line":56,"column":null}},"15":{"start":{"line":57,"column":6},"end":{"line":57,"column":null}},"16":{"start":{"line":60,"column":4},"end":{"line":60,"column":null}},"17":{"start":{"line":62,"column":4},"end":{"line":62,"column":null}},"18":{"start":{"line":62,"column":17},"end":{"line":62,"column":75}},"19":{"start":{"line":67,"column":28},"end":{"line":122,"column":3}},"20":{"start":{"line":69,"column":24},"end":{"line":72,"column":null}},"21":{"start":{"line":70,"column":6},"end":{"line":72,"column":44}},"22":{"start":{"line":75,"column":16},"end":{"line":75,"column":63}},"23":{"start":{"line":75,"column":40},"end":{"line":75,"column":62}},"24":{"start":{"line":76,"column":23},"end":{"line":76,"column":75}},"25":{"start":{"line":76,"column":49},"end":{"line":76,"column":74}},"26":{"start":{"line":78,"column":4},"end":{"line":84,"column":5}},"27":{"start":{"line":79,"column":6},"end":{"line":83,"column":null}},"28":{"start":{"line":87,"column":33},"end":{"line":87,"column":35}},"29":{"start":{"line":88,"column":20},"end":{"line":88,"column":45}},"30":{"start":{"line":90,"column":4},"end":{"line":106,"column":null}},"31":{"start":{"line":91,"column":17},"end":{"line":91,"column":39}},"32":{"start":{"line":93,"column":6},"end":{"line":105,"column":7}},"33":{"start":{"line":94,"column":8},"end":{"line":94,"column":null}},"34":{"start":{"line":96,"column":22},"end":{"line":96,"column":35}},"35":{"start":{"line":98,"column":8},"end":{"line":104,"column":9}},"36":{"start":{"line":99,"column":22},"end":{"line":99,"column":36}},"37":{"start":{"line":101,"column":10},"end":{"line":101,"column":null}},"38":{"start":{"line":103,"column":10},"end":{"line":103,"column":null}},"39":{"start":{"line":108,"column":4},"end":{"line":115,"column":5}},"40":{"start":{"line":109,"column":6},"end":{"line":114,"column":null}},"41":{"start":{"line":117,"column":4},"end":{"line":121,"column":null}},"42":{"start":{"line":124,"column":29},"end":{"line":179,"column":3}},"43":{"start":{"line":125,"column":4},"end":{"line":125,"column":null}},"44":{"start":{"line":127,"column":4},"end":{"line":132,"column":5}},"45":{"start":{"line":128,"column":6},"end":{"line":128,"column":null}},"46":{"start":{"line":129,"column":6},"end":{"line":129,"column":null}},"47":{"start":{"line":131,"column":6},"end":{"line":131,"column":12}},"48":{"start":{"line":135,"column":20},"end":{"line":135,"column":44}},"49":{"start":{"line":137,"column":4},"end":{"line":142,"column":5}},"50":{"start":{"line":138,"column":6},"end":{"line":138,"column":null}},"51":{"start":{"line":139,"column":6},"end":{"line":139,"column":null}},"52":{"start":{"line":141,"column":6},"end":{"line":141,"column":12}},"53":{"start":{"line":144,"column":4},"end":{"line":149,"column":5}},"54":{"start":{"line":145,"column":6},"end":{"line":145,"column":null}},"55":{"start":{"line":146,"column":6},"end":{"line":146,"column":null}},"56":{"start":{"line":148,"column":6},"end":{"line":148,"column":12}},"57":{"start":{"line":152,"column":33},"end":{"line":152,"column":90}},"58":{"start":{"line":154,"column":4},"end":{"line":159,"column":5}},"59":{"start":{"line":155,"column":6},"end":{"line":155,"column":null}},"60":{"start":{"line":156,"column":6},"end":{"line":156,"column":null}},"61":{"start":{"line":158,"column":6},"end":{"line":158,"column":12}},"62":{"start":{"line":161,"column":4},"end":{"line":178,"column":5}},"63":{"start":{"line":162,"column":6},"end":{"line":165,"column":null}},"64":{"start":{"line":166,"column":6},"end":{"line":166,"column":null}},"65":{"start":{"line":167,"column":6},"end":{"line":167,"column":null}},"66":{"start":{"line":168,"column":6},"end":{"line":172,"column":null}},"67":{"start":{"line":169,"column":8},"end":{"line":169,"column":null}},"68":{"start":{"line":170,"column":8},"end":{"line":170,"column":null}},"69":{"start":{"line":171,"column":8},"end":{"line":171,"column":null}},"70":{"start":{"line":175,"column":6},"end":{"line":175,"column":null}},"71":{"start":{"line":176,"column":6},"end":{"line":176,"column":null}},"72":{"start":{"line":177,"column":6},"end":{"line":177,"column":null}},"73":{"start":{"line":181,"column":2},"end":{"line":237,"column":null}},"74":{"start":{"line":186,"column":60},"end":{"line":186,"column":84}},"75":{"start":{"line":187,"column":73},"end":{"line":187,"column":92}},"76":{"start":{"line":193,"column":68},"end":{"line":193,"column":98}},"77":{"start":{"line":196,"column":16},"end":{"line":201,"column":17}},"78":{"start":{"line":197,"column":32},"end":{"line":197,"column":58}},"79":{"start":{"line":198,"column":32},"end":{"line":198,"column":58}},"80":{"start":{"line":200,"column":18},"end":{"line":200,"column":null}},"81":{"start":{"line":214,"column":18},"end":{"line":214,"column":null}},"82":{"start":{"line":215,"column":18},"end":{"line":215,"column":null}},"83":{"start":{"line":216,"column":18},"end":{"line":216,"column":null}},"84":{"start":{"line":224,"column":32},"end":{"line":224,"column":58}},"85":{"start":{"line":225,"column":32},"end":{"line":225,"column":58}},"86":{"start":{"line":227,"column":18},"end":{"line":227,"column":null}},"87":{"start":{"line":240,"column":0},"end":{"line":240,"column":null}}},"fnMap":{"0":{"name":"(anonymous_0)","decl":{"start":{"line":45,"column":19},"end":{"line":45,"column":22}},"loc":{"start":{"line":45,"column":24},"end":{"line":238,"column":1}}},"1":{"name":"(anonymous_1)","decl":{"start":{"line":52,"column":12},"end":{"line":52,"column":15}},"loc":{"start":{"line":52,"column":17},"end":{"line":63,"column":3}}},"2":{"name":"(anonymous_2)","decl":{"start":{"line":54,"column":28},"end":{"line":54,"column":37}},"loc":{"start":{"line":54,"column":39},"end":{"line":58,"column":5}}},"3":{"name":"(anonymous_3)","decl":{"start":{"line":62,"column":11},"end":{"line":62,"column":14}},"loc":{"start":{"line":62,"column":17},"end":{"line":62,"column":75}}},"4":{"name":"(anonymous_4)","decl":{"start":{"line":67,"column":28},"end":{"line":67,"column":29}},"loc":{"start":{"line":67,"column":64},"end":{"line":122,"column":3}}},"5":{"name":"(anonymous_5)","decl":{"start":{"line":69,"column":37},"end":{"line":69,"column":41}},"loc":{"start":{"line":70,"column":6},"end":{"line":72,"column":44}}},"6":{"name":"(anonymous_6)","decl":{"start":{"line":75,"column":32},"end":{"line":75,"column":36}},"loc":{"start":{"line":75,"column":40},"end":{"line":75,"column":62}}},"7":{"name":"(anonymous_7)","decl":{"start":{"line":76,"column":34},"end":{"line":76,"column":35}},"loc":{"start":{"line":76,"column":49},"end":{"line":76,"column":74}}},"8":{"name":"(anonymous_8)","decl":{"start":{"line":90,"column":24},"end":{"line":90,"column":28}},"loc":{"start":{"line":90,"column":31},"end":{"line":106,"column":5}}},"9":{"name":"(anonymous_9)","decl":{"start":{"line":98,"column":25},"end":{"line":98,"column":29}},"loc":{"start":{"line":98,"column":32},"end":{"line":102,"column":9}}},"10":{"name":"(anonymous_10)","decl":{"start":{"line":124,"column":29},"end":{"line":124,"column":30}},"loc":{"start":{"line":124,"column":68},"end":{"line":179,"column":3}}},"11":{"name":"(anonymous_11)","decl":{"start":{"line":168,"column":17},"end":{"line":168,"column":20}},"loc":{"start":{"line":168,"column":22},"end":{"line":172,"column":7}}},"12":{"name":"(anonymous_12)","decl":{"start":{"line":186,"column":54},"end":{"line":186,"column":57}},"loc":{"start":{"line":186,"column":60},"end":{"line":186,"column":84}}},"13":{"name":"(anonymous_13)","decl":{"start":{"line":187,"column":48},"end":{"line":187,"column":49}},"loc":{"start":{"line":187,"column":73},"end":{"line":187,"column":92}}},"14":{"name":"(anonymous_14)","decl":{"start":{"line":193,"column":24},"end":{"line":193,"column":25}},"loc":{"start":{"line":193,"column":68},"end":{"line":193,"column":98}}},"15":{"name":"(anonymous_15)","decl":{"start":{"line":195,"column":26},"end":{"line":195,"column":27}},"loc":{"start":{"line":195,"column":53},"end":{"line":202,"column":15}}},"16":{"name":"(anonymous_16)","decl":{"start":{"line":213,"column":25},"end":{"line":213,"column":28}},"loc":{"start":{"line":213,"column":30},"end":{"line":217,"column":17}}},"17":{"name":"(anonymous_17)","decl":{"start":{"line":223,"column":25},"end":{"line":223,"column":28}},"loc":{"start":{"line":223,"column":30},"end":{"line":228,"column":17}}}},"branchMap":{"0":{"loc":{"start":{"line":70,"column":6},"end":{"line":72,"column":44}},"type":"binary-expr","locations":[{"start":{"line":70,"column":6},"end":{"line":70,"column":34}},{"start":{"line":71,"column":6},"end":{"line":71,"column":18}},{"start":{"line":72,"column":7},"end":{"line":72,"column":44}}]},"1":{"loc":{"start":{"line":78,"column":4},"end":{"line":84,"column":5}},"type":"if","locations":[{"start":{"line":78,"column":4},"end":{"line":84,"column":5}},{"start":{},"end":{}}]},"2":{"loc":{"start":{"line":93,"column":6},"end":{"line":105,"column":7}},"type":"if","locations":[{"start":{"line":93,"column":6},"end":{"line":105,"column":7}},{"start":{"line":95,"column":13},"end":{"line":105,"column":7}}]},"3":{"loc":{"start":{"line":98,"column":8},"end":{"line":104,"column":9}},"type":"if","locations":[{"start":{"line":98,"column":8},"end":{"line":104,"column":9}},{"start":{},"end":{}}]},"4":{"loc":{"start":{"line":101,"column":17},"end":{"line":101,"column":39}},"type":"binary-expr","locations":[{"start":{"line":101,"column":17},"end":{"line":101,"column":25}},{"start":{"line":101,"column":29},"end":{"line":101,"column":39}}]},"5":{"loc":{"start":{"line":108,"column":4},"end":{"line":115,"column":5}},"type":"if","locations":[{"start":{"line":108,"column":4},"end":{"line":115,"column":5}},{"start":{},"end":{}}]},"6":{"loc":{"start":{"line":127,"column":4},"end":{"line":132,"column":5}},"type":"if","locations":[{"start":{"line":127,"column":4},"end":{"line":132,"column":5}},{"start":{},"end":{}}]},"7":{"loc":{"start":{"line":137,"column":4},"end":{"line":142,"column":5}},"type":"if","locations":[{"start":{"line":137,"column":4},"end":{"line":142,"column":5}},{"start":{},"end":{}}]},"8":{"loc":{"start":{"line":144,"column":4},"end":{"line":149,"column":5}},"type":"if","locations":[{"start":{"line":144,"column":4},"end":{"line":149,"column":5}},{"start":{},"end":{}}]},"9":{"loc":{"start":{"line":154,"column":4},"end":{"line":159,"column":5}},"type":"if","locations":[{"start":{"line":154,"column":4},"end":{"line":159,"column":5}},{"start":{},"end":{}}]},"10":{"loc":{"start":{"line":185,"column":7},"end":{"line":234,"column":null}},"type":"binary-expr","locations":[{"start":{"line":185,"column":7},"end":{"line":185,"column":21}},{"start":{"line":186,"column":8},"end":{"line":233,"column":null}}]},"11":{"loc":{"start":{"line":196,"column":16},"end":{"line":201,"column":17}},"type":"if","locations":[{"start":{"line":196,"column":16},"end":{"line":201,"column":17}},{"start":{},"end":{}}]},"12":{"loc":{"start":{"line":197,"column":32},"end":{"line":197,"column":58}},"type":"binary-expr","locations":[{"start":{"line":197,"column":32},"end":{"line":197,"column":52}},{"start":{"line":197,"column":56},"end":{"line":197,"column":58}}]},"13":{"loc":{"start":{"line":198,"column":32},"end":{"line":198,"column":58}},"type":"binary-expr","locations":[{"start":{"line":198,"column":32},"end":{"line":198,"column":52}},{"start":{"line":198,"column":56},"end":{"line":198,"column":58}}]},"14":{"loc":{"start":{"line":204,"column":13},"end":{"line":205,"column":null}},"type":"binary-expr","locations":[{"start":{"line":204,"column":13},"end":{"line":204,"column":22}},{"start":{"line":205,"column":14},"end":{"line":205,"column":64}}]},"15":{"loc":{"start":{"line":207,"column":13},"end":{"line":208,"column":null}},"type":"binary-expr","locations":[{"start":{"line":207,"column":13},"end":{"line":207,"column":37}},{"start":{"line":207,"column":41},"end":{"line":207,"column":51}},{"start":{"line":208,"column":14},"end":{"line":208,"column":79}}]},"16":{"loc":{"start":{"line":224,"column":32},"end":{"line":224,"column":58}},"type":"binary-expr","locations":[{"start":{"line":224,"column":32},"end":{"line":224,"column":52}},{"start":{"line":224,"column":56},"end":{"line":224,"column":58}}]},"17":{"loc":{"start":{"line":225,"column":32},"end":{"line":225,"column":58}},"type":"binary-expr","locations":[{"start":{"line":225,"column":32},"end":{"line":225,"column":52}},{"start":{"line":225,"column":56},"end":{"line":225,"column":58}}]}},"s":{"0":3,"1":3,"2":3,"3":3,"4":3,"5":3,"6":40,"7":40,"8":40,"9":40,"10":40,"11":40,"12":13,"13":11,"14":11,"15":11,"16":13,"17":13,"18":13,"19":40,"20":6,"21":8,"22":6,"23":8,"24":6,"25":8,"26":6,"27":2,"28":4,"29":4,"30":4,"31":4,"32":4,"33":1,"34":3,"35":3,"36":12,"37":12,"38":0,"39":4,"40":1,"41":3,"42":40,"43":8,"44":8,"45":2,"46":2,"47":2,"48":6,"49":6,"50":2,"51":2,"52":2,"53":4,"54":1,"55":1,"56":1,"57":3,"58":3,"59":1,"60":1,"61":1,"62":2,"63":2,"64":2,"65":2,"66":2,"67":0,"68":0,"69":0,"70":0,"71":0,"72":0,"73":40,"74":1,"75":8,"76":6,"77":1,"78":1,"79":1,"80":1,"81":1,"82":1,"83":1,"84":7,"85":7,"86":7,"87":3},"f":{"0":40,"1":13,"2":11,"3":13,"4":6,"5":8,"6":8,"7":8,"8":4,"9":12,"10":8,"11":0,"12":1,"13":8,"14":6,"15":1,"16":1,"17":7},"b":{"0":[8,8,8],"1":[2,4],"2":[1,3],"3":[0,3],"4":[12,12],"5":[1,3],"6":[2,6],"7":[2,4],"8":[1,3],"9":[1,2],"10":[40,25],"11":[1,0],"12":[1,0],"13":[1,0],"14":[25,6],"15":[25,2,2],"16":[7,0],"17":[7,0]}}
,"C:\\Users\\user\\Documents\\projects\\js_NTV\\frontend\\src\\pages\\Login.tsx": {"path":"C:\\Users\\user\\Documents\\projects\\js_NTV\\frontend\\src\\pages\\Login.tsx","statementMap":{"0":{"start":{"line":1,"column":0},"end":{"line":1,"column":78}},"1":{"start":{"line":3,"column":0},"end":{"line":3,"column":52}},"2":{"start":{"line":5,"column":0},"end":{"line":5,"column":49}},"3":{"start":{"line":6,"column":0},"end":{"line":6,"column":28}},"4":{"start":{"line":14,"column":18},"end":{"line":245,"column":1}},"5":{"start":{"line":15,"column":34},"end":{"line":15,"column":46}},"6":{"start":{"line":16,"column":34},"end":{"line":16,"column":46}},"7":{"start":{"line":17,"column":48},"end":{"line":17,"column":60}},"8":{"start":{"line":18,"column":28},"end":{"line":18,"column":40}},"9":{"start":{"line":19,"column":38},"end":{"line":19,"column":53}},"10":{"start":{"line":20,"column":36},"end":{"line":20,"column":51}},"11":{"start":{"line":21,"column":38},"end":{"line":21,"column":50}},"12":{"start":{"line":23,"column":70},"end":{"line":23,"column":79}},"13":{"start":{"line":24,"column":19},"end":{"line":24,"column":32}},"14":{"start":{"line":27,"column":2},"end":{"line":31,"column":null}},"15":{"start":{"line":28,"column":4},"end":{"line":30,"column":5}},"16":{"start":{"line":29,"column":6},"end":{"line":29,"column":null}},"17":{"start":{"line":34,"column":2},"end":{"line":37,"column":null}},"18":{"start":{"line":35,"column":4},"end":{"line":35,"column":null}},"19":{"start":{"line":36,"column":4},"end":{"line":36,"column":null}},"20":{"start":{"line":39,"column":23},"end":{"line":95,"column":3}},"21":{"start":{"line":40,"column":4},"end":{"line":40,"column":null}},"22":{"start":{"line":41,"column":4},"end":{"line":41,"column":null}},"23":{"start":{"line":42,"column":4},"end":{"line":42,"column":null}},"24":{"start":{"line":43,"column":4},"end":{"line":43,"column":null}},"25":{"start":{"line":46,"column":4},"end":{"line":56,"column":5}},"26":{"start":{"line":48,"column":6},"end":{"line":52,"column":7}},"27":{"start":{"line":49,"column":8},"end":{"line":49,"column":null}},"28":{"start":{"line":51,"column":8},"end":{"line":51,"column":14}},"29":{"start":{"line":53,"column":6},"end":{"line":53,"column":null}},"30":{"start":{"line":55,"column":6},"end":{"line":55,"column":12}},"31":{"start":{"line":59,"column":4},"end":{"line":64,"column":5}},"32":{"start":{"line":60,"column":6},"end":{"line":60,"column":null}},"33":{"start":{"line":61,"column":6},"end":{"line":61,"column":null}},"34":{"start":{"line":63,"column":6},"end":{"line":63,"column":12}},"35":{"start":{"line":66,"column":4},"end":{"line":73,"column":5}},"36":{"start":{"line":67,"column":6},"end":{"line":72,"column":7}},"37":{"start":{"line":68,"column":8},"end":{"line":68,"column":null}},"38":{"start":{"line":69,"column":8},"end":{"line":69,"column":null}},"39":{"start":{"line":71,"column":8},"end":{"line":71,"column":14}},"40":{"start":{"line":75,"column":4},"end":{"line":94,"column":5}},"41":{"start":{"line":78,"column":6},"end":{"line":82,"column":7}},"42":{"start":{"line":79,"column":8},"end":{"line":79,"column":null}},"43":{"start":{"line":81,"column":8},"end":{"line":81,"column":null}},"44":{"start":{"line":84,"column":6},"end":{"line":89,"column":7}},"45":{"start":{"line":88,"column":8},"end":{"line":88,"column":null}},"46":{"start":{"line":88,"column":26},"end":{"line":88,"column":null}},"47":{"start":{"line":91,"column":6},"end":{"line":91,"column":null}},"48":{"start":{"line":93,"column":6},"end":{"line":93,"column":null}},"49":{"start":{"line":97,"column":21},"end":{"line":102,"column":3}},"50":{"start":{"line":98,"column":4},"end":{"line":98,"column":null}},"51":{"start":{"line":99,"column":4},"end":{"line":99,"column":null}},"52":{"start":{"line":100,"column":4},"end":{"line":100,"column":null}},"53":{"start":{"line":101,"column":4},"end":{"line":101,"column":null}},"54":{"start":{"line":105,"column":38},"end":{"line":109,"column":null}},"55":{"start":{"line":111,"column":26},"end":{"line":115,"column":3}},"56":{"start":{"line":112,"column":4},"end":{"line":112,"column":null}},"57":{"start":{"line":113,"column":4},"end":{"line":113,"column":null}},"58":{"start":{"line":114,"column":4},"end":{"line":114,"column":null}},"59":{"start":{"line":117,"column":2},"end":{"line":244,"column":null}},"60":{"start":{"line":147,"column":62},"end":{"line":147,"column":89}},"61":{"start":{"line":161,"column":64},"end":{"line":161,"column":88}},"62":{"start":{"line":175,"column":62},"end":{"line":175,"column":89}},"63":{"start":{"line":189,"column":64},"end":{"line":189,"column":98}},"64":{"start":{"line":226,"column":14},"end":{"line":227,"column":null}},"65":{"start":{"line":230,"column":31},"end":{"line":230,"column":55}},"66":{"start":{"line":247,"column":0},"end":{"line":247,"column":null}}},"fnMap":{"0":{"name":"(anonymous_0)","decl":{"start":{"line":14,"column":18},"end":{"line":14,"column":21}},"loc":{"start":{"line":14,"column":23},"end":{"line":245,"column":1}}},"1":{"name":"(anonymous_1)","decl":{"start":{"line":27,"column":12},"end":{"line":27,"column":15}},"loc":{"start":{"line":27,"column":17},"end":{"line":31,"column":3}}},"2":{"name":"(anonymous_2)","decl":{"start":{"line":34,"column":12},"end":{"line":34,"column":15}},"loc":{"start":{"line":34,"column":17},"end":{"line":37,"column":3}}},"3":{"name":"(anonymous_3)","decl":{"start":{"line":39,"column":23},"end":{"line":39,"column":28}},"loc":{"start":{"line":39,"column":78},"end":{"line":95,"column":3}}},"4":{"name":"(anonymous_4)","decl":{"start":{"line":97,"column":21},"end":{"line":97,"column":30}},"loc":{"start":{"line":97,"column":32},"end":{"line":102,"column":3}}},"5":{"name":"(anonymous_5)","decl":{"start":{"line":111,"column":26},"end":{"line":111,"column":27}},"loc":{"start":{"line":111,"column":58},"end":{"line":115,"column":3}}},"6":{"name":"(anonymous_6)","decl":{"start":{"line":147,"column":24},"end":{"line":147,"column":25}},"loc":{"start":{"line":147,"column":62},"end":{"line":147,"column":89}}},"7":{"name":"(anonymous_7)","decl":{"start":{"line":161,"column":26},"end":{"line":161,"column":27}},"loc":{"start":{"line":161,"column":64},"end":{"line":161,"column":88}}},"8":{"name":"(anonymous_8)","decl":{"start":{"line":175,"column":24},"end":{"line":175,"column":25}},"loc":{"start":{"line":175,"column":62},"end":{"line":175,"column":89}}},"9":{"name":"(anonymous_9)","decl":{"start":{"line":189,"column":26},"end":{"line":189,"column":27}},"loc":{"start":{"line":189,"column":64},"end":{"line":189,"column":98}}},"10":{"name":"(anonymous_10)","decl":{"start":{"line":225,"column":30},"end":{"line":225,"column":31}},"loc":{"start":{"line":226,"column":14},"end":{"line":227,"column":null}}},"11":{"name":"(anonymous_11)","decl":{"start":{"line":230,"column":25},"end":{"line":230,"column":28}},"loc":{"start":{"line":230,"column":31},"end":{"line":230,"column":55}}}},"branchMap":{"0":{"loc":{"start":{"line":28,"column":4},"end":{"line":30,"column":5}},"type":"if","locations":[{"start":{"line":28,"column":4},"end":{"line":30,"column":5}},{"start":{},"end":{}}]},"1":{"loc":{"start":{"line":46,"column":4},"end":{"line":56,"column":5}},"type":"if","locations":[{"start":{"line":46,"column":4},"end":{"line":56,"column":5}},{"start":{},"end":{}}]},"2":{"loc":{"start":{"line":46,"column":8},"end":{"line":46,"column":44}},"type":"binary-expr","locations":[{"start":{"line":46,"column":8},"end":{"line":46,"column":24}},{"start":{"line":46,"column":28},"end":{"line":46,"column":44}}]},"3":{"loc":{"start":{"line":48,"column":6},"end":{"line":52,"column":7}},"type":"if","locations":[{"start":{"line":48,"column":6},"end":{"line":52,"column":7}},{"start":{},"end":{}}]},"4":{"loc":{"start":{"line":48,"column":10},"end":{"line":48,"column":66}},"type":"binary-expr","locations":[{"start":{"line":48,"column":10},"end":{"line":48,"column":20}},{"start":{"line":48,"column":25},"end":{"line":48,"column":38}},{"start":{"line":48,"column":42},"end":{"line":48,"column":65}}]},"5":{"loc":{"start":{"line":59,"column":4},"end":{"line":64,"column":5}},"type":"if","locations":[{"start":{"line":59,"column":4},"end":{"line":64,"column":5}},{"start":{},"end":{}}]},"6":{"loc":{"start":{"line":59,"column":8},"end":{"line":59,"column":50}},"type":"binary-expr","locations":[{"start":{"line":59,"column":8},"end":{"line":59,"column":18}},{"start":{"line":59,"column":22},"end":{"line":59,"column":50}}]},"7":{"loc":{"start":{"line":66,"column":4},"end":{"line":73,"column":5}},"type":"if","locations":[{"start":{"line":66,"column":4},"end":{"line":73,"column":5}},{"start":{},"end":{}}]},"8":{"loc":{"start":{"line":67,"column":6},"end":{"line":72,"column":7}},"type":"if","locations":[{"start":{"line":67,"column":6},"end":{"line":72,"column":7}},{"start":{},"end":{}}]},"9":{"loc":{"start":{"line":78,"column":6},"end":{"line":82,"column":7}},"type":"if","locations":[{"start":{"line":78,"column":6},"end":{"line":82,"column":7}},{"start":{"line":80,"column":13},"end":{"line":82,"column":7}}]},"10":{"loc":{"start":{"line":84,"column":6},"end":{"line":89,"column":7}},"type":"if","locations":[{"start":{"line":84,"column":6},"end":{"line":89,"column":7}},{"start":{"line":86,"column":13},"end":{"line":89,"column":7}}]},"11":{"loc":{"start":{"line":88,"column":8},"end":{"line":88,"column":null}},"type":"if","locations":[{"start":{"line":88,"column":8},"end":{"line":88,"column":null}},{"start":{},"end":{}}]},"12":{"loc":{"start":{"line":130,"column":13},"end":{"line":130,"column":75}},"type":"cond-expr","locations":[{"start":{"line":130,"column":26},"end":{"line":130,"column":47}},{"start":{"line":130,"column":50},"end":{"line":130,"column":75}}]},"13":{"loc":{"start":{"line":134,"column":9},"end":{"line":137,"column":null}},"type":"binary-expr","locations":[{"start":{"line":134,"column":10},"end":{"line":134,"column":19}},{"start":{"line":134,"column":23},"end":{"line":134,"column":33}},{"start":{"line":135,"column":10},"end":{"line":136,"column":null}}]},"14":{"loc":{"start":{"line":136,"column":23},"end":{"line":136,"column":46}},"type":"binary-expr","locations":[{"start":{"line":136,"column":23},"end":{"line":136,"column":32}},{"start":{"line":136,"column":36},"end":{"line":136,"column":46}}]},"15":{"loc":{"start":{"line":154,"column":11},"end":{"line":166,"column":null}},"type":"binary-expr","locations":[{"start":{"line":154,"column":11},"end":{"line":154,"column":21}},{"start":{"line":155,"column":12},"end":{"line":165,"column":null}}]},"16":{"loc":{"start":{"line":182,"column":11},"end":{"line":194,"column":null}},"type":"binary-expr","locations":[{"start":{"line":182,"column":11},"end":{"line":182,"column":21}},{"start":{"line":183,"column":12},"end":{"line":193,"column":null}}]},"17":{"loc":{"start":{"line":202,"column":13},"end":{"line":208,"column":null}},"type":"cond-expr","locations":[{"start":{"line":203,"column":14},"end":{"line":205,"column":null}},{"start":{"line":208,"column":14},"end":{"line":208,"column":55}}]},"18":{"loc":{"start":{"line":205,"column":17},"end":{"line":205,"column":69}},"type":"cond-expr","locations":[{"start":{"line":205,"column":30},"end":{"line":205,"column":51}},{"start":{"line":205,"column":54},"end":{"line":205,"column":69}}]},"19":{"loc":{"start":{"line":208,"column":14},"end":{"line":208,"column":55}},"type":"cond-expr","locations":[{"start":{"line":208,"column":27},"end":{"line":208,"column":43}},{"start":{"line":208,"column":46},"end":{"line":208,"column":55}}]},"20":{"loc":{"start":{"line":215,"column":13},"end":{"line":215,"column":80}},"type":"cond-expr","locations":[{"start":{"line":215,"column":26},"end":{"line":215,"column":52}},{"start":{"line":215,"column":55},"end":{"line":215,"column":80}}]},"21":{"loc":{"start":{"line":217,"column":15},"end":{"line":217,"column":58}},"type":"cond-expr","locations":[{"start":{"line":217,"column":28},"end":{"line":217,"column":38}},{"start":{"line":217,"column":41},"end":{"line":217,"column":58}}]}},"s":{"0":3,"1":3,"2":3,"3":3,"4":3,"5":43,"6":43,"7":43,"8":43,"9":43,"10":43,"11":43,"12":43,"13":43,"14":43,"15":11,"16":2,"17":43,"18":17,"19":17,"20":43,"21":4,"22":4,"23":4,"24":4,"25":4,"26":0,"27":0,"28":0,"29":0,"30":0,"31":4,"32":1,"33":1,"34":1,"35":3,"36":1,"37":1,"38":1,"39":1,"40":2,"41":2,"42":0,"43":2,"44":2,"45":1,"46":1,"47":0,"48":2,"49":43,"50":4,"51":4,"52":4,"53":4,"54":43,"55":43,"56":1,"57":1,"58":1,"59":43,"60":5,"61":2,"62":5,"63":2,"64":129,"65":1,"66":3},"f":{"0":43,"1":11,"2":17,"3":4,"4":4,"5":1,"6":5,"7":2,"8":5,"9":2,"10":129,"11":1},"b":{"0":[2,9],"1":[0,4],"2":[4,4],"3":[0,0],"4":[0,0,0],"5":[1,3],"6":[4,2],"7":[1,2],"8":[1,0],"9":[0,2],"10":[1,1],"11":[1,0],"12":[20,23],"13":[43,42,3],"14":[3,2],"15":[43,20],"16":[43,20],"17":[0,43],"18":[0,0],"19":[20,23],"20":[20,23],"21":[20,23]}}
,"C:\\Users\\user\\Documents\\projects\\js_NTV\\frontend\\src\\utils\\connectionLogic.ts": {"path":"C:\\Users\\user\\Documents\\projects\\js_NTV\\frontend\\src\\utils\\connectionLogic.ts","statementMap":{"0":{"start":{"line":1,"column":0},"end":{"line":1,"column":null}},"1":{"start":{"line":2,"column":2},"end":{"line":2,"column":null}},"2":{"start":{"line":3,"column":2},"end":{"line":3,"column":null}},"3":{"start":{"line":4,"column":2},"end":{"line":4,"column":null}},"4":{"start":{"line":5,"column":2},"end":{"line":5,"column":null}},"5":{"start":{"line":6,"column":2},"end":{"line":6,"column":null}},"6":{"start":{"line":7,"column":2},"end":{"line":7,"column":null}},"7":{"start":{"line":8,"column":2},"end":{"line":8,"column":null}},"8":{"start":{"line":9,"column":2},"end":{"line":9,"column":null}}},"fnMap":{"0":{"name":"(anonymous_0)","decl":{"start":{"line":2,"column":2},"end":{"line":2,"column":20}},"loc":{"start":{"line":2,"column":2},"end":{"line":2,"column":null}}},"1":{"name":"(anonymous_1)","decl":{"start":{"line":3,"column":2},"end":{"line":3,"column":19}},"loc":{"start":{"line":3,"column":2},"end":{"line":3,"column":null}}},"2":{"name":"(anonymous_2)","decl":{"start":{"line":4,"column":2},"end":{"line":4,"column":18}},"loc":{"start":{"line":4,"column":2},"end":{"line":4,"column":null}}},"3":{"name":"(anonymous_3)","decl":{"start":{"line":5,"column":2},"end":{"line":5,"column":17}},"loc":{"start":{"line":5,"column":2},"end":{"line":5,"column":null}}},"4":{"name":"(anonymous_4)","decl":{"start":{"line":6,"column":2},"end":{"line":6,"column":21}},"loc":{"start":{"line":6,"column":2},"end":{"line":6,"column":null}}},"5":{"name":"(anonymous_5)","decl":{"start":{"line":7,"column":2},"end":{"line":7,"column":28}},"loc":{"start":{"line":7,"column":2},"end":{"line":7,"column":null}}},"6":{"name":"(anonymous_6)","decl":{"start":{"line":8,"column":2},"end":{"line":8,"column":13}},"loc":{"start":{"line":8,"column":2},"end":{"line":8,"column":null}}},"7":{"name":"(anonymous_7)","decl":{"start":{"line":9,"column":2},"end":{"line":9,"column":18}},"loc":{"start":{"line":9,"column":2},"end":{"line":9,"column":null}}}},"branchMap":{},"s":{"0":1,"1":2,"2":4,"3":3,"4":5,"5":2,"6":2,"7":2,"8":3},"f":{"0":1,"1":3,"2":2,"3":4,"4":1,"5":1,"6":1,"7":2},"b":{}}
,"C:\\Users\\user\\Documents\\projects\\js_NTV\\frontend\\src\\utils\\projectService.ts": {"path":"C:\\Users\\user\\Documents\\projects\\js_NTV\\frontend\\src\\utils\\projectService.ts","statementMap":{"0":{"start":{"line":4,"column":20},"end":{"line":4,"column":38}},"1":{"start":{"line":31,"column":23},"end":{"line":194,"column":null}},"2":{"start":{"line":34,"column":4},"end":{"line":42,"column":5}},"3":{"start":{"line":35,"column":40},"end":{"line":35,"column":93}},"4":{"start":{"line":37,"column":6},"end":{"line":37,"column":null}},"5":{"start":{"line":39,"column":6},"end":{"line":39,"column":null}},"6":{"start":{"line":41,"column":6},"end":{"line":41,"column":null}},"7":{"start":{"line":47,"column":4},"end":{"line":96,"column":5}},"8":{"start":{"line":48,"column":40},"end":{"line":48,"column":93}},"9":{"start":{"line":50,"column":6},"end":{"line":52,"column":7}},"10":{"start":{"line":51,"column":8},"end":{"line":51,"column":null}},"11":{"start":{"line":54,"column":34},"end":{"line":62,"column":null}},"12":{"start":{"line":65,"column":28},"end":{"line":65,"column":86}},"13":{"start":{"line":65,"column":63},"end":{"line":65,"column":85}},"14":{"start":{"line":67,"column":6},"end":{"line":92,"column":7}},"15":{"start":{"line":69,"column":25},"end":{"line":69,"column":59}},"16":{"start":{"line":71,"column":31},"end":{"line":76,"column":null}},"17":{"start":{"line":78,"column":8},"end":{"line":78,"column":null}},"18":{"start":{"line":80,"column":8},"end":{"line":80,"column":null}},"19":{"start":{"line":83,"column":8},"end":{"line":83,"column":null}},"20":{"start":{"line":86,"column":8},"end":{"line":86,"column":null}},"21":{"start":{"line":88,"column":8},"end":{"line":88,"column":null}},"22":{"start":{"line":91,"column":8},"end":{"line":91,"column":null}},"23":{"start":{"line":94,"column":6},"end":{"line":94,"column":null}},"24":{"start":{"line":95,"column":6},"end":{"line":95,"column":null}},"25":{"start":{"line":101,"column":4},"end":{"line":109,"column":5}},"26":{"start":{"line":102,"column":23},"end":{"line":102,"column":61}},"27":{"start":{"line":104,"column":6},"end":{"line":104,"column":null}},"28":{"start":{"line":104,"column":32},"end":{"line":104,"column":50}},"29":{"start":{"line":106,"column":6},"end":{"line":106,"column":null}},"30":{"start":{"line":108,"column":6},"end":{"line":108,"column":null}},"31":{"start":{"line":114,"column":4},"end":{"line":131,"column":5}},"32":{"start":{"line":115,"column":40},"end":{"line":115,"column":93}},"33":{"start":{"line":117,"column":6},"end":{"line":122,"column":7}},"34":{"start":{"line":118,"column":8},"end":{"line":118,"column":null}},"35":{"start":{"line":118,"column":62},"end":{"line":118,"column":80}},"36":{"start":{"line":119,"column":8},"end":{"line":119,"column":null}},"37":{"start":{"line":121,"column":8},"end":{"line":121,"column":null}},"38":{"start":{"line":125,"column":6},"end":{"line":125,"column":null}},"39":{"start":{"line":127,"column":6},"end":{"line":127,"column":null}},"40":{"start":{"line":129,"column":6},"end":{"line":129,"column":null}},"41":{"start":{"line":130,"column":6},"end":{"line":130,"column":null}},"42":{"start":{"line":136,"column":4},"end":{"line":164,"column":5}},"43":{"start":{"line":137,"column":40},"end":{"line":137,"column":93}},"44":{"start":{"line":139,"column":6},"end":{"line":154,"column":7}},"45":{"start":{"line":140,"column":29},"end":{"line":140,"column":83}},"46":{"start":{"line":140,"column":64},"end":{"line":140,"column":82}},"47":{"start":{"line":142,"column":8},"end":{"line":153,"column":9}},"48":{"start":{"line":143,"column":10},"end":{"line":148,"column":null}},"49":{"start":{"line":149,"column":10},"end":{"line":149,"column":null}},"50":{"start":{"line":152,"column":10},"end":{"line":152,"column":null}},"51":{"start":{"line":158,"column":6},"end":{"line":158,"column":null}},"52":{"start":{"line":160,"column":6},"end":{"line":160,"column":null}},"53":{"start":{"line":162,"column":6},"end":{"line":162,"column":null}},"54":{"start":{"line":163,"column":6},"end":{"line":163,"column":null}},"55":{"start":{"line":169,"column":4},"end":{"line":192,"column":5}},"56":{"start":{"line":170,"column":23},"end":{"line":170,"column":61}},"57":{"start":{"line":171,"column":23},"end":{"line":171,"column":24}},"58":{"start":{"line":172,"column":23},"end":{"line":172,"column":24}},"59":{"start":{"line":174,"column":6},"end":{"line":177,"column":null}},"60":{"start":{"line":175,"column":8},"end":{"line":175,"column":null}},"61":{"start":{"line":176,"column":8},"end":{"line":176,"column":null}},"62":{"start":{"line":179,"column":6},"end":{"line":183,"column":null}},"63":{"start":{"line":185,"column":6},"end":{"line":185,"column":null}},"64":{"start":{"line":187,"column":6},"end":{"line":191,"column":null}},"65":{"start":{"line":196,"column":0},"end":{"line":196,"column":null}}},"fnMap":{"0":{"name":"(anonymous_0)","decl":{"start":{"line":33,"column":19},"end":{"line":33,"column":20}},"loc":{"start":{"line":33,"column":49},"end":{"line":43,"column":3}}},"1":{"name":"(anonymous_1)","decl":{"start":{"line":46,"column":15},"end":{"line":46,"column":16}},"loc":{"start":{"line":46,"column":84},"end":{"line":97,"column":3}}},"2":{"name":"(anonymous_2)","decl":{"start":{"line":65,"column":58},"end":{"line":65,"column":59}},"loc":{"start":{"line":65,"column":63},"end":{"line":65,"column":85}}},"3":{"name":"(anonymous_3)","decl":{"start":{"line":100,"column":14},"end":{"line":100,"column":15}},"loc":{"start":{"line":100,"column":68},"end":{"line":110,"column":3}}},"4":{"name":"(anonymous_4)","decl":{"start":{"line":104,"column":27},"end":{"line":104,"column":28}},"loc":{"start":{"line":104,"column":32},"end":{"line":104,"column":50}}},"5":{"name":"(anonymous_5)","decl":{"start":{"line":113,"column":17},"end":{"line":113,"column":18}},"loc":{"start":{"line":113,"column":64},"end":{"line":132,"column":3}}},"6":{"name":"(anonymous_6)","decl":{"start":{"line":118,"column":57},"end":{"line":118,"column":58}},"loc":{"start":{"line":118,"column":62},"end":{"line":118,"column":80}}},"7":{"name":"(anonymous_7)","decl":{"start":{"line":135,"column":17},"end":{"line":135,"column":18}},"loc":{"start":{"line":135,"column":98},"end":{"line":165,"column":3}}},"8":{"name":"(anonymous_8)","decl":{"start":{"line":140,"column":59},"end":{"line":140,"column":60}},"loc":{"start":{"line":140,"column":64},"end":{"line":140,"column":82}}},"9":{"name":"(anonymous_9)","decl":{"start":{"line":168,"column":16},"end":{"line":168,"column":17}},"loc":{"start":{"line":168,"column":49},"end":{"line":193,"column":3}}},"10":{"name":"(anonymous_10)","decl":{"start":{"line":174,"column":23},"end":{"line":174,"column":30}},"loc":{"start":{"line":174,"column":33},"end":{"line":177,"column":7}}}},"branchMap":{"0":{"loc":{"start":{"line":35,"column":51},"end":{"line":35,"column":92}},"type":"binary-expr","locations":[{"start":{"line":35,"column":51},"end":{"line":35,"column":84}},{"start":{"line":35,"column":88},"end":{"line":35,"column":92}}]},"1":{"loc":{"start":{"line":37,"column":13},"end":{"line":37,"column":38}},"type":"binary-expr","locations":[{"start":{"line":37,"column":13},"end":{"line":37,"column":32}},{"start":{"line":37,"column":36},"end":{"line":37,"column":38}}]},"2":{"loc":{"start":{"line":48,"column":51},"end":{"line":48,"column":92}},"type":"binary-expr","locations":[{"start":{"line":48,"column":51},"end":{"line":48,"column":84}},{"start":{"line":48,"column":88},"end":{"line":48,"column":92}}]},"3":{"loc":{"start":{"line":50,"column":6},"end":{"line":52,"column":7}},"type":"if","locations":[{"start":{"line":50,"column":6},"end":{"line":52,"column":7}},{"start":{},"end":{}}]},"4":{"loc":{"start":{"line":67,"column":6},"end":{"line":92,"column":7}},"type":"if","locations":[{"start":{"line":67,"column":6},"end":{"line":92,"column":7}},{"start":{"line":84,"column":13},"end":{"line":92,"column":7}}]},"5":{"loc":{"start":{"line":104,"column":13},"end":{"line":104,"column":59}},"type":"binary-expr","locations":[{"start":{"line":104,"column":13},"end":{"line":104,"column":51}},{"start":{"line":104,"column":55},"end":{"line":104,"column":59}}]},"6":{"loc":{"start":{"line":115,"column":51},"end":{"line":115,"column":92}},"type":"binary-expr","locations":[{"start":{"line":115,"column":51},"end":{"line":115,"column":84}},{"start":{"line":115,"column":88},"end":{"line":115,"column":92}}]},"7":{"loc":{"start":{"line":117,"column":6},"end":{"line":122,"column":7}},"type":"if","locations":[{"start":{"line":117,"column":6},"end":{"line":122,"column":7}},{"start":{},"end":{}}]},"8":{"loc":{"start":{"line":137,"column":51},"end":{"line":137,"column":92}},"type":"binary-expr","locations":[{"start":{"line":137,"column":51},"end":{"line":137,"column":84}},{"start":{"line":137,"column":88},"end":{"line":137,"column":92}}]},"9":{"loc":{"start":{"line":139,"column":6},"end":{"line":154,"column":7}},"type":"if","locations":[{"start":{"line":139,"column":6},"end":{"line":154,"column":7}},{"start":{},"end":{}}]},"10":{"loc":{"start":{"line":142,"column":8},"end":{"line":153,"column":9}},"type":"if","locations":[{"start":{"line":142,"column":8},"end":{"line":153,"column":9}},{"start":{},"end":{}}]},"11":{"loc":{"start":{"line":175,"column":23},"end":{"line":175,"column":49}},"type":"binary-expr","locations":[{"start":{"line":175,"column":23},"end":{"line":175,"column":44}},{"start":{"line":175,"column":48},"end":{"line":175,"column":49}}]},"12":{"loc":{"start":{"line":176,"column":23},"end":{"line":176,"column":49}},"type":"binary-expr","locations":[{"start":{"line":176,"column":23},"end":{"line":176,"column":44}},{"start":{"line":176,"column":48},"end":{"line":176,"column":49}}]}},"s":{"0":7,"1":7,"2":34,"3":34,"4":32,"5":2,"6":2,"7":23,"8":23,"9":23,"10":19,"11":23,"12":23,"13":4,"14":23,"15":1,"16":1,"17":1,"18":1,"19":1,"20":22,"21":22,"22":21,"23":1,"24":1,"25":2,"26":2,"27":2,"28":1,"29":0,"30":0,"31":4,"32":4,"33":4,"34":2,"35":2,"36":2,"37":2,"38":2,"39":1,"40":1,"41":1,"42":3,"43":3,"44":3,"45":1,"46":1,"47":1,"48":1,"49":1,"50":1,"51":2,"52":1,"53":1,"54":1,"55":14,"56":14,"57":14,"58":14,"59":14,"60":8,"61":8,"62":14,"63":0,"64":0,"65":7},"f":{"0":34,"1":23,"2":4,"3":2,"4":1,"5":4,"6":2,"7":3,"8":1,"9":14,"10":8},"b":{"0":[34,13],"1":[32,13],"2":[23,18],"3":[19,4],"4":[1,22],"5":[2,1],"6":[4,2],"7":[2,2],"8":[3,2],"9":[1,2],"10":[1,0],"11":[8,0],"12":[8,4]}}
,"C:\\Users\\user\\Documents\\projects\\js_NTV\\frontend\\src\\utils\\validation.ts": {"path":"C:\\Users\\user\\Documents\\projects\\js_NTV\\frontend\\src\\utils\\validation.ts","statementMap":{"0":{"start":{"line":10,"column":29},"end":{"line":22,"column":1}},"1":{"start":{"line":11,"column":21},"end":{"line":11,"column":49}},"2":{"start":{"line":13,"column":2},"end":{"line":15,"column":3}},"3":{"start":{"line":14,"column":4},"end":{"line":14,"column":null}},"4":{"start":{"line":17,"column":2},"end":{"line":19,"column":3}},"5":{"start":{"line":18,"column":4},"end":{"line":18,"column":null}},"6":{"start":{"line":21,"column":2},"end":{"line":21,"column":null}},"7":{"start":{"line":10,"column":13},"end":{"line":10,"column":29}},"8":{"start":{"line":24,"column":32},"end":{"line":38,"column":1}},"9":{"start":{"line":25,"column":2},"end":{"line":27,"column":3}},"10":{"start":{"line":26,"column":4},"end":{"line":26,"column":null}},"11":{"start":{"line":29,"column":2},"end":{"line":31,"column":3}},"12":{"start":{"line":30,"column":4},"end":{"line":30,"column":null}},"13":{"start":{"line":33,"column":2},"end":{"line":35,"column":3}},"14":{"start":{"line":34,"column":4},"end":{"line":34,"column":null}},"15":{"start":{"line":37,"column":2},"end":{"line":37,"column":null}},"16":{"start":{"line":24,"column":13},"end":{"line":24,"column":32}},"17":{"start":{"line":40,"column":32},"end":{"line":50,"column":1}},"18":{"start":{"line":41,"column":2},"end":{"line":43,"column":3}},"19":{"start":{"line":42,"column":4},"end":{"line":42,"column":null}},"20":{"start":{"line":45,"column":2},"end":{"line":47,"column":3}},"21":{"start":{"line":46,"column":4},"end":{"line":46,"column":null}},"22":{"start":{"line":49,"column":2},"end":{"line":49,"column":null}},"23":{"start":{"line":40,"column":13},"end":{"line":40,"column":32}},"24":{"start":{"line":52,"column":26},"end":{"line":74,"column":1}},"25":{"start":{"line":53,"column":18},"end":{"line":53,"column":43}},"26":{"start":{"line":55,"column":2},"end":{"line":57,"column":3}},"27":{"start":{"line":56,"column":4},"end":{"line":56,"column":null}},"28":{"start":{"line":59,"column":2},"end":{"line":61,"column":3}},"29":{"start":{"line":60,"column":4},"end":{"line":60,"column":null}},"30":{"start":{"line":63,"column":16},"end":{"line":63,"column":29}},"31":{"start":{"line":65,"column":2},"end":{"line":71,"column":3}},"32":{"start":{"line":66,"column":16},"end":{"line":66,"column":34}},"33":{"start":{"line":68,"column":4},"end":{"line":70,"column":5}},"34":{"start":{"line":69,"column":6},"end":{"line":69,"column":null}},"35":{"start":{"line":73,"column":2},"end":{"line":73,"column":null}},"36":{"start":{"line":52,"column":13},"end":{"line":52,"column":26}},"37":{"start":{"line":76,"column":34},"end":{"line":109,"column":1}},"38":{"start":{"line":77,"column":20},"end":{"line":77,"column":45}},"39":{"start":{"line":79,"column":2},"end":{"line":81,"column":3}},"40":{"start":{"line":80,"column":4},"end":{"line":80,"column":null}},"41":{"start":{"line":83,"column":2},"end":{"line":85,"column":3}},"42":{"start":{"line":84,"column":4},"end":{"line":84,"column":null}},"43":{"start":{"line":87,"column":16},"end":{"line":87,"column":31}},"44":{"start":{"line":89,"column":2},"end":{"line":95,"column":3}},"45":{"start":{"line":90,"column":16},"end":{"line":90,"column":34}},"46":{"start":{"line":92,"column":4},"end":{"line":94,"column":5}},"47":{"start":{"line":93,"column":6},"end":{"line":93,"column":null}},"48":{"start":{"line":97,"column":21},"end":{"line":97,"column":98}},"49":{"start":{"line":97,"column":41},"end":{"line":97,"column":88}},"50":{"start":{"line":98,"column":25},"end":{"line":98,"column":48}},"51":{"start":{"line":100,"column":2},"end":{"line":106,"column":3}},"52":{"start":{"line":101,"column":27},"end":{"line":101,"column":63}},"53":{"start":{"line":103,"column":4},"end":{"line":105,"column":5}},"54":{"start":{"line":104,"column":6},"end":{"line":104,"column":null}},"55":{"start":{"line":108,"column":2},"end":{"line":108,"column":null}},"56":{"start":{"line":76,"column":13},"end":{"line":76,"column":34}},"57":{"start":{"line":111,"column":35},"end":{"line":121,"column":1}},"58":{"start":{"line":112,"column":2},"end":{"line":114,"column":3}},"59":{"start":{"line":113,"column":4},"end":{"line":113,"column":null}},"60":{"start":{"line":116,"column":2},"end":{"line":118,"column":3}},"61":{"start":{"line":117,"column":4},"end":{"line":117,"column":null}},"62":{"start":{"line":120,"column":2},"end":{"line":120,"column":null}},"63":{"start":{"line":111,"column":13},"end":{"line":111,"column":35}},"64":{"start":{"line":123,"column":33},"end":{"line":133,"column":1}},"65":{"start":{"line":124,"column":2},"end":{"line":126,"column":3}},"66":{"start":{"line":125,"column":4},"end":{"line":125,"column":null}},"67":{"start":{"line":128,"column":2},"end":{"line":130,"column":3}},"68":{"start":{"line":129,"column":4},"end":{"line":129,"column":null}},"69":{"start":{"line":132,"column":2},"end":{"line":132,"column":null}},"70":{"start":{"line":123,"column":13},"end":{"line":123,"column":33}},"71":{"start":{"line":140,"column":36},"end":{"line":197,"column":1}},"72":{"start":{"line":141,"column":27},"end":{"line":141,"column":29}},"73":{"start":{"line":143,"column":2},"end":{"line":145,"column":3}},"74":{"start":{"line":144,"column":4},"end":{"line":144,"column":null}},"75":{"start":{"line":147,"column":16},"end":{"line":147,"column":60}},"76":{"start":{"line":149,"column":2},"end":{"line":151,"column":3}},"77":{"start":{"line":150,"column":4},"end":{"line":150,"column":null}},"78":{"start":{"line":153,"column":2},"end":{"line":155,"column":3}},"79":{"start":{"line":154,"column":4},"end":{"line":154,"column":null}},"80":{"start":{"line":157,"column":2},"end":{"line":173,"column":3}},"81":{"start":{"line":158,"column":4},"end":{"line":172,"column":null}},"82":{"start":{"line":159,"column":16},"end":{"line":159,"column":75}},"83":{"start":{"line":161,"column":6},"end":{"line":163,"column":7}},"84":{"start":{"line":162,"column":8},"end":{"line":162,"column":null}},"85":{"start":{"line":165,"column":6},"end":{"line":167,"column":7}},"86":{"start":{"line":166,"column":8},"end":{"line":166,"column":null}},"87":{"start":{"line":169,"column":6},"end":{"line":171,"column":7}},"88":{"start":{"line":170,"column":8},"end":{"line":170,"column":null}},"89":{"start":{"line":175,"column":2},"end":{"line":191,"column":3}},"90":{"start":{"line":176,"column":4},"end":{"line":190,"column":null}},"91":{"start":{"line":177,"column":16},"end":{"line":177,"column":75}},"92":{"start":{"line":179,"column":6},"end":{"line":181,"column":7}},"93":{"start":{"line":180,"column":8},"end":{"line":180,"column":null}},"94":{"start":{"line":183,"column":6},"end":{"line":185,"column":7}},"95":{"start":{"line":184,"column":8},"end":{"line":184,"column":null}},"96":{"start":{"line":187,"column":6},"end":{"line":189,"column":7}},"97":{"start":{"line":188,"column":8},"end":{"line":188,"column":null}},"98":{"start":{"line":193,"column":2},"end":{"line":196,"column":null}},"99":{"start":{"line":140,"column":13},"end":{"line":140,"column":36}}},"fnMap":{"0":{"name":"(anonymous_0)","decl":{"start":{"line":10,"column":29},"end":{"line":10,"column":30}},"loc":{"start":{"line":10,"column":65},"end":{"line":22,"column":1}}},"1":{"name":"(anonymous_1)","decl":{"start":{"line":24,"column":32},"end":{"line":24,"column":33}},"loc":{"start":{"line":24,"column":71},"end":{"line":38,"column":1}}},"2":{"name":"(anonymous_2)","decl":{"start":{"line":40,"column":32},"end":{"line":40,"column":33}},"loc":{"start":{"line":40,"column":71},"end":{"line":50,"column":1}}},"3":{"name":"(anonymous_3)","decl":{"start":{"line":52,"column":26},"end":{"line":52,"column":27}},"loc":{"start":{"line":52,"column":59},"end":{"line":74,"column":1}}},"4":{"name":"(anonymous_4)","decl":{"start":{"line":76,"column":34},"end":{"line":76,"column":35}},"loc":{"start":{"line":76,"column":69},"end":{"line":109,"column":1}}},"5":{"name":"(anonymous_5)","decl":{"start":{"line":97,"column":31},"end":{"line":97,"column":32}},"loc":{"start":{"line":97,"column":41},"end":{"line":97,"column":88}}},"6":{"name":"(anonymous_6)","decl":{"start":{"line":111,"column":35},"end":{"line":111,"column":36}},"loc":{"start":{"line":111,"column":70},"end":{"line":121,"column":1}}},"7":{"name":"(anonymous_7)","decl":{"start":{"line":123,"column":33},"end":{"line":123,"column":34}},"loc":{"start":{"line":123,"column":69},"end":{"line":133,"column":1}}},"8":{"name":"(anonymous_8)","decl":{"start":{"line":140,"column":36},"end":{"line":140,"column":37}},"loc":{"start":{"line":140,"column":80},"end":{"line":197,"column":1}}},"9":{"name":"(anonymous_9)","decl":{"start":{"line":158,"column":24},"end":{"line":158,"column":25}},"loc":{"start":{"line":158,"column":57},"end":{"line":172,"column":5}}},"10":{"name":"(anonymous_10)","decl":{"start":{"line":176,"column":24},"end":{"line":176,"column":25}},"loc":{"start":{"line":176,"column":57},"end":{"line":190,"column":5}}}},"branchMap":{"0":{"loc":{"start":{"line":13,"column":2},"end":{"line":15,"column":3}},"type":"if","locations":[{"start":{"line":13,"column":2},"end":{"line":15,"column":3}},{"start":{},"end":{}}]},"1":{"loc":{"start":{"line":17,"column":2},"end":{"line":19,"column":3}},"type":"if","locations":[{"start":{"line":17,"column":2},"end":{"line":19,"column":3}},{"start":{},"end":{}}]},"2":{"loc":{"start":{"line":25,"column":2},"end":{"line":27,"column":3}},"type":"if","locations":[{"start":{"line":25,"column":2},"end":{"line":27,"column":3}},{"start":{},"end":{}}]},"3":{"loc":{"start":{"line":29,"column":2},"end":{"line":31,"column":3}},"type":"if","locations":[{"start":{"line":29,"column":2},"end":{"line":31,"column":3}},{"start":{},"end":{}}]},"4":{"loc":{"start":{"line":33,"column":2},"end":{"line":35,"column":3}},"type":"if","locations":[{"start":{"line":33,"column":2},"end":{"line":35,"column":3}},{"start":{},"end":{}}]},"5":{"loc":{"start":{"line":41,"column":2},"end":{"line":43,"column":3}},"type":"if","locations":[{"start":{"line":41,"column":2},"end":{"line":43,"column":3}},{"start":{},"end":{}}]},"6":{"loc":{"start":{"line":45,"column":2},"end":{"line":47,"column":3}},"type":"if","locations":[{"start":{"line":45,"column":2},"end":{"line":47,"column":3}},{"start":{},"end":{}}]},"7":{"loc":{"start":{"line":55,"column":2},"end":{"line":57,"column":3}},"type":"if","locations":[{"start":{"line":55,"column":2},"end":{"line":57,"column":3}},{"start":{},"end":{}}]},"8":{"loc":{"start":{"line":59,"column":2},"end":{"line":61,"column":3}},"type":"if","locations":[{"start":{"line":59,"column":2},"end":{"line":61,"column":3}},{"start":{},"end":{}}]},"9":{"loc":{"start":{"line":68,"column":4},"end":{"line":70,"column":5}},"type":"if","locations":[{"start":{"line":68,"column":4},"end":{"line":70,"column":5}},{"start":{},"end":{}}]},"10":{"loc":{"start":{"line":68,"column":8},"end":{"line":68,"column":28}},"type":"binary-expr","locations":[{"start":{"line":68,"column":8},"end":{"line":68,"column":15}},{"start":{"line":68,"column":19},"end":{"line":68,"column":28}}]},"11":{"loc":{"start":{"line":79,"column":2},"end":{"line":81,"column":3}},"type":"if","locations":[{"start":{"line":79,"column":2},"end":{"line":81,"column":3}},{"start":{},"end":{}}]},"12":{"loc":{"start":{"line":83,"column":2},"end":{"line":85,"column":3}},"type":"if","locations":[{"start":{"line":83,"column":2},"end":{"line":85,"column":3}},{"start":{},"end":{}}]},"13":{"loc":{"start":{"line":92,"column":4},"end":{"line":94,"column":5}},"type":"if","locations":[{"start":{"line":92,"column":4},"end":{"line":94,"column":5}},{"start":{},"end":{}}]},"14":{"loc":{"start":{"line":92,"column":8},"end":{"line":92,"column":28}},"type":"binary-expr","locations":[{"start":{"line":92,"column":8},"end":{"line":92,"column":15}},{"start":{"line":92,"column":19},"end":{"line":92,"column":28}}]},"15":{"loc":{"start":{"line":100,"column":2},"end":{"line":106,"column":3}},"type":"if","locations":[{"start":{"line":100,"column":2},"end":{"line":106,"column":3}},{"start":{},"end":{}}]},"16":{"loc":{"start":{"line":103,"column":4},"end":{"line":105,"column":5}},"type":"if","locations":[{"start":{"line":103,"column":4},"end":{"line":105,"column":5}},{"start":{},"end":{}}]},"17":{"loc":{"start":{"line":112,"column":2},"end":{"line":114,"column":3}},"type":"if","locations":[{"start":{"line":112,"column":2},"end":{"line":114,"column":3}},{"start":{},"end":{}}]},"18":{"loc":{"start":{"line":116,"column":2},"end":{"line":118,"column":3}},"type":"if","locations":[{"start":{"line":116,"column":2},"end":{"line":118,"column":3}},{"start":{},"end":{}}]},"19":{"loc":{"start":{"line":124,"column":2},"end":{"line":126,"column":3}},"type":"if","locations":[{"start":{"line":124,"column":2},"end":{"line":126,"column":3}},{"start":{},"end":{}}]},"20":{"loc":{"start":{"line":128,"column":2},"end":{"line":130,"column":3}},"type":"if","locations":[{"start":{"line":128,"column":2},"end":{"line":130,"column":3}},{"start":{},"end":{}}]},"21":{"loc":{"start":{"line":143,"column":2},"end":{"line":145,"column":3}},"type":"if","locations":[{"start":{"line":143,"column":2},"end":{"line":145,"column":3}},{"start":{},"end":{}}]},"22":{"loc":{"start":{"line":143,"column":6},"end":{"line":143,"column":39}},"type":"binary-expr","locations":[{"start":{"line":143,"column":6},"end":{"line":143,"column":11}},{"start":{"line":143,"column":15},"end":{"line":143,"column":39}}]},"23":{"loc":{"start":{"line":149,"column":2},"end":{"line":151,"column":3}},"type":"if","locations":[{"start":{"line":149,"column":2},"end":{"line":151,"column":3}},{"start":{},"end":{}}]},"24":{"loc":{"start":{"line":153,"column":2},"end":{"line":155,"column":3}},"type":"if","locations":[{"start":{"line":153,"column":2},"end":{"line":155,"column":3}},{"start":{},"end":{}}]},"25":{"loc":{"start":{"line":157,"column":2},"end":{"line":173,"column":3}},"type":"if","locations":[{"start":{"line":157,"column":2},"end":{"line":173,"column":3}},{"start":{},"end":{}}]},"26":{"loc":{"start":{"line":161,"column":6},"end":{"line":163,"column":7}},"type":"if","locations":[{"start":{"line":161,"column":6},"end":{"line":163,"column":7}},{"start":{},"end":{}}]},"27":{"loc":{"start":{"line":165,"column":6},"end":{"line":167,"column":7}},"type":"if","locations":[{"start":{"line":165,"column":6},"end":{"line":167,"column":7}},{"start":{},"end":{}}]},"28":{"loc":{"start":{"line":165,"column":10},"end":{"line":165,"column":55}},"type":"binary-expr","locations":[{"start":{"line":165,"column":10},"end":{"line":165,"column":21}},{"start":{"line":165,"column":25},"end":{"line":165,"column":55}}]},"29":{"loc":{"start":{"line":166,"column":28},"end":{"line":166,"column":41}},"type":"binary-expr","locations":[{"start":{"line":166,"column":28},"end":{"line":166,"column":32}},{"start":{"line":166,"column":36},"end":{"line":166,"column":41}}]},"30":{"loc":{"start":{"line":169,"column":6},"end":{"line":171,"column":7}},"type":"if","locations":[{"start":{"line":169,"column":6},"end":{"line":171,"column":7}},{"start":{},"end":{}}]},"31":{"loc":{"start":{"line":169,"column":10},"end":{"line":169,"column":47}},"type":"binary-expr","locations":[{"start":{"line":169,"column":10},"end":{"line":169,"column":17}},{"start":{"line":169,"column":21},"end":{"line":169,"column":47}}]},"32":{"loc":{"start":{"line":170,"column":28},"end":{"line":170,"column":41}},"type":"binary-expr","locations":[{"start":{"line":170,"column":28},"end":{"line":170,"column":32}},{"start":{"line":170,"column":36},"end":{"line":170,"column":41}}]},"33":{"loc":{"start":{"line":175,"column":2},"end":{"line":191,"column":3}},"type":"if","locations":[{"start":{"line":175,"column":2},"end":{"line":191,"column":3}},{"start":{},"end":{}}]},"34":{"loc":{"start":{"line":179,"column":6},"end":{"line":181,"column":7}},"type":"if","locations":[{"start":{"line":179,"column":6},"end":{"line":181,"column":7}},{"start":{},"end":{}}]},"35":{"loc":{"start":{"line":183,"column":6},"end":{"line":185,"column":7}},"type":"if","locations":[{"start":{"line":183,"column":6},"end":{"line":185,"column":7}},{"start":{},"end":{}}]},"36":{"loc":{"start":{"line":184,"column":28},"end":{"line":184,"column":41}},"type":"binary-expr","locations":[{"start":{"line":184,"column":28},"end":{"line":184,"column":32}},{"start":{"line":184,"column":36},"end":{"line":184,"column":41}}]},"37":{"loc":{"start":{"line":187,"column":6},"end":{"line":189,"column":7}},"type":"if","locations":[{"start":{"line":187,"column":6},"end":{"line":189,"column":7}},{"start":{},"end":{}}]},"38":{"loc":{"start":{"line":188,"column":28},"end":{"line":188,"column":41}},"type":"binary-expr","locations":[{"start":{"line":188,"column":28},"end":{"line":188,"column":32}},{"start":{"line":188,"column":36},"end":{"line":188,"column":41}}]}},"s":{"0":1,"1":7,"2":7,"3":2,"4":5,"5":3,"6":2,"7":1,"8":1,"9":6,"10":2,"11":4,"12":1,"13":3,"14":1,"15":2,"16":1,"17":1,"18":4,"19":1,"20":3,"21":1,"22":2,"23":1,"24":1,"25":11,"26":11,"27":2,"28":9,"29":4,"30":5,"31":5,"32":15,"33":15,"34":2,"35":3,"36":1,"37":1,"38":9,"39":9,"40":2,"41":7,"42":2,"43":5,"44":5,"45":20,"46":20,"47":0,"48":5,"49":20,"50":5,"51":5,"52":5,"53":5,"54":2,"55":3,"56":1,"57":1,"58":5,"59":2,"60":3,"61":1,"62":2,"63":1,"64":1,"65":5,"66":2,"67":3,"68":1,"69":2,"70":1,"71":1,"72":4,"73":4,"74":1,"75":3,"76":3,"77":1,"78":3,"79":1,"80":3,"81":2,"82":2,"83":2,"84":0,"85":2,"86":1,"87":2,"88":1,"89":3,"90":2,"91":2,"92":2,"93":0,"94":2,"95":1,"96":2,"97":1,"98":3,"99":1},"f":{"0":7,"1":6,"2":4,"3":11,"4":9,"5":20,"6":5,"7":5,"8":4,"9":2,"10":2},"b":{"0":[2,5],"1":[3,2],"2":[2,4],"3":[1,3],"4":[1,2],"5":[1,3],"6":[1,2],"7":[2,9],"8":[4,5],"9":[2,13],"10":[15,15],"11":[2,7],"12":[2,5],"13":[0,20],"14":[20,20],"15":[5,0],"16":[2,3],"17":[2,3],"18":[1,2],"19":[2,3],"20":[1,2],"21":[1,3],"22":[4,3],"23":[1,2],"24":[1,2],"25":[2,1],"26":[0,2],"27":[1,1],"28":[2,1],"29":[1,0],"30":[1,1],"31":[2,1],"32":[1,0],"33":[2,1],"34":[0,2],"35":[1,1],"36":[1,0],"37":[1,1],"38":[1,0]}}
}
