TN:
SF:src\App.tsx
FN:15,(anonymous_0)
FN:25,(anonymous_1)
FN:35,(anonymous_2)
FN:49,(anonymous_3)
FN:55,(anonymous_4)
FNF:5
FNH:5
FNDA:12,(anonymous_0)
FNDA:12,(anonymous_1)
FNDA:4,(anonymous_2)
FNDA:4,(anonymous_3)
FNDA:12,(anonymous_4)
DA:1,2
DA:3,2
DA:4,2
DA:6,2
DA:7,2
DA:8,2
DA:9,2
DA:10,2
DA:11,2
DA:13,2
DA:15,2
DA:16,12
DA:18,12
DA:25,2
DA:26,12
DA:28,12
DA:35,2
DA:36,4
DA:38,4
DA:49,2
DA:50,4
DA:52,4
DA:55,2
DA:56,12
DA:111,2
LF:25
LH:25
BRDA:18,0,0,12
BRDA:18,0,1,3
BRDA:28,1,0,10
BRDA:28,1,1,2
BRDA:38,2,0,2
BRDA:38,2,1,2
BRDA:38,3,0,4
BRDA:38,3,1,3
BRDA:52,4,0,3
BRDA:52,4,1,1
BRF:10
BRH:10
end_of_record
TN:
SF:src\components\Header\Header.tsx
FNF:0
FNH:0
DA:3,1
DA:5,1
LF:2
LH:2
BRF:0
BRH:0
end_of_record
TN:
SF:src\hooks\useLocalStorage.ts
FN:13,(anonymous_0)
FN:14,(anonymous_1)
FN:30,(anonymous_2)
FN:41,(anonymous_3)
FNF:4
FNH:4
FNDA:17,(anonymous_0)
FNDA:9,(anonymous_1)
FNDA:7,(anonymous_2)
FNDA:1,(anonymous_3)
DA:5,1
DA:13,1
DA:14,17
DA:15,9
DA:16,9
DA:18,9
DA:19,2
DA:22,7
DA:24,1
DA:26,1
DA:30,17
DA:31,7
DA:32,7
DA:34,7
DA:35,7
DA:37,1
DA:41,17
DA:42,1
DA:43,1
DA:44,1
DA:46,0
DA:50,17
LF:22
LH:21
BRDA:18,0,0,2
BRDA:18,0,1,7
BRDA:32,1,0,2
BRDA:32,1,1,5
BRF:4
BRH:4
end_of_record
TN:
SF:src\pages\Account.tsx
FN:26,(anonymous_0)
FN:39,(anonymous_1)
FN:53,(anonymous_2)
FN:59,(anonymous_3)
FN:71,(anonymous_4)
FN:89,(anonymous_5)
FN:123,(anonymous_6)
FN:136,(anonymous_7)
FN:143,(anonymous_8)
FN:160,(anonymous_9)
FN:166,(anonymous_10)
FN:178,(anonymous_11)
FN:184,(anonymous_12)
FNF:13
FNH:12
FNDA:27,(anonymous_0)
FNDA:13,(anonymous_1)
FNDA:11,(anonymous_2)
FNDA:2,(anonymous_3)
FNDA:2,(anonymous_4)
FNDA:22,(anonymous_5)
FNDA:2,(anonymous_6)
FNDA:1,(anonymous_7)
FNDA:11,(anonymous_8)
FNDA:2,(anonymous_9)
FNDA:3,(anonymous_10)
FNDA:0,(anonymous_11)
FNDA:2,(anonymous_12)
DA:1,4
DA:4,4
DA:6,4
DA:7,4
DA:8,4
DA:26,4
DA:27,27
DA:28,27
DA:29,27
DA:30,27
DA:35,27
DA:39,27
DA:40,13
DA:41,13
DA:43,13
DA:45,13
DA:47,13
DA:49,0
DA:53,27
DA:54,11
DA:55,11
DA:59,27
DA:60,2
DA:61,2
DA:62,2
DA:63,2
DA:65,0
DA:71,27
DA:72,2
DA:77,2
DA:79,2
DA:81,2
DA:82,2
DA:83,2
DA:84,2
DA:85,2
DA:86,2
DA:89,27
DA:90,22
DA:99,27
DA:123,2
DA:136,1
DA:144,11
DA:160,2
DA:166,3
DA:178,0
DA:184,2
DA:219,4
LF:48
LH:45
BRDA:54,0,0,11
BRDA:54,0,1,0
BRDA:110,1,0,27
BRDA:110,1,1,0
BRDA:112,2,0,27
BRDA:112,2,1,0
BRDA:129,3,0,17
BRDA:129,3,1,10
BRDA:150,4,0,11
BRDA:150,4,1,0
BRDA:151,5,0,11
BRDA:151,5,1,6
BRDA:154,6,0,11
BRDA:154,6,1,3
BRDA:172,7,0,11
BRDA:172,7,1,3
BRF:16
BRH:12
end_of_record
TN:
SF:src\pages\Admin.tsx
FN:25,(anonymous_0)
FN:36,(anonymous_1)
FN:47,(anonymous_2)
FN:55,(anonymous_3)
FN:56,(anonymous_4)
FN:78,(anonymous_5)
FN:83,(anonymous_6)
FN:92,(anonymous_7)
FN:110,(anonymous_8)
FN:146,(anonymous_9)
FN:152,(anonymous_10)
FN:158,(anonymous_11)
FN:189,(anonymous_12)
FN:229,(anonymous_13)
FN:239,(anonymous_14)
FNF:15
FNH:13
FNDA:26,(anonymous_0)
FNDA:10,(anonymous_1)
FNDA:10,(anonymous_2)
FNDA:5,(anonymous_3)
FNDA:4,(anonymous_4)
FNDA:1,(anonymous_5)
FNDA:1,(anonymous_6)
FNDA:1,(anonymous_7)
FNDA:0,(anonymous_8)
FNDA:0,(anonymous_9)
FNDA:3,(anonymous_10)
FNDA:2,(anonymous_11)
FNDA:4,(anonymous_12)
FNDA:3,(anonymous_13)
FNDA:1,(anonymous_14)
DA:1,3
DA:4,3
DA:6,3
DA:7,3
DA:25,3
DA:26,26
DA:27,26
DA:28,26
DA:33,26
DA:34,26
DA:36,26
DA:38,10
DA:39,2
DA:41,2
DA:44,8
DA:47,26
DA:48,10
DA:50,10
DA:51,10
DA:52,10
DA:53,10
DA:55,10
DA:56,5
DA:57,4
DA:62,4
DA:63,4
DA:67,10
DA:68,10
DA:74,0
DA:78,26
DA:79,1
DA:80,1
DA:82,1
DA:83,1
DA:84,1
DA:85,1
DA:88,0
DA:92,26
DA:93,1
DA:94,1
DA:95,1
DA:99,26
DA:111,0
DA:112,0
DA:146,0
DA:152,3
DA:158,2
DA:190,4
DA:230,3
DA:239,1
DA:304,3
LF:51
LH:46
BRDA:38,0,0,2
BRDA:38,0,1,8
BRDA:50,1,0,10
BRDA:50,1,1,6
BRDA:63,2,0,4
BRDA:63,2,1,0
BRDA:80,3,0,1
BRDA:80,3,1,0
BRDA:82,4,0,1
BRDA:82,4,1,0
BRDA:93,5,0,1
BRDA:93,5,1,0
BRDA:145,6,0,19
BRDA:145,6,1,7
BRDA:151,7,0,4
BRDA:151,7,1,22
BRDA:157,8,0,3
BRDA:157,8,1,23
BRDA:165,9,0,26
BRDA:165,9,1,19
BRDA:196,10,0,4
BRDA:196,10,1,0
BRDA:207,11,0,26
BRDA:207,11,1,4
BRDA:211,12,0,2
BRDA:211,12,1,2
BRDA:233,13,0,3
BRDA:233,13,1,0
BRDA:234,14,0,3
BRDA:234,14,1,2
BRDA:255,15,0,26
BRDA:255,15,1,3
BRF:32
BRH:26
end_of_record
TN:
SF:src\pages\Dashboar.tsx
FN:17,(anonymous_0)
FN:55,(anonymous_1)
FN:74,(anonymous_2)
FNF:3
FNH:3
FNDA:6,(anonymous_0)
FNDA:1,(anonymous_1)
FNDA:24,(anonymous_2)
DA:1,3
DA:3,3
DA:5,3
DA:6,3
DA:17,3
DA:18,6
DA:20,6
DA:55,6
DA:56,1
DA:57,1
DA:58,1
DA:64,6
DA:75,24
DA:111,3
LF:14
LH:14
BRDA:56,0,0,1
BRDA:56,0,1,0
BRDA:84,1,0,24
BRDA:84,1,1,18
BRDA:85,2,0,12
BRDA:85,2,1,6
BRF:6
BRH:5
end_of_record
TN:
SF:src\pages\Editor.tsx
FN:45,(anonymous_0)
FN:52,(anonymous_1)
FN:54,(anonymous_2)
FN:62,(anonymous_3)
FN:67,(anonymous_4)
FN:69,(anonymous_5)
FN:75,(anonymous_6)
FN:76,(anonymous_7)
FN:90,(anonymous_8)
FN:98,(anonymous_9)
FN:124,(anonymous_10)
FN:168,(anonymous_11)
FN:186,(anonymous_12)
FN:187,(anonymous_13)
FN:193,(anonymous_14)
FN:195,(anonymous_15)
FN:213,(anonymous_16)
FN:223,(anonymous_17)
FNF:18
FNH:17
FNDA:40,(anonymous_0)
FNDA:13,(anonymous_1)
FNDA:11,(anonymous_2)
FNDA:13,(anonymous_3)
FNDA:6,(anonymous_4)
FNDA:8,(anonymous_5)
FNDA:8,(anonymous_6)
FNDA:8,(anonymous_7)
FNDA:4,(anonymous_8)
FNDA:12,(anonymous_9)
FNDA:8,(anonymous_10)
FNDA:0,(anonymous_11)
FNDA:1,(anonymous_12)
FNDA:8,(anonymous_13)
FNDA:6,(anonymous_14)
FNDA:1,(anonymous_15)
FNDA:1,(anonymous_16)
FNDA:7,(anonymous_17)
DA:1,3
DA:3,3
DA:5,3
DA:6,3
DA:7,3
DA:45,3
DA:46,40
DA:47,40
DA:48,40
DA:49,40
DA:50,40
DA:52,40
DA:54,13
DA:55,11
DA:56,11
DA:57,11
DA:60,13
DA:62,13
DA:67,40
DA:69,6
DA:70,8
DA:75,8
DA:76,8
DA:78,6
DA:79,2
DA:87,4
DA:88,4
DA:90,4
DA:91,4
DA:93,4
DA:94,1
DA:96,3
DA:98,3
DA:99,12
DA:101,12
DA:103,0
DA:108,4
DA:109,1
DA:117,3
DA:124,40
DA:125,8
DA:127,8
DA:128,2
DA:129,2
DA:131,2
DA:135,6
DA:137,6
DA:138,2
DA:139,2
DA:141,2
DA:144,4
DA:145,1
DA:146,1
DA:148,1
DA:152,3
DA:154,3
DA:155,1
DA:156,1
DA:158,1
DA:161,2
DA:162,2
DA:166,2
DA:167,2
DA:168,2
DA:169,0
DA:170,0
DA:171,0
DA:175,0
DA:176,0
DA:177,0
DA:181,40
DA:186,1
DA:187,8
DA:193,6
DA:196,1
DA:197,1
DA:198,1
DA:200,1
DA:214,1
DA:215,1
DA:216,1
DA:224,7
DA:225,7
DA:227,7
DA:240,3
LF:85
LH:78
BRDA:70,0,0,8
BRDA:70,0,1,8
BRDA:70,0,2,8
BRDA:78,1,0,2
BRDA:78,1,1,4
BRDA:93,2,0,1
BRDA:93,2,1,3
BRDA:98,3,0,0
BRDA:98,3,1,3
BRDA:101,4,0,12
BRDA:101,4,1,12
BRDA:108,5,0,1
BRDA:108,5,1,3
BRDA:127,6,0,2
BRDA:127,6,1,6
BRDA:137,7,0,2
BRDA:137,7,1,4
BRDA:144,8,0,1
BRDA:144,8,1,3
BRDA:154,9,0,1
BRDA:154,9,1,2
BRDA:185,10,0,40
BRDA:185,10,1,25
BRDA:196,11,0,1
BRDA:196,11,1,0
BRDA:197,12,0,1
BRDA:197,12,1,0
BRDA:198,13,0,1
BRDA:198,13,1,0
BRDA:204,14,0,25
BRDA:204,14,1,6
BRDA:207,15,0,25
BRDA:207,15,1,2
BRDA:207,15,2,2
BRDA:224,16,0,7
BRDA:224,16,1,0
BRDA:225,17,0,7
BRDA:225,17,1,0
BRF:38
BRH:32
end_of_record
TN:
SF:src\pages\Login.tsx
FN:14,(anonymous_0)
FN:27,(anonymous_1)
FN:34,(anonymous_2)
FN:39,(anonymous_3)
FN:97,(anonymous_4)
FN:111,(anonymous_5)
FN:147,(anonymous_6)
FN:161,(anonymous_7)
FN:175,(anonymous_8)
FN:189,(anonymous_9)
FN:225,(anonymous_10)
FN:230,(anonymous_11)
FNF:12
FNH:12
FNDA:43,(anonymous_0)
FNDA:11,(anonymous_1)
FNDA:17,(anonymous_2)
FNDA:4,(anonymous_3)
FNDA:4,(anonymous_4)
FNDA:1,(anonymous_5)
FNDA:5,(anonymous_6)
FNDA:2,(anonymous_7)
FNDA:5,(anonymous_8)
FNDA:2,(anonymous_9)
FNDA:129,(anonymous_10)
FNDA:1,(anonymous_11)
DA:1,3
DA:3,3
DA:5,3
DA:6,3
DA:14,3
DA:15,43
DA:16,43
DA:17,43
DA:18,43
DA:19,43
DA:20,43
DA:21,43
DA:23,43
DA:24,43
DA:27,43
DA:28,11
DA:29,2
DA:34,43
DA:35,17
DA:36,17
DA:39,43
DA:40,4
DA:41,4
DA:42,4
DA:43,4
DA:46,4
DA:48,0
DA:49,0
DA:51,0
DA:53,0
DA:55,0
DA:59,4
DA:60,1
DA:61,1
DA:63,1
DA:66,3
DA:67,1
DA:68,1
DA:69,1
DA:71,1
DA:75,2
DA:78,2
DA:79,0
DA:81,2
DA:84,2
DA:88,1
DA:91,0
DA:93,2
DA:97,43
DA:98,4
DA:99,4
DA:100,4
DA:101,4
DA:105,43
DA:111,43
DA:112,1
DA:113,1
DA:114,1
DA:117,43
DA:147,5
DA:161,2
DA:175,5
DA:189,2
DA:226,129
DA:230,1
DA:247,3
LF:66
LH:59
BRDA:28,0,0,2
BRDA:28,0,1,9
BRDA:46,1,0,0
BRDA:46,1,1,4
BRDA:46,2,0,4
BRDA:46,2,1,4
BRDA:48,3,0,0
BRDA:48,3,1,0
BRDA:48,4,0,0
BRDA:48,4,1,0
BRDA:48,4,2,0
BRDA:59,5,0,1
BRDA:59,5,1,3
BRDA:59,6,0,4
BRDA:59,6,1,2
BRDA:66,7,0,1
BRDA:66,7,1,2
BRDA:67,8,0,1
BRDA:67,8,1,0
BRDA:78,9,0,0
BRDA:78,9,1,2
BRDA:84,10,0,1
BRDA:84,10,1,1
BRDA:88,11,0,1
BRDA:88,11,1,0
BRDA:130,12,0,20
BRDA:130,12,1,23
BRDA:134,13,0,43
BRDA:134,13,1,42
BRDA:134,13,2,3
BRDA:136,14,0,3
BRDA:136,14,1,2
BRDA:154,15,0,43
BRDA:154,15,1,20
BRDA:182,16,0,43
BRDA:182,16,1,20
BRDA:202,17,0,0
BRDA:202,17,1,43
BRDA:205,18,0,0
BRDA:205,18,1,0
BRDA:208,19,0,20
BRDA:208,19,1,23
BRDA:215,20,0,20
BRDA:215,20,1,23
BRDA:217,21,0,20
BRDA:217,21,1,23
BRF:46
BRH:34
end_of_record
TN:
SF:src\utils\connectionLogic.ts
FN:2,(anonymous_0)
FN:3,(anonymous_1)
FN:4,(anonymous_2)
FN:5,(anonymous_3)
FN:6,(anonymous_4)
FN:7,(anonymous_5)
FN:8,(anonymous_6)
FN:9,(anonymous_7)
FNF:8
FNH:8
FNDA:1,(anonymous_0)
FNDA:3,(anonymous_1)
FNDA:2,(anonymous_2)
FNDA:4,(anonymous_3)
FNDA:1,(anonymous_4)
FNDA:1,(anonymous_5)
FNDA:1,(anonymous_6)
FNDA:2,(anonymous_7)
DA:1,1
DA:2,2
DA:3,4
DA:4,3
DA:5,5
DA:6,2
DA:7,2
DA:8,2
DA:9,3
LF:9
LH:9
BRF:0
BRH:0
end_of_record
TN:
SF:src\utils\projectService.ts
FN:33,(anonymous_0)
FN:46,(anonymous_1)
FN:65,(anonymous_2)
FN:100,(anonymous_3)
FN:104,(anonymous_4)
FN:113,(anonymous_5)
FN:118,(anonymous_6)
FN:135,(anonymous_7)
FN:140,(anonymous_8)
FN:168,(anonymous_9)
FN:174,(anonymous_10)
FNF:11
FNH:11
FNDA:34,(anonymous_0)
FNDA:23,(anonymous_1)
FNDA:4,(anonymous_2)
FNDA:2,(anonymous_3)
FNDA:1,(anonymous_4)
FNDA:4,(anonymous_5)
FNDA:2,(anonymous_6)
FNDA:3,(anonymous_7)
FNDA:1,(anonymous_8)
FNDA:14,(anonymous_9)
FNDA:8,(anonymous_10)
DA:4,7
DA:31,7
DA:34,34
DA:35,34
DA:37,32
DA:39,2
DA:41,2
DA:47,23
DA:48,23
DA:50,23
DA:51,19
DA:54,23
DA:65,23
DA:67,23
DA:69,1
DA:71,1
DA:78,1
DA:80,1
DA:83,1
DA:86,22
DA:88,22
DA:91,21
DA:94,1
DA:95,1
DA:101,2
DA:102,2
DA:104,2
DA:106,0
DA:108,0
DA:114,4
DA:115,4
DA:117,4
DA:118,2
DA:119,2
DA:121,2
DA:125,2
DA:127,1
DA:129,1
DA:130,1
DA:136,3
DA:137,3
DA:139,3
DA:140,1
DA:142,1
DA:143,1
DA:149,1
DA:152,1
DA:158,2
DA:160,1
DA:162,1
DA:163,1
DA:169,14
DA:170,14
DA:171,14
DA:172,14
DA:174,14
DA:175,8
DA:176,8
DA:179,14
DA:185,0
DA:187,0
DA:196,7
LF:62
LH:58
BRDA:35,0,0,34
BRDA:35,0,1,13
BRDA:37,1,0,32
BRDA:37,1,1,13
BRDA:48,2,0,23
BRDA:48,2,1,18
BRDA:50,3,0,19
BRDA:50,3,1,4
BRDA:67,4,0,1
BRDA:67,4,1,22
BRDA:104,5,0,2
BRDA:104,5,1,1
BRDA:115,6,0,4
BRDA:115,6,1,2
BRDA:117,7,0,2
BRDA:117,7,1,2
BRDA:137,8,0,3
BRDA:137,8,1,2
BRDA:139,9,0,1
BRDA:139,9,1,2
BRDA:142,10,0,1
BRDA:142,10,1,0
BRDA:175,11,0,8
BRDA:175,11,1,0
BRDA:176,12,0,8
BRDA:176,12,1,4
BRF:26
BRH:24
end_of_record
TN:
SF:src\utils\validation.ts
FN:10,(anonymous_0)
FN:24,(anonymous_1)
FN:40,(anonymous_2)
FN:52,(anonymous_3)
FN:76,(anonymous_4)
FN:97,(anonymous_5)
FN:111,(anonymous_6)
FN:123,(anonymous_7)
FN:140,(anonymous_8)
FN:158,(anonymous_9)
FN:176,(anonymous_10)
FNF:11
FNH:11
FNDA:7,(anonymous_0)
FNDA:6,(anonymous_1)
FNDA:4,(anonymous_2)
FNDA:11,(anonymous_3)
FNDA:9,(anonymous_4)
FNDA:20,(anonymous_5)
FNDA:5,(anonymous_6)
FNDA:5,(anonymous_7)
FNDA:4,(anonymous_8)
FNDA:2,(anonymous_9)
FNDA:2,(anonymous_10)
DA:10,1
DA:11,7
DA:13,7
DA:14,2
DA:17,5
DA:18,3
DA:21,2
DA:24,1
DA:25,6
DA:26,2
DA:29,4
DA:30,1
DA:33,3
DA:34,1
DA:37,2
DA:40,1
DA:41,4
DA:42,1
DA:45,3
DA:46,1
DA:49,2
DA:52,1
DA:53,11
DA:55,11
DA:56,2
DA:59,9
DA:60,4
DA:63,5
DA:65,5
DA:66,15
DA:68,15
DA:69,2
DA:73,3
DA:76,1
DA:77,9
DA:79,9
DA:80,2
DA:83,7
DA:84,2
DA:87,5
DA:89,5
DA:90,20
DA:92,20
DA:93,0
DA:97,20
DA:98,5
DA:100,5
DA:101,5
DA:103,5
DA:104,2
DA:108,3
DA:111,1
DA:112,5
DA:113,2
DA:116,3
DA:117,1
DA:120,2
DA:123,1
DA:124,5
DA:125,2
DA:128,3
DA:129,1
DA:132,2
DA:140,1
DA:141,4
DA:143,4
DA:144,1
DA:147,3
DA:149,3
DA:150,1
DA:153,3
DA:154,1
DA:157,3
DA:158,2
DA:159,2
DA:161,2
DA:162,0
DA:165,2
DA:166,1
DA:169,2
DA:170,1
DA:175,3
DA:176,2
DA:177,2
DA:179,2
DA:180,0
DA:183,2
DA:184,1
DA:187,2
DA:188,1
DA:193,3
LF:91
LH:88
BRDA:13,0,0,2
BRDA:13,0,1,5
BRDA:17,1,0,3
BRDA:17,1,1,2
BRDA:25,2,0,2
BRDA:25,2,1,4
BRDA:29,3,0,1
BRDA:29,3,1,3
BRDA:33,4,0,1
BRDA:33,4,1,2
BRDA:41,5,0,1
BRDA:41,5,1,3
BRDA:45,6,0,1
BRDA:45,6,1,2
BRDA:55,7,0,2
BRDA:55,7,1,9
BRDA:59,8,0,4
BRDA:59,8,1,5
BRDA:68,9,0,2
BRDA:68,9,1,13
BRDA:68,10,0,15
BRDA:68,10,1,15
BRDA:79,11,0,2
BRDA:79,11,1,7
BRDA:83,12,0,2
BRDA:83,12,1,5
BRDA:92,13,0,0
BRDA:92,13,1,20
BRDA:92,14,0,20
BRDA:92,14,1,20
BRDA:100,15,0,5
BRDA:100,15,1,0
BRDA:103,16,0,2
BRDA:103,16,1,3
BRDA:112,17,0,2
BRDA:112,17,1,3
BRDA:116,18,0,1
BRDA:116,18,1,2
BRDA:124,19,0,2
BRDA:124,19,1,3
BRDA:128,20,0,1
BRDA:128,20,1,2
BRDA:143,21,0,1
BRDA:143,21,1,3
BRDA:143,22,0,4
BRDA:143,22,1,3
BRDA:149,23,0,1
BRDA:149,23,1,2
BRDA:153,24,0,1
BRDA:153,24,1,2
BRDA:157,25,0,2
BRDA:157,25,1,1
BRDA:161,26,0,0
BRDA:161,26,1,2
BRDA:165,27,0,1
BRDA:165,27,1,1
BRDA:165,28,0,2
BRDA:165,28,1,1
BRDA:166,29,0,1
BRDA:166,29,1,0
BRDA:169,30,0,1
BRDA:169,30,1,1
BRDA:169,31,0,2
BRDA:169,31,1,1
BRDA:170,32,0,1
BRDA:170,32,1,0
BRDA:175,33,0,2
BRDA:175,33,1,1
BRDA:179,34,0,0
BRDA:179,34,1,2
BRDA:183,35,0,1
BRDA:183,35,1,1
BRDA:184,36,0,1
BRDA:184,36,1,0
BRDA:187,37,0,1
BRDA:187,37,1,1
BRDA:188,38,0,1
BRDA:188,38,1,0
BRF:78
BRH:70
end_of_record
